{"/Users/admin/tc/tolu/app/src/App.vue": {"path":"/Users/admin/tc/tolu/app/src/App.vue","statementMap":{"0":{"start":{"line":9,"column":0},"end":{"line":9,"column":null}},"1":{"start":{"line":7,"column":0},"end":{"line":17,"column":null}},"2":{"start":{"line":17,"column":0},"end":{"line":17,"column":null}}},"fnMap":{},"branchMap":{},"s":{"0":1,"1":1,"2":1},"f":{},"b":{}}
,"/Users/admin/tc/tolu/app/src/auth/auth.vue": {"path":"/Users/admin/tc/tolu/app/src/auth/auth.vue","statementMap":{"0":{"start":{"line":1,"column":0},"end":{"line":11,"column":null}},"1":{"start":{"line":11,"column":0},"end":{"line":11,"column":null}}},"fnMap":{},"branchMap":{},"s":{"0":1,"1":1},"f":{},"b":{}}
,"/Users/admin/tc/tolu/app/src/components/ChartGallery.vue": {"path":"/Users/admin/tc/tolu/app/src/components/ChartGallery.vue","statementMap":{"0":{"start":{"line":141,"column":0},"end":{"line":141,"column":null}},"1":{"start":{"line":142,"column":0},"end":{"line":142,"column":null}},"2":{"start":{"line":143,"column":0},"end":{"line":143,"column":null}},"3":{"start":{"line":144,"column":0},"end":{"line":144,"column":null}},"4":{"start":{"line":145,"column":0},"end":{"line":145,"column":null}},"5":{"start":{"line":146,"column":0},"end":{"line":146,"column":null}},"6":{"start":{"line":147,"column":0},"end":{"line":147,"column":null}},"7":{"start":{"line":148,"column":0},"end":{"line":148,"column":null}},"8":{"start":{"line":139,"column":0},"end":{"line":336,"column":null}},"9":{"start":{"line":336,"column":0},"end":{"line":336,"column":null}}},"fnMap":{},"branchMap":{},"s":{"0":1,"1":1,"2":1,"3":1,"4":1,"5":1,"6":1,"7":1,"8":1,"9":1},"f":{},"b":{}}
,"/Users/admin/tc/tolu/app/src/components/Dialog.vue": {"path":"/Users/admin/tc/tolu/app/src/components/Dialog.vue","statementMap":{"0":{"start":{"line":32,"column":0},"end":{"line":32,"column":null}},"1":{"start":{"line":30,"column":0},"end":{"line":63,"column":null}},"2":{"start":{"line":63,"column":0},"end":{"line":63,"column":null}}},"fnMap":{},"branchMap":{},"s":{"0":19,"1":19,"2":19},"f":{},"b":{}}
,"/Users/admin/tc/tolu/app/src/components/Drawer.vue": {"path":"/Users/admin/tc/tolu/app/src/components/Drawer.vue","statementMap":{"0":{"start":{"line":236,"column":0},"end":{"line":236,"column":null}},"1":{"start":{"line":234,"column":0},"end":{"line":251,"column":null}},"2":{"start":{"line":251,"column":0},"end":{"line":251,"column":null}}},"fnMap":{},"branchMap":{},"s":{"0":103,"1":103,"2":103},"f":{},"b":{}}
,"/Users/admin/tc/tolu/app/src/components/HelloWorld.vue": {"path":"/Users/admin/tc/tolu/app/src/components/HelloWorld.vue","statementMap":{"0":{"start":{"line":36,"column":0},"end":{"line":51,"column":null}},"1":{"start":{"line":51,"column":0},"end":{"line":51,"column":null}}},"fnMap":{},"branchMap":{},"s":{"0":1,"1":1},"f":{},"b":{}}
,"/Users/admin/tc/tolu/app/src/components/Snackbar.vue": {"path":"/Users/admin/tc/tolu/app/src/components/Snackbar.vue","statementMap":{"0":{"start":{"line":24,"column":0},"end":{"line":24,"column":null}},"1":{"start":{"line":22,"column":0},"end":{"line":70,"column":null}},"2":{"start":{"line":70,"column":0},"end":{"line":70,"column":null}}},"fnMap":{},"branchMap":{},"s":{"0":2,"1":2,"2":2},"f":{},"b":{}}
,"/Users/admin/tc/tolu/app/src/components/Spinner.vue": {"path":"/Users/admin/tc/tolu/app/src/components/Spinner.vue","statementMap":{"0":{"start":{"line":10,"column":0},"end":{"line":66,"column":null}},"1":{"start":{"line":66,"column":0},"end":{"line":66,"column":null}}},"fnMap":{},"branchMap":{},"s":{"0":36,"1":36},"f":{},"b":{}}
,"/Users/admin/tc/tolu/app/src/components/TextEditor.vue": {"path":"/Users/admin/tc/tolu/app/src/components/TextEditor.vue","statementMap":{"0":{"start":{"line":17,"column":0},"end":{"line":62,"column":null}},"1":{"start":{"line":62,"column":0},"end":{"line":62,"column":null}}},"fnMap":{},"branchMap":{},"s":{"0":2,"1":2},"f":{},"b":{}}
,"/Users/admin/tc/tolu/app/src/components/XmlSearchUtil.vue": {"path":"/Users/admin/tc/tolu/app/src/components/XmlSearchUtil.vue","statementMap":{"0":{"start":{"line":51,"column":0},"end":{"line":51,"column":null}},"1":{"start":{"line":49,"column":0},"end":{"line":95,"column":null}},"2":{"start":{"line":95,"column":0},"end":{"line":95,"column":null}}},"fnMap":{},"branchMap":{},"s":{"0":4,"1":4,"2":4},"f":{},"b":{}}
,"/Users/admin/tc/tolu/app/src/components/accordion.vue": {"path":"/Users/admin/tc/tolu/app/src/components/accordion.vue","statementMap":{"0":{"start":{"line":28,"column":0},"end":{"line":28,"column":null}},"1":{"start":{"line":26,"column":0},"end":{"line":60,"column":null}},"2":{"start":{"line":60,"column":0},"end":{"line":60,"column":null}}},"fnMap":{},"branchMap":{},"s":{"0":5,"1":5,"2":5},"f":{},"b":{}}
,"/Users/admin/tc/tolu/app/src/components/curate/CurateNavBar.vue": {"path":"/Users/admin/tc/tolu/app/src/components/curate/CurateNavBar.vue","statementMap":{"0":{"start":{"line":28,"column":0},"end":{"line":49,"column":null}},"1":{"start":{"line":49,"column":0},"end":{"line":49,"column":null}}},"fnMap":{},"branchMap":{},"s":{"0":9,"1":9},"f":{},"b":{}}
,"/Users/admin/tc/tolu/app/src/components/curate/FileDrop.vue": {"path":"/Users/admin/tc/tolu/app/src/components/curate/FileDrop.vue","statementMap":{"0":{"start":{"line":8,"column":0},"end":{"line":8,"column":null}},"1":{"start":{"line":8,"column":0},"end":{"line":47,"column":null}},"2":{"start":{"line":47,"column":0},"end":{"line":47,"column":null}}},"fnMap":{},"branchMap":{},"s":{"0":4,"1":4,"2":4},"f":{},"b":{}}
,"/Users/admin/tc/tolu/app/src/components/curate/FilePreview.vue": {"path":"/Users/admin/tc/tolu/app/src/components/curate/FilePreview.vue","statementMap":{"0":{"start":{"line":17,"column":0},"end":{"line":50,"column":null}},"1":{"start":{"line":50,"column":0},"end":{"line":50,"column":null}}},"fnMap":{},"branchMap":{},"s":{"0":4,"1":4},"f":{},"b":{}}
,"/Users/admin/tc/tolu/app/src/components/explorer/Comment.vue": {"path":"/Users/admin/tc/tolu/app/src/components/explorer/Comment.vue","statementMap":{"0":{"start":{"line":39,"column":0},"end":{"line":39,"column":null}},"1":{"start":{"line":40,"column":0},"end":{"line":40,"column":null}},"2":{"start":{"line":41,"column":0},"end":{"line":41,"column":null}},"3":{"start":{"line":37,"column":0},"end":{"line":152,"column":null}},"4":{"start":{"line":152,"column":0},"end":{"line":152,"column":null}}},"fnMap":{},"branchMap":{},"s":{"0":0,"1":0,"2":0,"3":0,"4":0},"f":{},"b":{}}
,"/Users/admin/tc/tolu/app/src/components/explorer/DataVoyager.vue": {"path":"/Users/admin/tc/tolu/app/src/components/explorer/DataVoyager.vue","statementMap":{"0":{"start":{"line":8,"column":0},"end":{"line":8,"column":null}},"1":{"start":{"line":10,"column":0},"end":{"line":14,"column":null}},"2":{"start":{"line":14,"column":0},"end":{"line":52,"column":null}},"3":{"start":{"line":52,"column":0},"end":{"line":52,"column":null}}},"fnMap":{},"branchMap":{},"s":{"0":1,"1":1,"2":1,"3":1},"f":{},"b":{}}
,"/Users/admin/tc/tolu/app/src/components/explorer/Facet.vue": {"path":"/Users/admin/tc/tolu/app/src/components/explorer/Facet.vue","statementMap":{"0":{"start":{"line":30,"column":0},"end":{"line":30,"column":null}},"1":{"start":{"line":28,"column":0},"end":{"line":66,"column":null}},"2":{"start":{"line":66,"column":0},"end":{"line":66,"column":null}}},"fnMap":{},"branchMap":{},"s":{"0":0,"1":0,"2":0},"f":{},"b":{}}
,"/Users/admin/tc/tolu/app/src/components/explorer/Header.vue": {"path":"/Users/admin/tc/tolu/app/src/components/explorer/Header.vue","statementMap":{"0":{"start":{"line":70,"column":0},"end":{"line":70,"column":null}},"1":{"start":{"line":71,"column":0},"end":{"line":71,"column":null}},"2":{"start":{"line":68,"column":0},"end":{"line":112,"column":null}},"3":{"start":{"line":112,"column":0},"end":{"line":112,"column":null}}},"fnMap":{},"branchMap":{},"s":{"0":103,"1":103,"2":103,"3":103},"f":{},"b":{}}
,"/Users/admin/tc/tolu/app/src/components/explorer/InputComponent.vue": {"path":"/Users/admin/tc/tolu/app/src/components/explorer/InputComponent.vue","statementMap":{"0":{"start":{"line":162,"column":0},"end":{"line":162,"column":null}},"1":{"start":{"line":160,"column":0},"end":{"line":389,"column":null}},"2":{"start":{"line":389,"column":0},"end":{"line":389,"column":null}}},"fnMap":{},"branchMap":{},"s":{"0":3,"1":3,"2":3},"f":{},"b":{}}
,"/Users/admin/tc/tolu/app/src/components/explorer/MultipleInputComponent.vue": {"path":"/Users/admin/tc/tolu/app/src/components/explorer/MultipleInputComponent.vue","statementMap":{"0":{"start":{"line":196,"column":0},"end":{"line":196,"column":null}},"1":{"start":{"line":194,"column":0},"end":{"line":376,"column":null}},"2":{"start":{"line":376,"column":0},"end":{"line":376,"column":null}}},"fnMap":{},"branchMap":{},"s":{"0":2,"1":2,"2":2},"f":{},"b":{}}
,"/Users/admin/tc/tolu/app/src/components/explorer/Pagination.vue": {"path":"/Users/admin/tc/tolu/app/src/components/explorer/Pagination.vue","statementMap":{"0":{"start":{"line":25,"column":0},"end":{"line":132,"column":null}},"1":{"start":{"line":132,"column":0},"end":{"line":132,"column":null}}},"fnMap":{},"branchMap":{},"s":{"0":13,"1":13},"f":{},"b":{}}
,"/Users/admin/tc/tolu/app/src/components/explorer/PlotlyView.vue": {"path":"/Users/admin/tc/tolu/app/src/components/explorer/PlotlyView.vue","statementMap":{"0":{"start":{"line":5,"column":0},"end":{"line":5,"column":null}},"1":{"start":{"line":3,"column":0},"end":{"line":72,"column":null}},"2":{"start":{"line":72,"column":0},"end":{"line":72,"column":null}}},"fnMap":{},"branchMap":{},"s":{"0":1,"1":1,"2":1},"f":{},"b":{}}
,"/Users/admin/tc/tolu/app/src/components/explorer/SearchHeader.vue": {"path":"/Users/admin/tc/tolu/app/src/components/explorer/SearchHeader.vue","statementMap":{"0":{"start":{"line":70,"column":0},"end":{"line":70,"column":null}},"1":{"start":{"line":71,"column":0},"end":{"line":71,"column":null}},"2":{"start":{"line":68,"column":0},"end":{"line":90,"column":null}},"3":{"start":{"line":90,"column":0},"end":{"line":90,"column":null}}},"fnMap":{},"branchMap":{},"s":{"0":4,"1":4,"2":4,"3":4},"f":{},"b":{}}
,"/Users/admin/tc/tolu/app/src/components/explorer/SearchResultsTable.vue": {"path":"/Users/admin/tc/tolu/app/src/components/explorer/SearchResultsTable.vue","statementMap":{"0":{"start":{"line":222,"column":0},"end":{"line":222,"column":null}},"1":{"start":{"line":223,"column":0},"end":{"line":223,"column":null}},"2":{"start":{"line":224,"column":0},"end":{"line":224,"column":null}},"3":{"start":{"line":220,"column":0},"end":{"line":271,"column":null}},"4":{"start":{"line":271,"column":0},"end":{"line":271,"column":null}}},"fnMap":{},"branchMap":{},"s":{"0":4,"1":4,"2":4,"3":4,"4":4},"f":{},"b":{}}
,"/Users/admin/tc/tolu/app/src/components/explorer/TableComponent.vue": {"path":"/Users/admin/tc/tolu/app/src/components/explorer/TableComponent.vue","statementMap":{"0":{"start":{"line":32,"column":0},"end":{"line":32,"column":null}},"1":{"start":{"line":30,"column":0},"end":{"line":104,"column":null}},"2":{"start":{"line":104,"column":0},"end":{"line":104,"column":null}}},"fnMap":{},"branchMap":{},"s":{"0":2,"1":2,"2":2},"f":{},"b":{}}
,"/Users/admin/tc/tolu/app/src/components/explorer/VegaLiteWrapper.vue": {"path":"/Users/admin/tc/tolu/app/src/components/explorer/VegaLiteWrapper.vue","statementMap":{"0":{"start":{"line":13,"column":0},"end":{"line":13,"column":null}},"1":{"start":{"line":14,"column":0},"end":{"line":14,"column":null}},"2":{"start":{"line":15,"column":0},"end":{"line":15,"column":null}},"3":{"start":{"line":16,"column":0},"end":{"line":16,"column":null}},"4":{"start":{"line":17,"column":0},"end":{"line":17,"column":null}},"5":{"start":{"line":19,"column":0},"end":{"line":19,"column":null}},"6":{"start":{"line":21,"column":0},"end":{"line":21,"column":null}},"7":{"start":{"line":23,"column":0},"end":{"line":32,"column":null}},"8":{"start":{"line":34,"column":0},"end":{"line":34,"column":null}},"9":{"start":{"line":36,"column":0},"end":{"line":41,"column":null}},"10":{"start":{"line":41,"column":0},"end":{"line":172,"column":null}},"11":{"start":{"line":172,"column":0},"end":{"line":172,"column":null}}},"fnMap":{},"branchMap":{},"s":{"0":0,"1":0,"2":0,"3":0,"4":0,"5":0,"6":0,"7":0,"8":0,"9":0,"10":0,"11":0},"f":{},"b":{}}
,"/Users/admin/tc/tolu/app/src/components/explorer/XmlView.vue": {"path":"/Users/admin/tc/tolu/app/src/components/explorer/XmlView.vue","statementMap":{"0":{"start":{"line":12,"column":0},"end":{"line":12,"column":null}},"1":{"start":{"line":13,"column":0},"end":{"line":13,"column":null}},"2":{"start":{"line":14,"column":0},"end":{"line":14,"column":null}},"3":{"start":{"line":15,"column":0},"end":{"line":15,"column":null}},"4":{"start":{"line":10,"column":0},"end":{"line":27,"column":null}},"5":{"start":{"line":27,"column":0},"end":{"line":27,"column":null}}},"fnMap":{},"branchMap":{},"s":{"0":1,"1":1,"2":1,"3":1,"4":1,"5":1},"f":{},"b":{}}
,"/Users/admin/tc/tolu/app/src/components/explorer/yasgui.vue": {"path":"/Users/admin/tc/tolu/app/src/components/explorer/yasgui.vue","statementMap":{"0":{"start":{"line":6,"column":0},"end":{"line":6,"column":null}},"1":{"start":{"line":4,"column":0},"end":{"line":29,"column":null}},"2":{"start":{"line":29,"column":0},"end":{"line":29,"column":null}}},"fnMap":{},"branchMap":{},"s":{"0":2,"1":2,"2":2},"f":{},"b":{}}
,"/Users/admin/tc/tolu/app/src/components/explorer/yasqe.vue": {"path":"/Users/admin/tc/tolu/app/src/components/explorer/yasqe.vue","statementMap":{"0":{"start":{"line":6,"column":0},"end":{"line":6,"column":null}},"1":{"start":{"line":4,"column":0},"end":{"line":69,"column":null}},"2":{"start":{"line":69,"column":0},"end":{"line":69,"column":null}}},"fnMap":{},"branchMap":{},"s":{"0":2,"1":2,"2":2},"f":{},"b":{}}
,"/Users/admin/tc/tolu/app/src/components/explorer/yasr.vue": {"path":"/Users/admin/tc/tolu/app/src/components/explorer/yasr.vue","statementMap":{"0":{"start":{"line":6,"column":0},"end":{"line":6,"column":null}},"1":{"start":{"line":4,"column":0},"end":{"line":44,"column":null}},"2":{"start":{"line":44,"column":0},"end":{"line":44,"column":null}}},"fnMap":{},"branchMap":{},"s":{"0":2,"1":2,"2":2},"f":{},"b":{}}
,"/Users/admin/tc/tolu/app/src/components/explorer/dynamfit/ChartVisualizer.vue": {"path":"/Users/admin/tc/tolu/app/src/components/explorer/dynamfit/ChartVisualizer.vue","statementMap":{"0":{"start":{"line":54,"column":0},"end":{"line":54,"column":null}},"1":{"start":{"line":55,"column":0},"end":{"line":55,"column":null}},"2":{"start":{"line":56,"column":0},"end":{"line":56,"column":null}},"3":{"start":{"line":58,"column":0},"end":{"line":58,"column":null}},"4":{"start":{"line":52,"column":0},"end":{"line":94,"column":null}},"5":{"start":{"line":94,"column":0},"end":{"line":94,"column":null}}},"fnMap":{},"branchMap":{},"s":{"0":1,"1":1,"2":1,"3":1,"4":1,"5":1},"f":{},"b":{}}
,"/Users/admin/tc/tolu/app/src/components/metamine/UnitCellImageGenerator.vue": {"path":"/Users/admin/tc/tolu/app/src/components/metamine/UnitCellImageGenerator.vue","statementMap":{"0":{"start":{"line":24,"column":0},"end":{"line":48,"column":null}},"1":{"start":{"line":48,"column":0},"end":{"line":48,"column":null}}},"fnMap":{},"branchMap":{},"s":{"0":0,"1":0},"f":{},"b":{}}
,"/Users/admin/tc/tolu/app/src/components/metamine/visualizationNU/DataInfo.vue": {"path":"/Users/admin/tc/tolu/app/src/components/metamine/visualizationNU/DataInfo.vue","statementMap":{"0":{"start":{"line":48,"column":0},"end":{"line":48,"column":null}},"1":{"start":{"line":46,"column":0},"end":{"line":57,"column":null}},"2":{"start":{"line":57,"column":0},"end":{"line":57,"column":null}}},"fnMap":{},"branchMap":{},"s":{"0":5,"1":5,"2":5},"f":{},"b":{}}
,"/Users/admin/tc/tolu/app/src/components/metamine/visualizationNU/DataSelector.vue": {"path":"/Users/admin/tc/tolu/app/src/components/metamine/visualizationNU/DataSelector.vue","statementMap":{"0":{"start":{"line":137,"column":0},"end":{"line":137,"column":null}},"1":{"start":{"line":138,"column":0},"end":{"line":138,"column":null}},"2":{"start":{"line":135,"column":0},"end":{"line":330,"column":null}},"3":{"start":{"line":330,"column":0},"end":{"line":330,"column":null}}},"fnMap":{},"branchMap":{},"s":{"0":5,"1":5,"2":5,"3":5},"f":{},"b":{}}
,"/Users/admin/tc/tolu/app/src/components/metamine/visualizationNU/MaterialInformation.vue": {"path":"/Users/admin/tc/tolu/app/src/components/metamine/visualizationNU/MaterialInformation.vue","statementMap":{"0":{"start":{"line":43,"column":0},"end":{"line":43,"column":null}},"1":{"start":{"line":41,"column":0},"end":{"line":52,"column":null}},"2":{"start":{"line":52,"column":0},"end":{"line":52,"column":null}}},"fnMap":{},"branchMap":{},"s":{"0":3,"1":3,"2":3},"f":{},"b":{}}
,"/Users/admin/tc/tolu/app/src/components/metamine/visualizationNU/NeighborPanel.vue": {"path":"/Users/admin/tc/tolu/app/src/components/metamine/visualizationNU/NeighborPanel.vue","statementMap":{"0":{"start":{"line":35,"column":0},"end":{"line":35,"column":null}},"1":{"start":{"line":36,"column":0},"end":{"line":36,"column":null}},"2":{"start":{"line":37,"column":0},"end":{"line":37,"column":null}},"3":{"start":{"line":39,"column":0},"end":{"line":39,"column":null}},"4":{"start":{"line":39,"column":0},"end":{"line":57,"column":null}},"5":{"start":{"line":57,"column":0},"end":{"line":57,"column":null}}},"fnMap":{},"branchMap":{},"s":{"0":3,"1":3,"2":3,"3":3,"4":3,"5":3},"f":{},"b":{}}
,"/Users/admin/tc/tolu/app/src/components/metamine/visualizationNU/ParamSelector.vue": {"path":"/Users/admin/tc/tolu/app/src/components/metamine/visualizationNU/ParamSelector.vue","statementMap":{"0":{"start":{"line":58,"column":0},"end":{"line":58,"column":null}},"1":{"start":{"line":56,"column":0},"end":{"line":98,"column":null}},"2":{"start":{"line":98,"column":0},"end":{"line":98,"column":null}}},"fnMap":{},"branchMap":{},"s":{"0":2,"1":2,"2":2},"f":{},"b":{}}
,"/Users/admin/tc/tolu/app/src/components/metamine/visualizationNU/RangeSelector.vue": {"path":"/Users/admin/tc/tolu/app/src/components/metamine/visualizationNU/RangeSelector.vue","statementMap":{"0":{"start":{"line":45,"column":0},"end":{"line":45,"column":null}},"1":{"start":{"line":46,"column":0},"end":{"line":46,"column":null}},"2":{"start":{"line":48,"column":0},"end":{"line":48,"column":null}},"3":{"start":{"line":48,"column":0},"end":{"line":143,"column":null}},"4":{"start":{"line":143,"column":0},"end":{"line":143,"column":null}}},"fnMap":{},"branchMap":{},"s":{"0":4,"1":4,"2":4,"3":4,"4":4},"f":{},"b":{}}
,"/Users/admin/tc/tolu/app/src/components/metamine/visualizationNU/SaveDataPanel.vue": {"path":"/Users/admin/tc/tolu/app/src/components/metamine/visualizationNU/SaveDataPanel.vue","statementMap":{"0":{"start":{"line":32,"column":0},"end":{"line":32,"column":null}},"1":{"start":{"line":33,"column":0},"end":{"line":33,"column":null}},"2":{"start":{"line":35,"column":0},"end":{"line":35,"column":null}},"3":{"start":{"line":35,"column":0},"end":{"line":57,"column":null}},"4":{"start":{"line":57,"column":0},"end":{"line":57,"column":null}}},"fnMap":{},"branchMap":{},"s":{"0":3,"1":3,"2":3,"3":3,"4":3},"f":{},"b":{}}
,"/Users/admin/tc/tolu/app/src/components/metamine/visualizationNU/StructureKnn.vue": {"path":"/Users/admin/tc/tolu/app/src/components/metamine/visualizationNU/StructureKnn.vue","statementMap":{"0":{"start":{"line":6,"column":0},"end":{"line":6,"column":null}},"1":{"start":{"line":8,"column":0},"end":{"line":13,"column":null}},"2":{"start":{"line":14,"column":0},"end":{"line":14,"column":null}},"3":{"start":{"line":15,"column":0},"end":{"line":15,"column":null}},"4":{"start":{"line":16,"column":0},"end":{"line":16,"column":null}},"5":{"start":{"line":16,"column":0},"end":{"line":163,"column":null}},"6":{"start":{"line":163,"column":0},"end":{"line":163,"column":null}}},"fnMap":{},"branchMap":{},"s":{"0":3,"1":3,"2":3,"3":3,"4":3,"5":3,"6":3},"f":{},"b":{}}
,"/Users/admin/tc/tolu/app/src/components/metamine/visualizationNU/VisualizationLayout.vue": {"path":"/Users/admin/tc/tolu/app/src/components/metamine/visualizationNU/VisualizationLayout.vue","statementMap":{"0":{"start":{"line":66,"column":0},"end":{"line":66,"column":null}},"1":{"start":{"line":64,"column":0},"end":{"line":115,"column":null}},"2":{"start":{"line":115,"column":0},"end":{"line":115,"column":null}}},"fnMap":{},"branchMap":{},"s":{"0":5,"1":5,"2":5},"f":{},"b":{}}
,"/Users/admin/tc/tolu/app/src/components/metamine/visualizationNU/constants.js": {"path":"/Users/admin/tc/tolu/app/src/components/metamine/visualizationNU/constants.js","statementMap":{"0":{"start":{"line":1,"column":28},"end":{"line":20,"column":1}},"1":{"start":{"line":22,"column":31},"end":{"line":24,"column":1}},"2":{"start":{"line":26,"column":31},"end":{"line":28,"column":1}},"3":{"start":{"line":30,"column":33},"end":{"line":32,"column":1}}},"fnMap":{},"branchMap":{},"s":{"0":3,"1":3,"2":3,"3":3},"f":{},"b":{},"_coverageSchema":"43e27e138ebf9cfc5966b082cf9a028302ed4184","hash":"a610f9545d37db77955a38cd504a1290708c1874"}
,"/Users/admin/tc/tolu/app/src/components/metamine/visualizationNU/histogram.vue": {"path":"/Users/admin/tc/tolu/app/src/components/metamine/visualizationNU/histogram.vue","statementMap":{"0":{"start":{"line":6,"column":0},"end":{"line":6,"column":null}},"1":{"start":{"line":7,"column":0},"end":{"line":7,"column":null}},"2":{"start":{"line":8,"column":0},"end":{"line":8,"column":null}},"3":{"start":{"line":10,"column":0},"end":{"line":10,"column":null}},"4":{"start":{"line":11,"column":0},"end":{"line":11,"column":null}},"5":{"start":{"line":12,"column":0},"end":{"line":12,"column":null}},"6":{"start":{"line":13,"column":0},"end":{"line":13,"column":null}},"7":{"start":{"line":14,"column":0},"end":{"line":14,"column":null}},"8":{"start":{"line":15,"column":0},"end":{"line":15,"column":null}},"9":{"start":{"line":16,"column":0},"end":{"line":16,"column":null}},"10":{"start":{"line":21,"column":0},"end":{"line":456,"column":null}},"11":{"start":{"line":456,"column":0},"end":{"line":456,"column":null}}},"fnMap":{"0":{"name":"expo","decl":{"start":{"line":18,"column":0},"end":{"line":18,"column":null}},"loc":{"start":{"line":18,"column":0},"end":{"line":21,"column":null}}}},"branchMap":{},"s":{"0":1,"1":1,"2":1,"3":1,"4":1,"5":1,"6":1,"7":1,"8":1,"9":1,"10":1,"11":1},"f":{"0":0},"b":{}}
,"/Users/admin/tc/tolu/app/src/components/metamine/visualizationNU/pairwise.vue": {"path":"/Users/admin/tc/tolu/app/src/components/metamine/visualizationNU/pairwise.vue","statementMap":{"0":{"start":{"line":6,"column":0},"end":{"line":6,"column":null}},"1":{"start":{"line":7,"column":0},"end":{"line":7,"column":null}},"2":{"start":{"line":8,"column":0},"end":{"line":8,"column":null}},"3":{"start":{"line":10,"column":0},"end":{"line":10,"column":null}},"4":{"start":{"line":11,"column":0},"end":{"line":11,"column":null}},"5":{"start":{"line":15,"column":0},"end":{"line":15,"column":null}},"6":{"start":{"line":17,"column":0},"end":{"line":19,"column":null}},"7":{"start":{"line":21,"column":0},"end":{"line":21,"column":null}},"8":{"start":{"line":22,"column":0},"end":{"line":22,"column":null}},"9":{"start":{"line":27,"column":0},"end":{"line":594,"column":null}},"10":{"start":{"line":594,"column":0},"end":{"line":594,"column":null}}},"fnMap":{"0":{"name":"expo","decl":{"start":{"line":24,"column":0},"end":{"line":24,"column":null}},"loc":{"start":{"line":24,"column":0},"end":{"line":27,"column":null}}}},"branchMap":{"0":{"loc":{"start":{"line":11,"column":0},"end":{"line":11,"column":null}},"type":"binary-expr","locations":[{"start":{"line":11,"column":0},"end":{"line":11,"column":null}},{"start":{"line":11,"column":0},"end":{"line":11,"column":null}}]},"1":{"loc":{"start":{"line":17,"column":0},"end":{"line":19,"column":null}},"type":"if","locations":[{"start":{"line":17,"column":0},"end":{"line":19,"column":null}},{"start":{"line":17,"column":0},"end":{"line":19,"column":null}}]}},"s":{"0":2,"1":2,"2":2,"3":2,"4":2,"5":2,"6":2,"7":2,"8":2,"9":2,"10":2},"f":{"0":0},"b":{"0":[4,2],"1":[2,0]}}
,"/Users/admin/tc/tolu/app/src/components/metamine/visualizationNU/poisson.vue": {"path":"/Users/admin/tc/tolu/app/src/components/metamine/visualizationNU/poisson.vue","statementMap":{"0":{"start":{"line":6,"column":0},"end":{"line":6,"column":null}},"1":{"start":{"line":7,"column":0},"end":{"line":7,"column":null}},"2":{"start":{"line":9,"column":0},"end":{"line":25,"column":null}},"3":{"start":{"line":27,"column":0},"end":{"line":30,"column":null}},"4":{"start":{"line":32,"column":0},"end":{"line":34,"column":null}},"5":{"start":{"line":34,"column":0},"end":{"line":109,"column":null}},"6":{"start":{"line":109,"column":0},"end":{"line":109,"column":null}}},"fnMap":{},"branchMap":{},"s":{"0":4,"1":4,"2":4,"3":4,"4":4,"5":4,"6":4},"f":{},"b":{}}
,"/Users/admin/tc/tolu/app/src/components/metamine/visualizationNU/scatter.vue": {"path":"/Users/admin/tc/tolu/app/src/components/metamine/visualizationNU/scatter.vue","statementMap":{"0":{"start":{"line":6,"column":0},"end":{"line":6,"column":null}},"1":{"start":{"line":7,"column":0},"end":{"line":7,"column":null}},"2":{"start":{"line":8,"column":0},"end":{"line":8,"column":null}},"3":{"start":{"line":10,"column":0},"end":{"line":10,"column":null}},"4":{"start":{"line":11,"column":0},"end":{"line":11,"column":null}},"5":{"start":{"line":13,"column":0},"end":{"line":18,"column":null}},"6":{"start":{"line":20,"column":0},"end":{"line":20,"column":null}},"7":{"start":{"line":21,"column":0},"end":{"line":21,"column":null}},"8":{"start":{"line":23,"column":0},"end":{"line":25,"column":null}},"9":{"start":{"line":27,"column":0},"end":{"line":27,"column":null}},"10":{"start":{"line":29,"column":0},"end":{"line":29,"column":null}},"11":{"start":{"line":30,"column":0},"end":{"line":30,"column":null}},"12":{"start":{"line":43,"column":0},"end":{"line":479,"column":null}},"13":{"start":{"line":479,"column":0},"end":{"line":479,"column":null}}},"fnMap":{"0":{"name":"expo","decl":{"start":{"line":32,"column":0},"end":{"line":32,"column":null}},"loc":{"start":{"line":32,"column":0},"end":{"line":35,"column":null}}},"1":{"name":"isBrushed","decl":{"start":{"line":37,"column":0},"end":{"line":37,"column":null}},"loc":{"start":{"line":37,"column":0},"end":{"line":43,"column":null}}}},"branchMap":{"0":{"loc":{"start":{"line":20,"column":0},"end":{"line":20,"column":null}},"type":"binary-expr","locations":[{"start":{"line":20,"column":0},"end":{"line":20,"column":null}},{"start":{"line":20,"column":0},"end":{"line":20,"column":null}}]},"1":{"loc":{"start":{"line":23,"column":0},"end":{"line":25,"column":null}},"type":"if","locations":[{"start":{"line":23,"column":0},"end":{"line":25,"column":null}},{"start":{"line":23,"column":0},"end":{"line":25,"column":null}}]}},"s":{"0":1,"1":1,"2":1,"3":1,"4":1,"5":1,"6":1,"7":1,"8":1,"9":1,"10":1,"11":1,"12":1,"13":1},"f":{"0":0,"1":0},"b":{"0":[1,0],"1":[1,0]}}
,"/Users/admin/tc/tolu/app/src/components/metamine/visualizationNU/structure.vue": {"path":"/Users/admin/tc/tolu/app/src/components/metamine/visualizationNU/structure.vue","statementMap":{"0":{"start":{"line":6,"column":0},"end":{"line":6,"column":null}},"1":{"start":{"line":7,"column":0},"end":{"line":7,"column":null}},"2":{"start":{"line":9,"column":0},"end":{"line":14,"column":null}},"3":{"start":{"line":15,"column":0},"end":{"line":15,"column":null}},"4":{"start":{"line":16,"column":0},"end":{"line":16,"column":null}},"5":{"start":{"line":17,"column":0},"end":{"line":17,"column":null}},"6":{"start":{"line":17,"column":0},"end":{"line":172,"column":null}},"7":{"start":{"line":172,"column":0},"end":{"line":172,"column":null}}},"fnMap":{},"branchMap":{},"s":{"0":4,"1":4,"2":4,"3":4,"4":4,"5":4,"6":4,"7":4},"f":{},"b":{}}
,"/Users/admin/tc/tolu/app/src/components/metamine/visualizationNU/umap.vue": {"path":"/Users/admin/tc/tolu/app/src/components/metamine/visualizationNU/umap.vue","statementMap":{"0":{"start":{"line":6,"column":0},"end":{"line":6,"column":null}},"1":{"start":{"line":7,"column":0},"end":{"line":7,"column":null}},"2":{"start":{"line":8,"column":0},"end":{"line":8,"column":null}},"3":{"start":{"line":9,"column":0},"end":{"line":9,"column":null}},"4":{"start":{"line":10,"column":0},"end":{"line":10,"column":null}},"5":{"start":{"line":11,"column":0},"end":{"line":11,"column":null}},"6":{"start":{"line":12,"column":0},"end":{"line":12,"column":null}},"7":{"start":{"line":13,"column":0},"end":{"line":13,"column":null}},"8":{"start":{"line":15,"column":0},"end":{"line":20,"column":null}},"9":{"start":{"line":22,"column":0},"end":{"line":22,"column":null}},"10":{"start":{"line":24,"column":0},"end":{"line":24,"column":null}},"11":{"start":{"line":25,"column":0},"end":{"line":25,"column":null}},"12":{"start":{"line":39,"column":0},"end":{"line":475,"column":null}},"13":{"start":{"line":475,"column":0},"end":{"line":475,"column":null}}},"fnMap":{"0":{"name":"expo","decl":{"start":{"line":27,"column":0},"end":{"line":27,"column":null}},"loc":{"start":{"line":27,"column":0},"end":{"line":30,"column":null}}},"1":{"name":"isBrushed","decl":{"start":{"line":32,"column":0},"end":{"line":32,"column":null}},"loc":{"start":{"line":32,"column":0},"end":{"line":39,"column":null}}}},"branchMap":{},"s":{"0":2,"1":2,"2":2,"3":2,"4":2,"5":2,"6":2,"7":2,"8":2,"9":2,"10":2,"11":2,"12":2,"13":2},"f":{"0":0,"1":0},"b":{}}
,"/Users/admin/tc/tolu/app/src/components/metamine/visualizationNU/youngs.vue": {"path":"/Users/admin/tc/tolu/app/src/components/metamine/visualizationNU/youngs.vue","statementMap":{"0":{"start":{"line":6,"column":0},"end":{"line":6,"column":null}},"1":{"start":{"line":7,"column":0},"end":{"line":7,"column":null}},"2":{"start":{"line":9,"column":0},"end":{"line":31,"column":null}},"3":{"start":{"line":33,"column":0},"end":{"line":36,"column":null}},"4":{"start":{"line":37,"column":0},"end":{"line":39,"column":null}},"5":{"start":{"line":39,"column":0},"end":{"line":114,"column":null}},"6":{"start":{"line":114,"column":0},"end":{"line":114,"column":null}}},"fnMap":{},"branchMap":{},"s":{"0":4,"1":4,"2":4,"3":4,"4":4,"5":4,"6":4},"f":{},"b":{}}
,"/Users/admin/tc/tolu/app/src/components/nanomine/DatasetViewer.vue": {"path":"/Users/admin/tc/tolu/app/src/components/nanomine/DatasetViewer.vue","statementMap":{"0":{"start":{"line":100,"column":0},"end":{"line":100,"column":null}},"1":{"start":{"line":101,"column":0},"end":{"line":101,"column":null}},"2":{"start":{"line":99,"column":0},"end":{"line":339,"column":null}},"3":{"start":{"line":339,"column":0},"end":{"line":339,"column":null}}},"fnMap":{},"branchMap":{},"s":{"0":1,"1":1,"2":1,"3":1},"f":{},"b":{}}
,"/Users/admin/tc/tolu/app/src/components/nanomine/EditImage.vue": {"path":"/Users/admin/tc/tolu/app/src/components/nanomine/EditImage.vue","statementMap":{"0":{"start":{"line":79,"column":0},"end":{"line":79,"column":null}},"1":{"start":{"line":76,"column":0},"end":{"line":238,"column":null}},"2":{"start":{"line":238,"column":0},"end":{"line":238,"column":null}}},"fnMap":{},"branchMap":{},"s":{"0":1,"1":1,"2":1},"f":{},"b":{}}
,"/Users/admin/tc/tolu/app/src/components/nanomine/HeroHeader.vue": {"path":"/Users/admin/tc/tolu/app/src/components/nanomine/HeroHeader.vue","statementMap":{"0":{"start":{"line":172,"column":0},"end":{"line":172,"column":null}},"1":{"start":{"line":170,"column":0},"end":{"line":184,"column":null}},"2":{"start":{"line":184,"column":0},"end":{"line":184,"column":null}}},"fnMap":{},"branchMap":{},"s":{"0":103,"1":103,"2":103},"f":{},"b":{}}
,"/Users/admin/tc/tolu/app/src/components/nanomine/ImageUpload.vue": {"path":"/Users/admin/tc/tolu/app/src/components/nanomine/ImageUpload.vue","statementMap":{"0":{"start":{"line":183,"column":0},"end":{"line":183,"column":null}},"1":{"start":{"line":184,"column":0},"end":{"line":184,"column":null}},"2":{"start":{"line":184,"column":0},"end":{"line":617,"column":null}},"3":{"start":{"line":617,"column":0},"end":{"line":617,"column":null}}},"fnMap":{},"branchMap":{},"s":{"0":1,"1":1,"2":1,"3":1},"f":{},"b":{}}
,"/Users/admin/tc/tolu/app/src/components/nanomine/LineChart.vue": {"path":"/Users/admin/tc/tolu/app/src/components/nanomine/LineChart.vue","statementMap":{"0":{"start":{"line":52,"column":0},"end":{"line":52,"column":null}},"1":{"start":{"line":50,"column":0},"end":{"line":198,"column":null}},"2":{"start":{"line":198,"column":0},"end":{"line":198,"column":null}}},"fnMap":{},"branchMap":{},"s":{"0":1,"1":1,"2":1},"f":{},"b":{}}
,"/Users/admin/tc/tolu/app/src/components/nanomine/PageFooter.vue": {"path":"/Users/admin/tc/tolu/app/src/components/nanomine/PageFooter.vue","statementMap":{"0":{"start":{"line":70,"column":0},"end":{"line":74,"column":null}},"1":{"start":{"line":74,"column":0},"end":{"line":74,"column":null}}},"fnMap":{},"branchMap":{},"s":{"0":103,"1":103},"f":{},"b":{}}
,"/Users/admin/tc/tolu/app/src/components/nanomine/PageHeader.vue": {"path":"/Users/admin/tc/tolu/app/src/components/nanomine/PageHeader.vue","statementMap":{"0":{"start":{"line":62,"column":0},"end":{"line":62,"column":null}},"1":{"start":{"line":60,"column":0},"end":{"line":76,"column":null}},"2":{"start":{"line":76,"column":0},"end":{"line":76,"column":null}}},"fnMap":{},"branchMap":{},"s":{"0":104,"1":104,"2":104},"f":{},"b":{}}
,"/Users/admin/tc/tolu/app/src/components/nanomine/ReferenceContainer.vue": {"path":"/Users/admin/tc/tolu/app/src/components/nanomine/ReferenceContainer.vue","statementMap":{"0":{"start":{"line":12,"column":0},"end":{"line":46,"column":null}},"1":{"start":{"line":46,"column":0},"end":{"line":46,"column":null}}},"fnMap":{},"branchMap":{},"s":{"0":3,"1":3},"f":{},"b":{}}
,"/Users/admin/tc/tolu/app/src/components/nanomine/SmilesCanvas.vue": {"path":"/Users/admin/tc/tolu/app/src/components/nanomine/SmilesCanvas.vue","statementMap":{"0":{"start":{"line":17,"column":0},"end":{"line":17,"column":null}},"1":{"start":{"line":18,"column":0},"end":{"line":18,"column":null}},"2":{"start":{"line":16,"column":0},"end":{"line":166,"column":null}},"3":{"start":{"line":166,"column":0},"end":{"line":166,"column":null}}},"fnMap":{},"branchMap":{},"s":{"0":2,"1":2,"2":2,"3":2},"f":{},"b":{}}
,"/Users/admin/tc/tolu/app/src/components/nanomine/ToolCard.vue": {"path":"/Users/admin/tc/tolu/app/src/components/nanomine/ToolCard.vue","statementMap":{"0":{"start":{"line":21,"column":0},"end":{"line":25,"column":null}},"1":{"start":{"line":25,"column":0},"end":{"line":25,"column":null}}},"fnMap":{},"branchMap":{},"s":{"0":4,"1":4},"f":{},"b":{}}
,"/Users/admin/tc/tolu/app/src/components/ns/classes/ClassesList.vue": {"path":"/Users/admin/tc/tolu/app/src/components/ns/classes/ClassesList.vue","statementMap":{"0":{"start":{"line":67,"column":0},"end":{"line":67,"column":null}},"1":{"start":{"line":68,"column":0},"end":{"line":68,"column":null}},"2":{"start":{"line":65,"column":0},"end":{"line":136,"column":null}},"3":{"start":{"line":136,"column":0},"end":{"line":136,"column":null}}},"fnMap":{},"branchMap":{},"s":{"0":2,"1":2,"2":2,"3":2},"f":{},"b":{}}
,"/Users/admin/tc/tolu/app/src/components/ns/classes/NamespaceAccordion.vue": {"path":"/Users/admin/tc/tolu/app/src/components/ns/classes/NamespaceAccordion.vue","statementMap":{"0":{"start":{"line":46,"column":0},"end":{"line":46,"column":null}},"1":{"start":{"line":44,"column":0},"end":{"line":120,"column":null}},"2":{"start":{"line":120,"column":0},"end":{"line":120,"column":null}}},"fnMap":{},"branchMap":{},"s":{"0":2,"1":2,"2":2},"f":{},"b":{}}
,"/Users/admin/tc/tolu/app/src/components/ns/home/OntologyDetails.vue": {"path":"/Users/admin/tc/tolu/app/src/components/ns/home/OntologyDetails.vue","statementMap":{"0":{"start":{"line":29,"column":0},"end":{"line":29,"column":null}},"1":{"start":{"line":27,"column":0},"end":{"line":46,"column":null}},"2":{"start":{"line":46,"column":0},"end":{"line":46,"column":null}}},"fnMap":{},"branchMap":{},"s":{"0":1,"1":1,"2":1},"f":{},"b":{}}
,"/Users/admin/tc/tolu/app/src/components/ns/home/OntologyMetrics.vue": {"path":"/Users/admin/tc/tolu/app/src/components/ns/home/OntologyMetrics.vue","statementMap":{"0":{"start":{"line":26,"column":0},"end":{"line":26,"column":null}},"1":{"start":{"line":24,"column":0},"end":{"line":35,"column":null}},"2":{"start":{"line":35,"column":0},"end":{"line":35,"column":null}}},"fnMap":{},"branchMap":{},"s":{"0":1,"1":1,"2":1},"f":{},"b":{}}
,"/Users/admin/tc/tolu/app/src/components/ns/home/SearchComponent.vue": {"path":"/Users/admin/tc/tolu/app/src/components/ns/home/SearchComponent.vue","statementMap":{"0":{"start":{"line":71,"column":0},"end":{"line":71,"column":null}},"1":{"start":{"line":69,"column":0},"end":{"line":120,"column":null}},"2":{"start":{"line":120,"column":0},"end":{"line":120,"column":null}}},"fnMap":{},"branchMap":{},"s":{"0":1,"1":1,"2":1},"f":{},"b":{}}
,"/Users/admin/tc/tolu/app/src/components/portal/Account.vue": {"path":"/Users/admin/tc/tolu/app/src/components/portal/Account.vue","statementMap":{"0":{"start":{"line":65,"column":0},"end":{"line":65,"column":null}},"1":{"start":{"line":63,"column":0},"end":{"line":121,"column":null}},"2":{"start":{"line":121,"column":0},"end":{"line":121,"column":null}}},"fnMap":{},"branchMap":{},"s":{"0":1,"1":1,"2":1},"f":{},"b":{}}
,"/Users/admin/tc/tolu/app/src/components/portal/Contact.vue": {"path":"/Users/admin/tc/tolu/app/src/components/portal/Contact.vue","statementMap":{"0":{"start":{"line":21,"column":0},"end":{"line":21,"column":null}},"1":{"start":{"line":22,"column":0},"end":{"line":22,"column":null}},"2":{"start":{"line":19,"column":0},"end":{"line":50,"column":null}},"3":{"start":{"line":50,"column":0},"end":{"line":50,"column":null}}},"fnMap":{},"branchMap":{},"s":{"0":3,"1":3,"2":3,"3":3},"f":{},"b":{}}
,"/Users/admin/tc/tolu/app/src/components/portal/ContactCard.vue": {"path":"/Users/admin/tc/tolu/app/src/components/portal/ContactCard.vue","statementMap":{"0":{"start":{"line":94,"column":0},"end":{"line":94,"column":null}},"1":{"start":{"line":95,"column":0},"end":{"line":95,"column":null}},"2":{"start":{"line":92,"column":0},"end":{"line":152,"column":null}},"3":{"start":{"line":152,"column":0},"end":{"line":152,"column":null}}},"fnMap":{},"branchMap":{},"s":{"0":3,"1":3,"2":3,"3":3},"f":{},"b":{}}
,"/Users/admin/tc/tolu/app/src/components/portal/Header.vue": {"path":"/Users/admin/tc/tolu/app/src/components/portal/Header.vue","statementMap":{"0":{"start":{"line":45,"column":0},"end":{"line":45,"column":null}},"1":{"start":{"line":43,"column":0},"end":{"line":56,"column":null}},"2":{"start":{"line":56,"column":0},"end":{"line":56,"column":null}}},"fnMap":{},"branchMap":{},"s":{"0":103,"1":103,"2":103},"f":{},"b":{}}
,"/Users/admin/tc/tolu/app/src/components/portal/ProfileHeader.vue": {"path":"/Users/admin/tc/tolu/app/src/components/portal/ProfileHeader.vue","statementMap":{"0":{"start":{"line":26,"column":0},"end":{"line":26,"column":null}},"1":{"start":{"line":24,"column":0},"end":{"line":44,"column":null}},"2":{"start":{"line":44,"column":0},"end":{"line":44,"column":null}}},"fnMap":{},"branchMap":{},"s":{"0":103,"1":103,"2":103},"f":{},"b":{}}
,"/Users/admin/tc/tolu/app/src/components/portal/SideNav.vue": {"path":"/Users/admin/tc/tolu/app/src/components/portal/SideNav.vue","statementMap":{"0":{"start":{"line":118,"column":0},"end":{"line":203,"column":null}},"1":{"start":{"line":203,"column":0},"end":{"line":203,"column":null}}},"fnMap":{},"branchMap":{},"s":{"0":103,"1":103},"f":{},"b":{}}
,"/Users/admin/tc/tolu/app/src/components/portal/UserSideBar.vue": {"path":"/Users/admin/tc/tolu/app/src/components/portal/UserSideBar.vue","statementMap":{"0":{"start":{"line":93,"column":0},"end":{"line":93,"column":null}},"1":{"start":{"line":91,"column":0},"end":{"line":114,"column":null}},"2":{"start":{"line":114,"column":0},"end":{"line":114,"column":null}}},"fnMap":{},"branchMap":{},"s":{"0":103,"1":103,"2":103},"f":{},"b":{}}
,"/Users/admin/tc/tolu/app/src/mixins/deployVersion.js": {"path":"/Users/admin/tc/tolu/app/src/mixins/deployVersion.js","statementMap":{"0":{"start":{"line":5,"column":4},"end":{"line":7,"column":5}},"1":{"start":{"line":17,"column":6},"end":{"line":17,"column":74}},"2":{"start":{"line":43,"column":6},"end":{"line":43,"column":28}},"3":{"start":{"line":44,"column":6},"end":{"line":44,"column":34}},"4":{"start":{"line":47,"column":6},"end":{"line":47,"column":68}},"5":{"start":{"line":52,"column":6},"end":{"line":54,"column":7}},"6":{"start":{"line":53,"column":8},"end":{"line":53,"column":36}}},"fnMap":{"0":{"name":"(anonymous_0)","decl":{"start":{"line":4,"column":2},"end":{"line":4,"column":3}},"loc":{"start":{"line":4,"column":10},"end":{"line":8,"column":3}},"line":4},"1":{"name":"(anonymous_1)","decl":{"start":{"line":15,"column":4},"end":{"line":15,"column":5}},"loc":{"start":{"line":15,"column":20},"end":{"line":19,"column":5}},"line":15},"2":{"name":"(anonymous_2)","decl":{"start":{"line":42,"column":4},"end":{"line":42,"column":5}},"loc":{"start":{"line":42,"column":22},"end":{"line":45,"column":5}},"line":42},"3":{"name":"(anonymous_3)","decl":{"start":{"line":46,"column":4},"end":{"line":46,"column":5}},"loc":{"start":{"line":46,"column":19},"end":{"line":48,"column":5}},"line":46},"4":{"name":"(anonymous_4)","decl":{"start":{"line":51,"column":4},"end":{"line":51,"column":5}},"loc":{"start":{"line":51,"column":23},"end":{"line":55,"column":5}},"line":51}},"branchMap":{"0":{"loc":{"start":{"line":52,"column":6},"end":{"line":54,"column":7}},"type":"if","locations":[{"start":{"line":52,"column":6},"end":{"line":54,"column":7}},{"start":{"line":52,"column":6},"end":{"line":54,"column":7}}],"line":52}},"s":{"0":0,"1":0,"2":0,"3":0,"4":0,"5":0,"6":0},"f":{"0":0,"1":0,"2":0,"3":0,"4":0},"b":{"0":[0,0]},"hash":"e10f6a25fdf8c9c611aabed2286c90650af89735"}
,"/Users/admin/tc/tolu/app/src/mixins/explorerQueryParams.js": {"path":"/Users/admin/tc/tolu/app/src/mixins/explorerQueryParams.js","statementMap":{"0":{"start":{"line":4,"column":6},"end":{"line":6,"column":7}},"1":{"start":{"line":5,"column":8},"end":{"line":5,"column":33}},"2":{"start":{"line":9,"column":6},"end":{"line":12,"column":7}},"3":{"start":{"line":10,"column":8},"end":{"line":10,"column":36}},"4":{"start":{"line":11,"column":8},"end":{"line":11,"column":38}},"5":{"start":{"line":17,"column":6},"end":{"line":17,"column":62}},"6":{"start":{"line":18,"column":6},"end":{"line":18,"column":108}},"7":{"start":{"line":18,"column":27},"end":{"line":18,"column":106}},"8":{"start":{"line":19,"column":6},"end":{"line":19,"column":74}},"9":{"start":{"line":20,"column":6},"end":{"line":20,"column":38}},"10":{"start":{"line":23,"column":6},"end":{"line":23,"column":69}},"11":{"start":{"line":24,"column":6},"end":{"line":32,"column":7}},"12":{"start":{"line":25,"column":22},"end":{"line":27,"column":9}},"13":{"start":{"line":28,"column":8},"end":{"line":28,"column":57}},"14":{"start":{"line":28,"column":29},"end":{"line":28,"column":55}},"15":{"start":{"line":29,"column":8},"end":{"line":29,"column":58}},"16":{"start":{"line":29,"column":31},"end":{"line":29,"column":56}},"17":{"start":{"line":30,"column":8},"end":{"line":30,"column":53}},"18":{"start":{"line":30,"column":27},"end":{"line":30,"column":51}},"19":{"start":{"line":31,"column":8},"end":{"line":31,"column":36}},"20":{"start":{"line":33,"column":6},"end":{"line":33,"column":36}},"21":{"start":{"line":36,"column":6},"end":{"line":36,"column":29}},"22":{"start":{"line":37,"column":6},"end":{"line":37,"column":42}},"23":{"start":{"line":40,"column":6},"end":{"line":40,"column":75}},"24":{"start":{"line":40,"column":49},"end":{"line":40,"column":75}},"25":{"start":{"line":41,"column":6},"end":{"line":41,"column":34}},"26":{"start":{"line":44,"column":6},"end":{"line":44,"column":45}},"27":{"start":{"line":45,"column":6},"end":{"line":45,"column":47}},"28":{"start":{"line":46,"column":6},"end":{"line":46,"column":38}},"29":{"start":{"line":49,"column":6},"end":{"line":55,"column":7}},"30":{"start":{"line":50,"column":8},"end":{"line":50,"column":26}},"31":{"start":{"line":51,"column":13},"end":{"line":55,"column":7}},"32":{"start":{"line":52,"column":8},"end":{"line":52,"column":26}},"33":{"start":{"line":54,"column":8},"end":{"line":54,"column":32}}},"fnMap":{"0":{"name":"(anonymous_0)","decl":{"start":{"line":3,"column":4},"end":{"line":3,"column":5}},"loc":{"start":{"line":3,"column":41},"end":{"line":7,"column":5}},"line":3},"1":{"name":"(anonymous_1)","decl":{"start":{"line":8,"column":4},"end":{"line":8,"column":5}},"loc":{"start":{"line":8,"column":34},"end":{"line":13,"column":5}},"line":8},"2":{"name":"(anonymous_2)","decl":{"start":{"line":16,"column":4},"end":{"line":16,"column":5}},"loc":{"start":{"line":16,"column":29},"end":{"line":21,"column":5}},"line":16},"3":{"name":"(anonymous_3)","decl":{"start":{"line":22,"column":4},"end":{"line":22,"column":5}},"loc":{"start":{"line":22,"column":53},"end":{"line":34,"column":5}},"line":22},"4":{"name":"(anonymous_4)","decl":{"start":{"line":35,"column":4},"end":{"line":35,"column":5}},"loc":{"start":{"line":35,"column":36},"end":{"line":38,"column":5}},"line":35},"5":{"name":"(anonymous_5)","decl":{"start":{"line":39,"column":4},"end":{"line":39,"column":5}},"loc":{"start":{"line":39,"column":34},"end":{"line":42,"column":5}},"line":39},"6":{"name":"(anonymous_6)","decl":{"start":{"line":43,"column":4},"end":{"line":43,"column":5}},"loc":{"start":{"line":43,"column":29},"end":{"line":47,"column":5}},"line":43},"7":{"name":"(anonymous_7)","decl":{"start":{"line":48,"column":4},"end":{"line":48,"column":5}},"loc":{"start":{"line":48,"column":29},"end":{"line":56,"column":5}},"line":48}},"branchMap":{"0":{"loc":{"start":{"line":4,"column":6},"end":{"line":6,"column":7}},"type":"if","locations":[{"start":{"line":4,"column":6},"end":{"line":6,"column":7}},{"start":{"line":4,"column":6},"end":{"line":6,"column":7}}],"line":4},"1":{"loc":{"start":{"line":9,"column":6},"end":{"line":12,"column":7}},"type":"if","locations":[{"start":{"line":9,"column":6},"end":{"line":12,"column":7}},{"start":{"line":9,"column":6},"end":{"line":12,"column":7}}],"line":9},"2":{"loc":{"start":{"line":17,"column":24},"end":{"line":17,"column":62}},"type":"cond-expr","locations":[{"start":{"line":17,"column":47},"end":{"line":17,"column":58}},{"start":{"line":17,"column":61},"end":{"line":17,"column":62}}],"line":17},"3":{"loc":{"start":{"line":18,"column":6},"end":{"line":18,"column":108}},"type":"if","locations":[{"start":{"line":18,"column":6},"end":{"line":18,"column":108}},{"start":{"line":18,"column":6},"end":{"line":18,"column":108}}],"line":18},"4":{"loc":{"start":{"line":18,"column":27},"end":{"line":18,"column":106}},"type":"cond-expr","locations":[{"start":{"line":18,"column":50},"end":{"line":18,"column":81}},{"start":{"line":18,"column":84},"end":{"line":18,"column":106}}],"line":18},"5":{"loc":{"start":{"line":19,"column":6},"end":{"line":19,"column":74}},"type":"cond-expr","locations":[{"start":{"line":19,"column":16},"end":{"line":19,"column":46}},{"start":{"line":19,"column":49},"end":{"line":19,"column":74}}],"line":19},"6":{"loc":{"start":{"line":22,"column":31},"end":{"line":22,"column":51}},"type":"default-arg","locations":[{"start":{"line":22,"column":46},"end":{"line":22,"column":51}}],"line":22},"7":{"loc":{"start":{"line":23,"column":27},"end":{"line":23,"column":69}},"type":"binary-expr","locations":[{"start":{"line":23,"column":27},"end":{"line":23,"column":44}},{"start":{"line":23,"column":48},"end":{"line":23,"column":69}}],"line":23},"8":{"loc":{"start":{"line":24,"column":6},"end":{"line":32,"column":7}},"type":"if","locations":[{"start":{"line":24,"column":6},"end":{"line":32,"column":7}},{"start":{"line":24,"column":6},"end":{"line":32,"column":7}}],"line":24},"9":{"loc":{"start":{"line":28,"column":8},"end":{"line":28,"column":57}},"type":"if","locations":[{"start":{"line":28,"column":8},"end":{"line":28,"column":57}},{"start":{"line":28,"column":8},"end":{"line":28,"column":57}}],"line":28},"10":{"loc":{"start":{"line":29,"column":8},"end":{"line":29,"column":58}},"type":"if","locations":[{"start":{"line":29,"column":8},"end":{"line":29,"column":58}},{"start":{"line":29,"column":8},"end":{"line":29,"column":58}}],"line":29},"11":{"loc":{"start":{"line":30,"column":8},"end":{"line":30,"column":53}},"type":"if","locations":[{"start":{"line":30,"column":8},"end":{"line":30,"column":53}},{"start":{"line":30,"column":8},"end":{"line":30,"column":53}}],"line":30},"12":{"loc":{"start":{"line":40,"column":6},"end":{"line":40,"column":75}},"type":"if","locations":[{"start":{"line":40,"column":6},"end":{"line":40,"column":75}},{"start":{"line":40,"column":6},"end":{"line":40,"column":75}}],"line":40},"13":{"loc":{"start":{"line":40,"column":10},"end":{"line":40,"column":47}},"type":"binary-expr","locations":[{"start":{"line":40,"column":10},"end":{"line":40,"column":21}},{"start":{"line":40,"column":25},"end":{"line":40,"column":47}}],"line":40},"14":{"loc":{"start":{"line":49,"column":6},"end":{"line":55,"column":7}},"type":"if","locations":[{"start":{"line":49,"column":6},"end":{"line":55,"column":7}},{"start":{"line":49,"column":6},"end":{"line":55,"column":7}}],"line":49},"15":{"loc":{"start":{"line":49,"column":10},"end":{"line":49,"column":49}},"type":"binary-expr","locations":[{"start":{"line":49,"column":10},"end":{"line":49,"column":19}},{"start":{"line":49,"column":24},"end":{"line":49,"column":32}},{"start":{"line":49,"column":36},"end":{"line":49,"column":48}}],"line":49},"16":{"loc":{"start":{"line":51,"column":13},"end":{"line":55,"column":7}},"type":"if","locations":[{"start":{"line":51,"column":13},"end":{"line":55,"column":7}},{"start":{"line":51,"column":13},"end":{"line":55,"column":7}}],"line":51},"17":{"loc":{"start":{"line":51,"column":17},"end":{"line":51,"column":42}},"type":"binary-expr","locations":[{"start":{"line":51,"column":17},"end":{"line":51,"column":25}},{"start":{"line":51,"column":29},"end":{"line":51,"column":42}}],"line":51}},"s":{"0":6,"1":6,"2":1,"3":1,"4":1,"5":7,"6":7,"7":4,"8":7,"9":7,"10":9,"11":9,"12":2,"13":2,"14":1,"15":2,"16":1,"17":2,"18":0,"19":2,"20":9,"21":0,"22":0,"23":7,"24":6,"25":7,"26":0,"27":0,"28":0,"29":5,"30":0,"31":5,"32":0,"33":5},"f":{"0":6,"1":1,"2":7,"3":9,"4":0,"5":7,"6":0,"7":5},"b":{"0":[6,0],"1":[1,0],"2":[2,5],"3":[4,3],"4":[1,3],"5":[1,6],"6":[7],"7":[9,7],"8":[2,7],"9":[1,1],"10":[1,1],"11":[0,2],"12":[6,1],"13":[7,6],"14":[0,5],"15":[5,5,5],"16":[0,5],"17":[5,5]},"_coverageSchema":"43e27e138ebf9cfc5966b082cf9a028302ed4184","hash":"90c8e1701882a1c4335fc4cd247e64dd400736b8"}
,"/Users/admin/tc/tolu/app/src/mixins/explorerSearch.js": {"path":"/Users/admin/tc/tolu/app/src/mixins/explorerSearch.js","statementMap":{"0":{"start":{"line":12,"column":8},"end":{"line":12,"column":63}},"1":{"start":{"line":16,"column":8},"end":{"line":16,"column":70}},"2":{"start":{"line":21,"column":6},"end":{"line":21,"column":57}},"3":{"start":{"line":37,"column":6},"end":{"line":41,"column":7}},"4":{"start":{"line":38,"column":8},"end":{"line":38,"column":27}},"5":{"start":{"line":40,"column":8},"end":{"line":40,"column":35}},"6":{"start":{"line":42,"column":6},"end":{"line":42,"column":25}},"7":{"start":{"line":43,"column":6},"end":{"line":43,"column":38}},"8":{"start":{"line":45,"column":6},"end":{"line":45,"column":71}}},"fnMap":{"0":{"name":"(anonymous_0)","decl":{"start":{"line":11,"column":6},"end":{"line":11,"column":7}},"loc":{"start":{"line":11,"column":13},"end":{"line":13,"column":7}},"line":11},"1":{"name":"(anonymous_1)","decl":{"start":{"line":14,"column":6},"end":{"line":14,"column":7}},"loc":{"start":{"line":14,"column":26},"end":{"line":18,"column":7}},"line":14},"2":{"name":"(anonymous_2)","decl":{"start":{"line":20,"column":4},"end":{"line":20,"column":5}},"loc":{"start":{"line":20,"column":21},"end":{"line":22,"column":5}},"line":20},"3":{"name":"(anonymous_3)","decl":{"start":{"line":35,"column":4},"end":{"line":35,"column":5}},"loc":{"start":{"line":35,"column":27},"end":{"line":46,"column":5}},"line":35}},"branchMap":{"0":{"loc":{"start":{"line":37,"column":6},"end":{"line":41,"column":7}},"type":"if","locations":[{"start":{"line":37,"column":6},"end":{"line":41,"column":7}},{"start":{"line":37,"column":6},"end":{"line":41,"column":7}}],"line":37}},"s":{"0":2,"1":0,"2":0,"3":0,"4":0,"5":0,"6":0,"7":0,"8":0},"f":{"0":2,"1":0,"2":0,"3":0},"b":{"0":[0,0]},"_coverageSchema":"43e27e138ebf9cfc5966b082cf9a028302ed4184","hash":"4c902391445d8bbdc9559014ab4d7fae686a7674"}
,"/Users/admin/tc/tolu/app/src/mixins/optional-chaining-util.js": {"path":"/Users/admin/tc/tolu/app/src/mixins/optional-chaining-util.js","statementMap":{"0":{"start":{"line":5,"column":6},"end":{"line":7,"column":36}},"1":{"start":{"line":6,"column":8},"end":{"line":6,"column":19}},"2":{"start":{"line":7,"column":20},"end":{"line":7,"column":34}}},"fnMap":{"0":{"name":"(anonymous_0)","decl":{"start":{"line":4,"column":4},"end":{"line":4,"column":5}},"loc":{"start":{"line":4,"column":26},"end":{"line":8,"column":5}},"line":4}},"branchMap":{},"s":{"0":228,"1":228,"2":2},"f":{"0":228},"b":{},"_coverageSchema":"43e27e138ebf9cfc5966b082cf9a028302ed4184","hash":"6899af3f3806bde971c836dce07ad858c1fb2f8e"}
,"/Users/admin/tc/tolu/app/src/mixins/reduce.js": {"path":"/Users/admin/tc/tolu/app/src/mixins/reduce.js","statementMap":{"0":{"start":{"line":3,"column":4},"end":{"line":6,"column":5}},"1":{"start":{"line":10,"column":18},"end":{"line":10,"column":33}},"2":{"start":{"line":11,"column":6},"end":{"line":11,"column":22}},"3":{"start":{"line":12,"column":24},"end":{"line":12,"column":61}},"4":{"start":{"line":12,"column":45},"end":{"line":12,"column":56}},"5":{"start":{"line":13,"column":18},"end":{"line":13,"column":76}},"6":{"start":{"line":14,"column":6},"end":{"line":14,"column":24}},"7":{"start":{"line":18,"column":33},"end":{"line":18,"column":37}},"8":{"start":{"line":19,"column":6},"end":{"line":25,"column":7}},"9":{"start":{"line":20,"column":8},"end":{"line":20,"column":21}},"10":{"start":{"line":21,"column":13},"end":{"line":25,"column":7}},"11":{"start":{"line":22,"column":8},"end":{"line":22,"column":21}},"12":{"start":{"line":24,"column":8},"end":{"line":24,"column":21}},"13":{"start":{"line":26,"column":6},"end":{"line":49,"column":7}},"14":{"start":{"line":27,"column":8},"end":{"line":35,"column":9}},"15":{"start":{"line":28,"column":10},"end":{"line":28,"column":38}},"16":{"start":{"line":29,"column":10},"end":{"line":29,"column":22}},"17":{"start":{"line":31,"column":10},"end":{"line":31,"column":39}},"18":{"start":{"line":32,"column":10},"end":{"line":32,"column":76}},"19":{"start":{"line":33,"column":10},"end":{"line":33,"column":45}},"20":{"start":{"line":34,"column":10},"end":{"line":34,"column":36}},"21":{"start":{"line":37,"column":8},"end":{"line":48,"column":9}},"22":{"start":{"line":38,"column":10},"end":{"line":38,"column":39}},"23":{"start":{"line":39,"column":10},"end":{"line":39,"column":22}},"24":{"start":{"line":40,"column":15},"end":{"line":48,"column":9}},"25":{"start":{"line":41,"column":10},"end":{"line":41,"column":39}},"26":{"start":{"line":42,"column":10},"end":{"line":42,"column":22}},"27":{"start":{"line":44,"column":10},"end":{"line":44,"column":40}},"28":{"start":{"line":45,"column":10},"end":{"line":45,"column":41}},"29":{"start":{"line":46,"column":10},"end":{"line":46,"column":47}},"30":{"start":{"line":47,"column":10},"end":{"line":47,"column":33}}},"fnMap":{"0":{"name":"(anonymous_0)","decl":{"start":{"line":2,"column":2},"end":{"line":2,"column":3}},"loc":{"start":{"line":2,"column":10},"end":{"line":7,"column":3}},"line":2},"1":{"name":"(anonymous_1)","decl":{"start":{"line":9,"column":4},"end":{"line":9,"column":5}},"loc":{"start":{"line":9,"column":40},"end":{"line":15,"column":5}},"line":9},"2":{"name":"(anonymous_2)","decl":{"start":{"line":12,"column":35},"end":{"line":12,"column":36}},"loc":{"start":{"line":12,"column":45},"end":{"line":12,"column":56}},"line":12},"3":{"name":"(anonymous_3)","decl":{"start":{"line":17,"column":4},"end":{"line":17,"column":5}},"loc":{"start":{"line":17,"column":23},"end":{"line":50,"column":5}},"line":17}},"branchMap":{"0":{"loc":{"start":{"line":9,"column":29},"end":{"line":9,"column":38}},"type":"default-arg","locations":[{"start":{"line":9,"column":36},"end":{"line":9,"column":38}}],"line":9},"1":{"loc":{"start":{"line":19,"column":6},"end":{"line":25,"column":7}},"type":"if","locations":[{"start":{"line":19,"column":6},"end":{"line":25,"column":7}},{"start":{"line":19,"column":6},"end":{"line":25,"column":7}}],"line":19},"2":{"loc":{"start":{"line":21,"column":13},"end":{"line":25,"column":7}},"type":"if","locations":[{"start":{"line":21,"column":13},"end":{"line":25,"column":7}},{"start":{"line":21,"column":13},"end":{"line":25,"column":7}}],"line":21},"3":{"loc":{"start":{"line":26,"column":6},"end":{"line":49,"column":7}},"type":"if","locations":[{"start":{"line":26,"column":6},"end":{"line":49,"column":7}},{"start":{"line":26,"column":6},"end":{"line":49,"column":7}}],"line":26},"4":{"loc":{"start":{"line":27,"column":8},"end":{"line":35,"column":9}},"type":"if","locations":[{"start":{"line":27,"column":8},"end":{"line":35,"column":9}},{"start":{"line":27,"column":8},"end":{"line":35,"column":9}}],"line":27},"5":{"loc":{"start":{"line":37,"column":8},"end":{"line":48,"column":9}},"type":"if","locations":[{"start":{"line":37,"column":8},"end":{"line":48,"column":9}},{"start":{"line":37,"column":8},"end":{"line":48,"column":9}}],"line":37},"6":{"loc":{"start":{"line":40,"column":15},"end":{"line":48,"column":9}},"type":"if","locations":[{"start":{"line":40,"column":15},"end":{"line":48,"column":9}},{"start":{"line":40,"column":15},"end":{"line":48,"column":9}}],"line":40}},"s":{"0":47,"1":48,"2":48,"3":48,"4":267,"5":48,"6":48,"7":0,"8":0,"9":0,"10":0,"11":0,"12":0,"13":0,"14":0,"15":0,"16":0,"17":0,"18":0,"19":0,"20":0,"21":0,"22":0,"23":0,"24":0,"25":0,"26":0,"27":0,"28":0,"29":0,"30":0},"f":{"0":47,"1":48,"2":267,"3":0},"b":{"0":[8],"1":[0,0],"2":[0,0],"3":[0,0],"4":[0,0],"5":[0,0],"6":[0,0]},"_coverageSchema":"43e27e138ebf9cfc5966b082cf9a028302ed4184","hash":"4a898b9639d6d880041d3ff3cfe88d27331f21bc"}
,"/Users/admin/tc/tolu/app/src/mixins/xmlOperation.js": {"path":"/Users/admin/tc/tolu/app/src/mixins/xmlOperation.js","statementMap":{"0":{"start":{"line":6,"column":18},"end":{"line":6,"column":22}},"1":{"start":{"line":9,"column":4},"end":{"line":16,"column":5}},"2":{"start":{"line":35,"column":6},"end":{"line":35,"column":51}},"3":{"start":{"line":38,"column":6},"end":{"line":41,"column":8}},"4":{"start":{"line":44,"column":6},"end":{"line":48,"column":7}},"5":{"start":{"line":47,"column":8},"end":{"line":47,"column":29}},"6":{"start":{"line":51,"column":6},"end":{"line":51,"column":21}},"7":{"start":{"line":51,"column":15},"end":{"line":51,"column":21}},"8":{"start":{"line":52,"column":6},"end":{"line":52,"column":62}},"9":{"start":{"line":53,"column":6},"end":{"line":53,"column":28}},"10":{"start":{"line":56,"column":6},"end":{"line":56,"column":38}},"11":{"start":{"line":57,"column":6},"end":{"line":57,"column":28}},"12":{"start":{"line":60,"column":6},"end":{"line":66,"column":7}},"13":{"start":{"line":61,"column":8},"end":{"line":64,"column":10}},"14":{"start":{"line":65,"column":8},"end":{"line":65,"column":54}},"15":{"start":{"line":69,"column":6},"end":{"line":69,"column":71}},"16":{"start":{"line":76,"column":8},"end":{"line":76,"column":33}},"17":{"start":{"line":77,"column":8},"end":{"line":90,"column":9}},"18":{"start":{"line":94,"column":8},"end":{"line":94,"column":52}},"19":{"start":{"line":94,"column":30},"end":{"line":94,"column":52}},"20":{"start":{"line":98,"column":8},"end":{"line":103,"column":9}},"21":{"start":{"line":99,"column":22},"end":{"line":99,"column":40}},"22":{"start":{"line":100,"column":10},"end":{"line":100,"column":93}},"23":{"start":{"line":101,"column":15},"end":{"line":103,"column":9}},"24":{"start":{"line":102,"column":10},"end":{"line":102,"column":42}},"25":{"start":{"line":104,"column":8},"end":{"line":107,"column":10}}},"fnMap":{"0":{"name":"(anonymous_0)","decl":{"start":{"line":8,"column":2},"end":{"line":8,"column":3}},"loc":{"start":{"line":8,"column":10},"end":{"line":17,"column":3}},"line":8},"1":{"name":"(anonymous_1)","decl":{"start":{"line":34,"column":4},"end":{"line":34,"column":5}},"loc":{"start":{"line":34,"column":22},"end":{"line":36,"column":5}},"line":34},"2":{"name":"(anonymous_2)","decl":{"start":{"line":37,"column":4},"end":{"line":37,"column":5}},"loc":{"start":{"line":37,"column":29},"end":{"line":42,"column":5}},"line":37},"3":{"name":"(anonymous_3)","decl":{"start":{"line":43,"column":4},"end":{"line":43,"column":5}},"loc":{"start":{"line":43,"column":21},"end":{"line":49,"column":5}},"line":43},"4":{"name":"(anonymous_4)","decl":{"start":{"line":50,"column":4},"end":{"line":50,"column":5}},"loc":{"start":{"line":50,"column":30},"end":{"line":54,"column":5}},"line":50},"5":{"name":"(anonymous_5)","decl":{"start":{"line":55,"column":4},"end":{"line":55,"column":5}},"loc":{"start":{"line":55,"column":22},"end":{"line":58,"column":5}},"line":55},"6":{"name":"(anonymous_6)","decl":{"start":{"line":59,"column":4},"end":{"line":59,"column":5}},"loc":{"start":{"line":59,"column":52},"end":{"line":67,"column":5}},"line":59},"7":{"name":"(anonymous_7)","decl":{"start":{"line":68,"column":4},"end":{"line":68,"column":5}},"loc":{"start":{"line":68,"column":26},"end":{"line":70,"column":5}},"line":68},"8":{"name":"(anonymous_8)","decl":{"start":{"line":75,"column":6},"end":{"line":75,"column":7}},"loc":{"start":{"line":75,"column":19},"end":{"line":91,"column":7}},"line":75},"9":{"name":"(anonymous_9)","decl":{"start":{"line":93,"column":6},"end":{"line":93,"column":7}},"loc":{"start":{"line":93,"column":33},"end":{"line":95,"column":7}},"line":93},"10":{"name":"(anonymous_10)","decl":{"start":{"line":97,"column":6},"end":{"line":97,"column":7}},"loc":{"start":{"line":97,"column":20},"end":{"line":108,"column":7}},"line":97}},"branchMap":{"0":{"loc":{"start":{"line":35,"column":13},"end":{"line":35,"column":51}},"type":"binary-expr","locations":[{"start":{"line":35,"column":13},"end":{"line":35,"column":24}},{"start":{"line":35,"column":28},"end":{"line":35,"column":51}}],"line":35},"1":{"loc":{"start":{"line":44,"column":6},"end":{"line":48,"column":7}},"type":"if","locations":[{"start":{"line":44,"column":6},"end":{"line":48,"column":7}},{"start":{"line":44,"column":6},"end":{"line":48,"column":7}}],"line":44},"2":{"loc":{"start":{"line":51,"column":6},"end":{"line":51,"column":21}},"type":"if","locations":[{"start":{"line":51,"column":6},"end":{"line":51,"column":21}},{"start":{"line":51,"column":6},"end":{"line":51,"column":21}}],"line":51},"3":{"loc":{"start":{"line":59,"column":33},"end":{"line":59,"column":50}},"type":"default-arg","locations":[{"start":{"line":59,"column":41},"end":{"line":59,"column":50}}],"line":59},"4":{"loc":{"start":{"line":60,"column":6},"end":{"line":66,"column":7}},"type":"if","locations":[{"start":{"line":60,"column":6},"end":{"line":66,"column":7}},{"start":{"line":60,"column":6},"end":{"line":66,"column":7}}],"line":60},"5":{"loc":{"start":{"line":60,"column":10},"end":{"line":60,"column":30}},"type":"binary-expr","locations":[{"start":{"line":60,"column":10},"end":{"line":60,"column":12}},{"start":{"line":60,"column":16},"end":{"line":60,"column":30}}],"line":60},"6":{"loc":{"start":{"line":69,"column":13},"end":{"line":69,"column":71}},"type":"binary-expr","locations":[{"start":{"line":69,"column":13},"end":{"line":69,"column":24}},{"start":{"line":69,"column":29},"end":{"line":69,"column":70}}],"line":69},"7":{"loc":{"start":{"line":85,"column":18},"end":{"line":87,"column":44}},"type":"cond-expr","locations":[{"start":{"line":86,"column":18},"end":{"line":86,"column":40}},{"start":{"line":87,"column":18},"end":{"line":87,"column":44}}],"line":85},"8":{"loc":{"start":{"line":94,"column":8},"end":{"line":94,"column":52}},"type":"if","locations":[{"start":{"line":94,"column":8},"end":{"line":94,"column":52}},{"start":{"line":94,"column":8},"end":{"line":94,"column":52}}],"line":94},"9":{"loc":{"start":{"line":94,"column":12},"end":{"line":94,"column":28}},"type":"binary-expr","locations":[{"start":{"line":94,"column":12},"end":{"line":94,"column":20}},{"start":{"line":94,"column":24},"end":{"line":94,"column":28}}],"line":94},"10":{"loc":{"start":{"line":98,"column":8},"end":{"line":103,"column":9}},"type":"if","locations":[{"start":{"line":98,"column":8},"end":{"line":103,"column":9}},{"start":{"line":98,"column":8},"end":{"line":103,"column":9}}],"line":98},"11":{"loc":{"start":{"line":101,"column":15},"end":{"line":103,"column":9}},"type":"if","locations":[{"start":{"line":101,"column":15},"end":{"line":103,"column":9}},{"start":{"line":101,"column":15},"end":{"line":103,"column":9}}],"line":101}},"s":{"0":0,"1":0,"2":0,"3":0,"4":0,"5":0,"6":0,"7":0,"8":0,"9":0,"10":0,"11":0,"12":0,"13":0,"14":0,"15":0,"16":0,"17":0,"18":0,"19":0,"20":0,"21":0,"22":0,"23":0,"24":0,"25":0},"f":{"0":0,"1":0,"2":0,"3":0,"4":0,"5":0,"6":0,"7":0,"8":0,"9":0,"10":0},"b":{"0":[0,0],"1":[0,0],"2":[0,0],"3":[0],"4":[0,0],"5":[0,0],"6":[0,0],"7":[0,0],"8":[0,0],"9":[0,0],"10":[0,0],"11":[0,0]},"hash":"b6d24e911cfbf8727477c61a5a6190d8c4ee2a8f"}
,"/Users/admin/tc/tolu/app/src/modules/JobMgr.js": {"path":"/Users/admin/tc/tolu/app/src/modules/JobMgr.js","statementMap":{"0":{"start":{"line":6,"column":2},"end":{"line":6,"column":21}},"1":{"start":{"line":7,"column":2},"end":{"line":7,"column":19}},"2":{"start":{"line":8,"column":2},"end":{"line":8,"column":17}},"3":{"start":{"line":9,"column":2},"end":{"line":9,"column":25}},"4":{"start":{"line":10,"column":2},"end":{"line":10,"column":27}},"5":{"start":{"line":11,"column":2},"end":{"line":11,"column":39}},"6":{"start":{"line":12,"column":2},"end":{"line":12,"column":43}},"7":{"start":{"line":13,"column":2},"end":{"line":13,"column":39}},"8":{"start":{"line":15,"column":0},"end":{"line":126,"column":1}},"9":{"start":{"line":17,"column":4},"end":{"line":17,"column":21}},"10":{"start":{"line":20,"column":4},"end":{"line":33,"column":5}},"11":{"start":{"line":21,"column":6},"end":{"line":27,"column":7}},"12":{"start":{"line":22,"column":21},"end":{"line":22,"column":48}},"13":{"start":{"line":23,"column":8},"end":{"line":26,"column":9}},"14":{"start":{"line":24,"column":10},"end":{"line":24,"column":83}},"15":{"start":{"line":25,"column":10},"end":{"line":25,"column":87}},"16":{"start":{"line":28,"column":6},"end":{"line":28,"column":74}},"17":{"start":{"line":29,"column":11},"end":{"line":33,"column":5}},"18":{"start":{"line":30,"column":6},"end":{"line":30,"column":38}},"19":{"start":{"line":32,"column":6},"end":{"line":32,"column":38}},"20":{"start":{"line":37,"column":4},"end":{"line":101,"column":5}},"21":{"start":{"line":38,"column":6},"end":{"line":38,"column":62}},"22":{"start":{"line":41,"column":24},"end":{"line":41,"column":26}},"23":{"start":{"line":42,"column":20},"end":{"line":42,"column":22}},"24":{"start":{"line":43,"column":20},"end":{"line":43,"column":49}},"25":{"start":{"line":44,"column":6},"end":{"line":46,"column":7}},"26":{"start":{"line":45,"column":8},"end":{"line":45,"column":23}},"27":{"start":{"line":47,"column":6},"end":{"line":51,"column":7}},"28":{"start":{"line":48,"column":8},"end":{"line":48,"column":41}},"29":{"start":{"line":50,"column":8},"end":{"line":50,"column":46}},"30":{"start":{"line":52,"column":6},"end":{"line":100,"column":7}},"31":{"start":{"line":53,"column":8},"end":{"line":97,"column":12}},"32":{"start":{"line":59,"column":12},"end":{"line":59,"column":44}},"33":{"start":{"line":60,"column":12},"end":{"line":68,"column":14}},"34":{"start":{"line":62,"column":14},"end":{"line":67,"column":17}},"35":{"start":{"line":69,"column":12},"end":{"line":93,"column":16}},"36":{"start":{"line":72,"column":16},"end":{"line":78,"column":18}},"37":{"start":{"line":74,"column":34},"end":{"line":74,"column":59}},"38":{"start":{"line":75,"column":32},"end":{"line":75,"column":55}},"39":{"start":{"line":76,"column":18},"end":{"line":76,"column":65}},"40":{"start":{"line":77,"column":18},"end":{"line":77,"column":69}},"41":{"start":{"line":79,"column":16},"end":{"line":89,"column":20}},"42":{"start":{"line":85,"column":20},"end":{"line":85,"column":54}},"43":{"start":{"line":88,"column":20},"end":{"line":88,"column":56}},"44":{"start":{"line":92,"column":16},"end":{"line":92,"column":52}},"45":{"start":{"line":96,"column":12},"end":{"line":96,"column":48}},"46":{"start":{"line":99,"column":8},"end":{"line":99,"column":44}},"47":{"start":{"line":104,"column":4},"end":{"line":104,"column":26}},"48":{"start":{"line":107,"column":4},"end":{"line":107,"column":23}},"49":{"start":{"line":110,"column":4},"end":{"line":110,"column":36}},"50":{"start":{"line":113,"column":13},"end":{"line":113,"column":17}},"51":{"start":{"line":114,"column":4},"end":{"line":116,"column":5}},"52":{"start":{"line":115,"column":6},"end":{"line":115,"column":34}},"53":{"start":{"line":117,"column":4},"end":{"line":117,"column":13}},"54":{"start":{"line":120,"column":16},"end":{"line":120,"column":41}},"55":{"start":{"line":121,"column":4},"end":{"line":121,"column":115}},"56":{"start":{"line":124,"column":4},"end":{"line":124,"column":37}}},"fnMap":{"0":{"name":"JobMgr","decl":{"start":{"line":5,"column":16},"end":{"line":5,"column":22}},"loc":{"start":{"line":5,"column":26},"end":{"line":14,"column":1}},"line":5},"1":{"name":"(anonymous_1)","decl":{"start":{"line":16,"column":12},"end":{"line":16,"column":13}},"loc":{"start":{"line":16,"column":24},"end":{"line":18,"column":3}},"line":16},"2":{"name":"(anonymous_2)","decl":{"start":{"line":19,"column":13},"end":{"line":19,"column":14}},"loc":{"start":{"line":19,"column":45},"end":{"line":34,"column":3}},"line":19},"3":{"name":"(anonymous_3)","decl":{"start":{"line":35,"column":13},"end":{"line":35,"column":14}},"loc":{"start":{"line":35,"column":57},"end":{"line":102,"column":3}},"line":35},"4":{"name":"(anonymous_4)","decl":{"start":{"line":58,"column":16},"end":{"line":58,"column":17}},"loc":{"start":{"line":58,"column":31},"end":{"line":94,"column":11}},"line":58},"5":{"name":"(anonymous_5)","decl":{"start":{"line":60,"column":39},"end":{"line":60,"column":40}},"loc":{"start":{"line":60,"column":52},"end":{"line":68,"column":13}},"line":60},"6":{"name":"(anonymous_6)","decl":{"start":{"line":70,"column":20},"end":{"line":70,"column":21}},"loc":{"start":{"line":70,"column":27},"end":{"line":90,"column":15}},"line":70},"7":{"name":"(anonymous_7)","decl":{"start":{"line":72,"column":26},"end":{"line":72,"column":27}},"loc":{"start":{"line":72,"column":39},"end":{"line":78,"column":17}},"line":72},"8":{"name":"(anonymous_8)","decl":{"start":{"line":84,"column":24},"end":{"line":84,"column":25}},"loc":{"start":{"line":84,"column":39},"end":{"line":86,"column":19}},"line":84},"9":{"name":"(anonymous_9)","decl":{"start":{"line":87,"column":25},"end":{"line":87,"column":26}},"loc":{"start":{"line":87,"column":40},"end":{"line":89,"column":19}},"line":87},"10":{"name":"(anonymous_10)","decl":{"start":{"line":91,"column":21},"end":{"line":91,"column":22}},"loc":{"start":{"line":91,"column":36},"end":{"line":93,"column":15}},"line":91},"11":{"name":"(anonymous_11)","decl":{"start":{"line":95,"column":17},"end":{"line":95,"column":18}},"loc":{"start":{"line":95,"column":32},"end":{"line":97,"column":11}},"line":95},"12":{"name":"(anonymous_12)","decl":{"start":{"line":103,"column":14},"end":{"line":103,"column":15}},"loc":{"start":{"line":103,"column":33},"end":{"line":105,"column":3}},"line":103},"13":{"name":"(anonymous_13)","decl":{"start":{"line":106,"column":14},"end":{"line":106,"column":15}},"loc":{"start":{"line":106,"column":26},"end":{"line":108,"column":3}},"line":106},"14":{"name":"(anonymous_14)","decl":{"start":{"line":109,"column":16},"end":{"line":109,"column":17}},"loc":{"start":{"line":109,"column":28},"end":{"line":111,"column":3}},"line":109},"15":{"name":"(anonymous_15)","decl":{"start":{"line":112,"column":15},"end":{"line":112,"column":16}},"loc":{"start":{"line":112,"column":30},"end":{"line":118,"column":3}},"line":112},"16":{"name":"(anonymous_16)","decl":{"start":{"line":119,"column":16},"end":{"line":119,"column":17}},"loc":{"start":{"line":119,"column":45},"end":{"line":122,"column":3}},"line":119},"17":{"name":"(anonymous_17)","decl":{"start":{"line":123,"column":20},"end":{"line":123,"column":21}},"loc":{"start":{"line":123,"column":44},"end":{"line":125,"column":3}},"line":123}},"branchMap":{"0":{"loc":{"start":{"line":20,"column":4},"end":{"line":33,"column":5}},"type":"if","locations":[{"start":{"line":20,"column":4},"end":{"line":33,"column":5}},{"start":{"line":20,"column":4},"end":{"line":33,"column":5}}],"line":20},"1":{"loc":{"start":{"line":21,"column":6},"end":{"line":27,"column":7}},"type":"if","locations":[{"start":{"line":21,"column":6},"end":{"line":27,"column":7}},{"start":{"line":21,"column":6},"end":{"line":27,"column":7}}],"line":21},"2":{"loc":{"start":{"line":21,"column":10},"end":{"line":21,"column":39}},"type":"binary-expr","locations":[{"start":{"line":21,"column":10},"end":{"line":21,"column":20}},{"start":{"line":21,"column":24},"end":{"line":21,"column":39}}],"line":21},"3":{"loc":{"start":{"line":23,"column":8},"end":{"line":26,"column":9}},"type":"if","locations":[{"start":{"line":23,"column":8},"end":{"line":26,"column":9}},{"start":{"line":23,"column":8},"end":{"line":26,"column":9}}],"line":23},"4":{"loc":{"start":{"line":29,"column":11},"end":{"line":33,"column":5}},"type":"if","locations":[{"start":{"line":29,"column":11},"end":{"line":33,"column":5}},{"start":{"line":29,"column":11},"end":{"line":33,"column":5}}],"line":29},"5":{"loc":{"start":{"line":37,"column":4},"end":{"line":101,"column":5}},"type":"if","locations":[{"start":{"line":37,"column":4},"end":{"line":101,"column":5}},{"start":{"line":37,"column":4},"end":{"line":101,"column":5}}],"line":37},"6":{"loc":{"start":{"line":44,"column":6},"end":{"line":46,"column":7}},"type":"if","locations":[{"start":{"line":44,"column":6},"end":{"line":46,"column":7}},{"start":{"line":44,"column":6},"end":{"line":46,"column":7}}],"line":44},"7":{"loc":{"start":{"line":44,"column":10},"end":{"line":44,"column":35}},"type":"binary-expr","locations":[{"start":{"line":44,"column":10},"end":{"line":44,"column":15}},{"start":{"line":44,"column":19},"end":{"line":44,"column":35}}],"line":44},"8":{"loc":{"start":{"line":47,"column":6},"end":{"line":51,"column":7}},"type":"if","locations":[{"start":{"line":47,"column":6},"end":{"line":51,"column":7}},{"start":{"line":47,"column":6},"end":{"line":51,"column":7}}],"line":47},"9":{"loc":{"start":{"line":114,"column":4},"end":{"line":116,"column":5}},"type":"if","locations":[{"start":{"line":114,"column":4},"end":{"line":116,"column":5}},{"start":{"line":114,"column":4},"end":{"line":116,"column":5}}],"line":114},"10":{"loc":{"start":{"line":114,"column":8},"end":{"line":114,"column":51}},"type":"binary-expr","locations":[{"start":{"line":114,"column":8},"end":{"line":114,"column":16}},{"start":{"line":114,"column":20},"end":{"line":114,"column":51}}],"line":114}},"s":{"0":0,"1":0,"2":0,"3":0,"4":0,"5":0,"6":0,"7":0,"8":2,"9":0,"10":0,"11":0,"12":0,"13":0,"14":0,"15":0,"16":0,"17":0,"18":0,"19":0,"20":0,"21":0,"22":0,"23":0,"24":0,"25":0,"26":0,"27":0,"28":0,"29":0,"30":0,"31":0,"32":0,"33":0,"34":0,"35":0,"36":0,"37":0,"38":0,"39":0,"40":0,"41":0,"42":0,"43":0,"44":0,"45":0,"46":0,"47":0,"48":0,"49":0,"50":0,"51":0,"52":0,"53":0,"54":0,"55":0,"56":0},"f":{"0":0,"1":0,"2":0,"3":0,"4":0,"5":0,"6":0,"7":0,"8":0,"9":0,"10":0,"11":0,"12":0,"13":0,"14":0,"15":0,"16":0,"17":0},"b":{"0":[0,0],"1":[0,0],"2":[0,0],"3":[0,0],"4":[0,0],"5":[0,0],"6":[0,0],"7":[0,0],"8":[0,0],"9":[0,0],"10":[0,0]},"_coverageSchema":"43e27e138ebf9cfc5966b082cf9a028302ed4184","hash":"2470f407037ab5af37947081c50f382b2e97bd2e"}
,"/Users/admin/tc/tolu/app/src/modules/PixelUnit.js": {"path":"/Users/admin/tc/tolu/app/src/modules/PixelUnit.js","statementMap":{"0":{"start":{"line":12,"column":15},"end":{"line":12,"column":19}},"1":{"start":{"line":15,"column":35},"end":{"line":15,"column":39}},"2":{"start":{"line":17,"column":4},"end":{"line":17,"column":22}},"3":{"start":{"line":18,"column":4},"end":{"line":18,"column":16}},"4":{"start":{"line":19,"column":4},"end":{"line":19,"column":12}},"5":{"start":{"line":20,"column":4},"end":{"line":20,"column":32}},"6":{"start":{"line":21,"column":4},"end":{"line":21,"column":16}},"7":{"start":{"line":22,"column":4},"end":{"line":22,"column":26}},"8":{"start":{"line":23,"column":4},"end":{"line":23,"column":59}},"9":{"start":{"line":24,"column":4},"end":{"line":24,"column":30}},"10":{"start":{"line":25,"column":4},"end":{"line":25,"column":34}},"11":{"start":{"line":26,"column":4},"end":{"line":26,"column":32}},"12":{"start":{"line":27,"column":4},"end":{"line":27,"column":34}},"13":{"start":{"line":28,"column":4},"end":{"line":28,"column":34}},"14":{"start":{"line":29,"column":4},"end":{"line":29,"column":21}},"15":{"start":{"line":30,"column":4},"end":{"line":32,"column":5}},"16":{"start":{"line":31,"column":6},"end":{"line":31,"column":15}},"17":{"start":{"line":34,"column":4},"end":{"line":34,"column":39}},"18":{"start":{"line":38,"column":4},"end":{"line":38,"column":28}},"19":{"start":{"line":42,"column":4},"end":{"line":42,"column":29}},"20":{"start":{"line":46,"column":4},"end":{"line":46,"column":22}},"21":{"start":{"line":50,"column":15},"end":{"line":50,"column":19}},"22":{"start":{"line":51,"column":16},"end":{"line":51,"column":51}},"23":{"start":{"line":52,"column":16},"end":{"line":52,"column":52}},"24":{"start":{"line":53,"column":14},"end":{"line":53,"column":40}},"25":{"start":{"line":54,"column":14},"end":{"line":54,"column":40}},"26":{"start":{"line":55,"column":4},"end":{"line":55,"column":25}},"27":{"start":{"line":59,"column":15},"end":{"line":59,"column":19}},"28":{"start":{"line":60,"column":14},"end":{"line":60,"column":19}},"29":{"start":{"line":61,"column":14},"end":{"line":61,"column":19}},"30":{"start":{"line":62,"column":15},"end":{"line":62,"column":66}},"31":{"start":{"line":63,"column":15},"end":{"line":63,"column":67}},"32":{"start":{"line":64,"column":15},"end":{"line":64,"column":58}},"33":{"start":{"line":65,"column":15},"end":{"line":65,"column":59}},"34":{"start":{"line":66,"column":4},"end":{"line":66,"column":43}},"35":{"start":{"line":70,"column":17},"end":{"line":70,"column":19}},"36":{"start":{"line":71,"column":17},"end":{"line":71,"column":19}},"37":{"start":{"line":72,"column":17},"end":{"line":72,"column":19}},"38":{"start":{"line":73,"column":17},"end":{"line":73,"column":19}},"39":{"start":{"line":74,"column":17},"end":{"line":74,"column":19}},"40":{"start":{"line":75,"column":17},"end":{"line":75,"column":19}},"41":{"start":{"line":76,"column":17},"end":{"line":76,"column":19}},"42":{"start":{"line":77,"column":4},"end":{"line":77,"column":29}},"43":{"start":{"line":78,"column":4},"end":{"line":78,"column":18}},"44":{"start":{"line":80,"column":4},"end":{"line":80,"column":18}},"45":{"start":{"line":81,"column":4},"end":{"line":81,"column":29}},"46":{"start":{"line":83,"column":4},"end":{"line":83,"column":29}},"47":{"start":{"line":84,"column":4},"end":{"line":84,"column":29}},"48":{"start":{"line":86,"column":4},"end":{"line":86,"column":29}},"49":{"start":{"line":87,"column":4},"end":{"line":87,"column":18}},"50":{"start":{"line":89,"column":4},"end":{"line":89,"column":18}},"51":{"start":{"line":90,"column":4},"end":{"line":90,"column":29}},"52":{"start":{"line":92,"column":4},"end":{"line":92,"column":29}},"53":{"start":{"line":93,"column":4},"end":{"line":93,"column":29}},"54":{"start":{"line":95,"column":4},"end":{"line":95,"column":18}},"55":{"start":{"line":96,"column":4},"end":{"line":96,"column":18}},"56":{"start":{"line":97,"co
[...]
{"start":{"line":193,"column":6},"end":{"line":193,"column":41}},"71":{"start":{"line":195,"column":6},"end":{"line":202,"column":7}},"72":{"start":{"line":199,"column":24},"end":{"line":199,"column":61}},"73":{"start":{"line":207,"column":20},"end":{"line":207,"column":47}},"74":{"start":{"line":208,"column":18},"end":{"line":208,"column":43}},"75":{"start":{"line":209,"column":4},"end":{"line":218,"column":5}},"76":{"start":{"line":210,"column":6},"end":{"line":217,"column":7}},"77":{"start":{"line":219,"column":4},"end":{"line":226,"column":5}},"78":{"start":{"line":227,"column":4},"end":{"line":250,"column":5}},"79":{"start":{"line":228,"column":6},"end":{"line":228,"column":39}},"80":{"start":{"line":229,"column":18},"end":{"line":229,"column":43}},"81":{"start":{"line":230,"column":22},"end":{"line":230,"column":50}},"82":{"start":{"line":231,"column":6},"end":{"line":240,"column":7}},"83":{"start":{"line":232,"column":8},"end":{"line":239,"column":9}},"84":{"start":{"line":242,"column":6},"end":{"line":249,"column":7}},"85":{"start":{"line":246,"column":24},"end":{"line":246,"column":49}}},"fnMap":{"0":{"name":"handleError","decl":{"start":{"line":16,"column":9},"end":{"line":16,"column":20}},"loc":{"start":{"line":16,"column":43},"end":{"line":21,"column":1}},"line":16},"1":{"name":"(anonymous_1)","decl":{"start":{"line":24,"column":2},"end":{"line":24,"column":3}},"loc":{"start":{"line":24,"column":32},"end":{"line":46,"column":3}},"line":24},"2":{"name":"(anonymous_2)","decl":{"start":{"line":38,"column":18},"end":{"line":38,"column":19}},"loc":{"start":{"line":38,"column":24},"end":{"line":38,"column":57}},"line":38},"3":{"name":"(anonymous_3)","decl":{"start":{"line":48,"column":2},"end":{"line":48,"column":3}},"loc":{"start":{"line":48,"column":66},"end":{"line":85,"column":3}},"line":48},"4":{"name":"(anonymous_4)","decl":{"start":{"line":79,"column":17},"end":{"line":79,"column":18}},"loc":{"start":{"line":79,"column":23},"end":{"line":79,"column":57}},"line":79},"5":{"name":"(anonymous_5)","decl":{"start":{"line":87,"column":2},"end":{"line":87,"column":3}},"loc":{"start":{"line":87,"column":76},"end":{"line":123,"column":3}},"line":87},"6":{"name":"(anonymous_6)","decl":{"start":{"line":108,"column":17},"end":{"line":108,"column":18}},"loc":{"start":{"line":108,"column":23},"end":{"line":108,"column":57}},"line":108},"7":{"name":"(anonymous_7)","decl":{"start":{"line":125,"column":2},"end":{"line":125,"column":3}},"loc":{"start":{"line":125,"column":50},"end":{"line":156,"column":3}},"line":125},"8":{"name":"(anonymous_8)","decl":{"start":{"line":158,"column":2},"end":{"line":158,"column":3}},"loc":{"start":{"line":158,"column":63},"end":{"line":204,"column":3}},"line":158},"9":{"name":"(anonymous_9)","decl":{"start":{"line":199,"column":18},"end":{"line":199,"column":19}},"loc":{"start":{"line":199,"column":24},"end":{"line":199,"column":61}},"line":199},"10":{"name":"(anonymous_10)","decl":{"start":{"line":206,"column":2},"end":{"line":206,"column":3}},"loc":{"start":{"line":206,"column":58},"end":{"line":251,"column":3}},"line":206},"11":{"name":"(anonymous_11)","decl":{"start":{"line":246,"column":18},"end":{"line":246,"column":19}},"loc":{"start":{"line":246,"column":24},"end":{"line":246,"column":49}},"line":246}},"branchMap":{"0":{"loc":{"start":{"line":17,"column":2},"end":{"line":19,"column":3}},"type":"if","locations":[{"start":{"line":17,"column":2},"end":{"line":19,"column":3}},{"start":{"line":17,"column":2},"end":{"line":19,"column":3}}],"line":17},"1":{"loc":{"start":{"line":32,"column":4},"end":{"line":43,"column":5}},"type":"if","locations":[{"start":{"line":32,"column":4},"end":{"line":43,"column":5}},{"start":{"line":32,"column":4},"end":{"line":43,"column":5}}],"line":32},"2":{"loc":{"start":{"line":32,"column":8},"end":{"line":32,"column":76}},"type":"binary-expr","locations":[{"start":{"line":32,"column":8},"end":{"line":32,"column":17}},{"start":{"line":32,"column":21},"end":{"line":32,"column":49}},{"start":{"line":32,"column":53},"end":{"line":32,"column":76}}],"line":32},"3":{"loc":{"start":{"line":69,"column":6},"end":{"line":72,"column":7}},"type":"if","locations":[{"start":{"line":69,"column":6},"end":{"line":72,"column":7}},{"start":{"line":69,"column":6},"end":{"line":72,"column":7}}],"line":69},"4":{"loc":{"start":{"line":69,"column":10},"end":{"line":69,"column":62}},"type":"binary-expr","locations":[{"start":{"line":69,"column":10},"end":{"line":69,"column":19}},{"start":{"line":69,"column":23},"end":{"line":69,"column":35}},{"start":{"line":69,"column":39},"end":{"line":69,"column":62}}],"line":69},"5":{"loc":{"start":{"line":70,"column":32},"end":{"line":70,"column":76}},"type":"binary-expr","locations":[{"start":{"line":70,"column":32},"end":{"line":70,"column":49}},{"start":{"line":70,"column":53},"end":{"line":70,"column":76}}],"line":70},"6":{"loc":{"start":{"line":75,"column":6},"end":{"line":80,"column":7}},"type":"if","locations":[{"start":{"line":75,"column":6},"end":{"line":80,"column":7}},{"start":{"line":75,"column":6},"end":{"line":80,"column":7}}],"line":75},"7":{"loc":{"start":{"line":96,"column":6},"end":{"line":103,"column":7}},"type":"if","locations":[{"start":{"line":96,"column":6},"end":{"line":103,"column":7}},{"start":{"line":96,"column":6},"end":{"line":103,"column":7}}],"line":96},"8":{"loc":{"start":{"line":97,"column":8},"end":{"line":99,"column":31}},"type":"binary-expr","locations":[{"start":{"line":97,"column":8},"end":{"line":97,"column":17}},{"start":{"line":98,"column":8},"end":{"line":98,"column":36}},{"start":{"line":99,"column":8},"end":{"line":99,"column":31}}],"line":97},"9":{"loc":{"start":{"line":101,"column":32},"end":{"line":101,"column":76}},"type":"binary-expr","locations":[{"start":{"line":101,"column":32},"end":{"line":101,"column":49}},{"start":{"line":101,"column":53},"end":{"line":101,"column":76}}],"line":101},"10":{"loc":{"start":{"line":107,"column":6},"end":{"line":118,"column":7}},"type":"if","locations":[{"start":{"line":107,"column":6},"end":{"line":118,"column":7}},{"start":{"line":107,"column":6},"end":{"line":118,"column":7}}],"line":107},"11":{"loc":{"start":{"line":107,"column":10},"end":{"line":107,"column":64}},"type":"binary-expr","locations":[{"start":{"line":107,"column":10},"end":{"line":107,"column":39}},{"start":{"line":107,"column":43},"end":{"line":107,"column":64}}],"line":107},"12":{"loc":{"start":{"line":113,"column":8},"end":{"line":117,"column":9}},"type":"if","locations":[{"start":{"line":113,"column":8},"end":{"line":117,"column":9}},{"start":{"line":113,"column":8},"end":{"line":117,"column":9}}],"line":113},"13":{"loc":{"start":{"line":115,"column":15},"end":{"line":117,"column":9}},"type":"if","locations":[{"start":{"line":115,"column":15},"end":{"line":117,"column":9}},{"start":{"line":115,"column":15},"end":{"line":117,"column":9}}],"line":115},"14":{"loc":{"start":{"line":134,"column":6},"end":{"line":143,"column":7}},"type":"if","locations":[{"start":{"line":134,"column":6},"end":{"line":143,"column":7}},{"start":{"line":134,"column":6},"end":{"line":143,"column":7}}],"line":134},"15":{"loc":{"start":{"line":134,"column":10},"end":{"line":134,"column":46}},"type":"binary-expr","locations":[{"start":{"line":134,"column":10},"end":{"line":134,"column":19}},{"start":{"line":134,"column":23},"end":{"line":134,"column":46}}],"line":134},"16":{"loc":{"start":{"line":138,"column":21},"end":{"line":138,"column":64}},"type":"binary-expr","locations":[{"start":{"line":138,"column":21},"end":{"line":138,"column":38}},{"start":{"line":138,"column":42},"end":{"line":138,"column":64}}],"line":138},"17":{"loc":{"start":{"line":150,"column":19},"end":{"line":150,"column":51}},"type":"binary-expr","locations":[{"start":{"line":150,"column":19},"end":{"line":150,"column":33}},{"start":{"line":150,"column":37},"end":{"line":150,"column":51}}],"line":150},"18":{"loc":{"start":{"line":176,"column":6},"end":{"line":185,"column":7}},"type":"if","locations":[{"start":{"line":176,"column":6},"end":{"line":185,"column":7}},{"start":{"line":176,"column":6},"end":{"line":185,"column":7}}],"line":176},"19":{"loc":{"start":{"line":209,"column":4},"end":{"line":218,"column":5}},"type":"if","locations":[{"start":{"line":209,"column":4},"end":{"line":218,"column":5}},{"start":{"line":209,"column":4},"end":{"line":218,"column":5}}],"line":209},"20":{"loc":{"start":{"line":231,"column":6},"end":{"line":240,"column":7}},"type":"if","locations":[{"start":{"line":231,"column":6},"end":{"line":240,"column":7}},{"start":{"line":231,"column":6},"end":{"line":240,"column":7}}],"line":231}},"s":{"0":103,"1":0,"2":0,"3":0,"4":0,"5":0,"6":0,"7":0,"8":0,"9":0,"10":0,"11":0,"12":0,"13":0,"14":0,"15":0,"16":0,"17":0,"18":0,"19":0,"20":0,"21":0,"22":0,"23":0,"24":0,"25":0,"26":0,"27":0,"28":0,"29":0,"30":0,"31":0,"32":0,"33":0,"34":0,"35":0,"36":0,"37":0,"38":0,"39":0,"40":0,"41":0,"42":0,"43":0,"44":0,"45":0,"46":0,"47":0,"48":0,"49":2,"50":2,"51":2,"52":2,"53":2,"54":0,"55":0,"56":0,"57":1,"58":1,"59":1,"60":1,"61":1,"62":0,"63":0,"64":0,"65":0,"66":0,"67":0,"68":0,"69":0,"70":0,"71":1,"72":0,"73":1,"74":1,"75":1,"76":1,"77":0,"78":0,"79":0,"80":0,"81":0,"82":0,"83":0,"84":0,"85":0},"f":{"0":0,"1":0,"2":0,"3":0,"4":0,"5":0,"6":0,"7":2,"8":1,"9":0,"10":1,"11":0},"b":{"0":[0,0],"1":[0,0],"2":[0,0,0],"3":[0,0],"4":[0,0,0],"5":[0,0],"6":[0,0],"7":[0,0],"8":[0,0,0],"9":[0,0],"10":[0,0],"11":[0,0],"12":[0,0],"13":[0,0],"14":[2,0],"15":[2,2],"16":[2,2],"17":[0,0],"18":[0,0],"19":[1,0],"20":[0,0]},"_coverageSchema":"43e27e138ebf9cfc5966b082cf9a028302ed4184","hash":"ac8a4ee6b09e4ee442d533f22f24da40a3b4d027"}
,"/Users/admin/tc/tolu/app/src/store/modules/portal/getters.js": {"path":"/Users/admin/tc/tolu/app/src/store/modules/portal/getters.js","statementMap":{"0":{"start":{"line":3,"column":4},"end":{"line":3,"column":31}},"1":{"start":{"line":6,"column":4},"end":{"line":6,"column":31}},"2":{"start":{"line":9,"column":4},"end":{"line":9,"column":26}},"3":{"start":{"line":12,"column":4},"end":{"line":12,"column":24}},"4":{"start":{"line":15,"column":4},"end":{"line":15,"column":26}},"5":{"start":{"line":18,"column":4},"end":{"line":18,"column":23}},"6":{"start":{"line":21,"column":4},"end":{"line":21,"column":33}},"7":{"start":{"line":24,"column":4},"end":{"line":24,"column":31}},"8":{"start":{"line":27,"column":4},"end":{"line":27,"column":20}}},"fnMap":{"0":{"name":"(anonymous_0)","decl":{"start":{"line":2,"column":2},"end":{"line":2,"column":3}},"loc":{"start":{"line":2,"column":25},"end":{"line":4,"column":3}},"line":2},"1":{"name":"(anonymous_1)","decl":{"start":{"line":5,"column":2},"end":{"line":5,"column":3}},"loc":{"start":{"line":5,"column":25},"end":{"line":7,"column":3}},"line":5},"2":{"name":"(anonymous_2)","decl":{"start":{"line":8,"column":2},"end":{"line":8,"column":3}},"loc":{"start":{"line":8,"column":20},"end":{"line":10,"column":3}},"line":8},"3":{"name":"(anonymous_3)","decl":{"start":{"line":11,"column":2},"end":{"line":11,"column":3}},"loc":{"start":{"line":11,"column":18},"end":{"line":13,"column":3}},"line":11},"4":{"name":"(anonymous_4)","decl":{"start":{"line":14,"column":2},"end":{"line":14,"column":3}},"loc":{"start":{"line":14,"column":20},"end":{"line":16,"column":3}},"line":14},"5":{"name":"(anonymous_5)","decl":{"start":{"line":17,"column":2},"end":{"line":17,"column":3}},"loc":{"start":{"line":17,"column":17},"end":{"line":19,"column":3}},"line":17},"6":{"name":"(anonymous_6)","decl":{"start":{"line":20,"column":2},"end":{"line":20,"column":3}},"loc":{"start":{"line":20,"column":27},"end":{"line":22,"column":3}},"line":20},"7":{"name":"(anonymous_7)","decl":{"start":{"line":23,"column":2},"end":{"line":23,"column":3}},"loc":{"start":{"line":23,"column":25},"end":{"line":25,"column":3}},"line":23},"8":{"name":"(anonymous_8)","decl":{"start":{"line":26,"column":2},"end":{"line":26,"column":3}},"loc":{"start":{"line":26,"column":14},"end":{"line":28,"column":3}},"line":26}},"branchMap":{},"s":{"0":0,"1":0,"2":0,"3":0,"4":0,"5":0,"6":0,"7":0,"8":1},"f":{"0":0,"1":0,"2":0,"3":0,"4":0,"5":0,"6":0,"7":0,"8":1},"b":{},"_coverageSchema":"43e27e138ebf9cfc5966b082cf9a028302ed4184","hash":"0a9068aa2b9fb6e7c722e91c23a5093267dd952e"}
,"/Users/admin/tc/tolu/app/src/store/modules/portal/index.js": {"path":"/Users/admin/tc/tolu/app/src/store/modules/portal/index.js","statementMap":{"0":{"start":{"line":8,"column":4},"end":{"line":18,"column":5}}},"fnMap":{"0":{"name":"(anonymous_0)","decl":{"start":{"line":7,"column":2},"end":{"line":7,"column":3}},"loc":{"start":{"line":7,"column":11},"end":{"line":19,"column":3}},"line":7}},"branchMap":{},"s":{"0":103},"f":{"0":103},"b":{},"_coverageSchema":"43e27e138ebf9cfc5966b082cf9a028302ed4184","hash":"5b10e5e7e84024171d628e48bacc2cc1c33063a3"}
,"/Users/admin/tc/tolu/app/src/store/modules/portal/mutations.js": {"path":"/Users/admin/tc/tolu/app/src/store/modules/portal/mutations.js","statementMap":{"0":{"start":{"line":3,"column":4},"end":{"line":3,"column":34}},"1":{"start":{"line":6,"column":4},"end":{"line":6,"column":34}},"2":{"start":{"line":9,"column":4},"end":{"line":9,"column":29}},"3":{"start":{"line":12,"column":4},"end":{"line":12,"column":27}},"4":{"start":{"line":15,"column":4},"end":{"line":15,"column":38}},"5":{"start":{"line":18,"column":4},"end":{"line":18,"column":34}},"6":{"start":{"line":21,"column":4},"end":{"line":21,"column":25}},"7":{"start":{"line":22,"column":4},"end":{"line":22,"column":27}},"8":{"start":{"line":25,"column":4},"end":{"line":25,"column":23}}},"fnMap":{"0":{"name":"(anonymous_0)","decl":{"start":{"line":2,"column":2},"end":{"line":2,"column":3}},"loc":{"start":{"line":2,"column":37},"end":{"line":4,"column":3}},"line":2},"1":{"name":"(anonymous_1)","decl":{"start":{"line":5,"column":2},"end":{"line":5,"column":3}},"loc":{"start":{"line":5,"column":37},"end":{"line":7,"column":3}},"line":5},"2":{"name":"(anonymous_2)","decl":{"start":{"line":8,"column":2},"end":{"line":8,"column":3}},"loc":{"start":{"line":8,"column":30},"end":{"line":10,"column":3}},"line":8},"3":{"name":"(anonymous_3)","decl":{"start":{"line":11,"column":2},"end":{"line":11,"column":3}},"loc":{"start":{"line":11,"column":28},"end":{"line":13,"column":3}},"line":11},"4":{"name":"(anonymous_4)","decl":{"start":{"line":14,"column":2},"end":{"line":14,"column":3}},"loc":{"start":{"line":14,"column":21},"end":{"line":16,"column":3}},"line":14},"5":{"name":"(anonymous_5)","decl":{"start":{"line":17,"column":2},"end":{"line":17,"column":3}},"loc":{"start":{"line":17,"column":41},"end":{"line":19,"column":3}},"line":17},"6":{"name":"(anonymous_6)","decl":{"start":{"line":20,"column":2},"end":{"line":20,"column":3}},"loc":{"start":{"line":20,"column":32},"end":{"line":23,"column":3}},"line":20},"7":{"name":"(anonymous_7)","decl":{"start":{"line":24,"column":2},"end":{"line":24,"column":3}},"loc":{"start":{"line":24,"column":26},"end":{"line":26,"column":3}},"line":24}},"branchMap":{},"s":{"0":0,"1":0,"2":0,"3":0,"4":0,"5":0,"6":0,"7":0,"8":0},"f":{"0":0,"1":0,"2":0,"3":0,"4":0,"5":0,"6":0,"7":0},"b":{},"_coverageSchema":"43e27e138ebf9cfc5966b082cf9a028302ed4184","hash":"5f2ef9d9ad5b5339d399ee079953b878583b5865"}
,"/Users/admin/tc/tolu/app/src/store/modules/vega/actions.js": {"path":"/Users/admin/tc/tolu/app/src/store/modules/vega/actions.js","statementMap":{"0":{"start":{"line":5,"column":4},"end":{"line":5,"column":43}},"1":{"start":{"line":8,"column":18},"end":{"line":8,"column":38}},"2":{"start":{"line":9,"column":4},"end":{"line":9,"column":31}},"3":{"start":{"line":12,"column":4},"end":{"line":12,"column":41}},"4":{"start":{"line":13,"column":4},"end":{"line":13,"column":35}},"5":{"start":{"line":14,"column":4},"end":{"line":14,"column":35}},"6":{"start":{"line":15,"column":4},"end":{"line":15,"column":47}},"7":{"start":{"line":16,"column":4},"end":{"line":16,"column":43}},"8":{"start":{"line":17,"column":4},"end":{"line":17,"column":47}},"9":{"start":{"line":18,"column":4},"end":{"line":18,"column":39}}},"fnMap":{"0":{"name":"(anonymous_0)","decl":{"start":{"line":4,"column":2},"end":{"line":4,"column":3}},"loc":{"start":{"line":4,"column":28},"end":{"line":6,"column":3}},"line":4},"1":{"name":"(anonymous_1)","decl":{"start":{"line":7,"column":2},"end":{"line":7,"column":3}},"loc":{"start":{"line":7,"column":38},"end":{"line":10,"column":3}},"line":7},"2":{"name":"(anonymous_2)","decl":{"start":{"line":11,"column":2},"end":{"line":11,"column":3}},"loc":{"start":{"line":11,"column":31},"end":{"line":19,"column":3}},"line":11}},"branchMap":{},"s":{"0":0,"1":0,"2":0,"3":0,"4":0,"5":0,"6":0,"7":0,"8":0,"9":0},"f":{"0":0,"1":0,"2":0},"b":{},"_coverageSchema":"43e27e138ebf9cfc5966b082cf9a028302ed4184","hash":"d8d33f2a477229b3792c3e461650a60f97dbc84a"}
,"/Users/admin/tc/tolu/app/src/store/modules/vega/getters.js": {"path":"/Users/admin/tc/tolu/app/src/store/modules/vega/getters.js","statementMap":{"0":{"start":{"line":3,"column":4},"end":{"line":3,"column":16}}},"fnMap":{"0":{"name":"(anonymous_0)","decl":{"start":{"line":2,"column":2},"end":{"line":2,"column":3}},"loc":{"start":{"line":2,"column":16},"end":{"line":4,"column":3}},"line":2}},"branchMap":{},"s":{"0":0},"f":{"0":0},"b":{},"_coverageSchema":"43e27e138ebf9cfc5966b082cf9a028302ed4184","hash":"73ffbb142b989a390c771c84db6106a0d25f950c"}
,"/Users/admin/tc/tolu/app/src/store/modules/vega/index.js": {"path":"/Users/admin/tc/tolu/app/src/store/modules/vega/index.js","statementMap":{"0":{"start":{"line":9,"column":4},"end":{"line":11,"column":5}}},"fnMap":{"0":{"name":"(anonymous_0)","decl":{"start":{"line":8,"column":2},"end":{"line":8,"column":3}},"loc":{"start":{"line":8,"column":11},"end":{"line":12,"column":3}},"line":8}},"branchMap":{},"s":{"0":103},"f":{"0":103},"b":{},"_coverageSchema":"43e27e138ebf9cfc5966b082cf9a028302ed4184","hash":"98eab8eb478046c4dc2c19c520d625d2b2beb15e"}
,"/Users/admin/tc/tolu/app/src/store/modules/vega/mutations.js": {"path":"/Users/admin/tc/tolu/app/src/store/modules/vega/mutations.js","statementMap":{"0":{"start":{"line":3,"column":4},"end":{"line":3,"column":29}},"1":{"start":{"line":6,"column":4},"end":{"line":6,"column":23}},"2":{"start":{"line":9,"column":4},"end":{"line":9,"column":23}},"3":{"start":{"line":12,"column":4},"end":{"line":12,"column":35}},"4":{"start":{"line":15,"column":4},"end":{"line":15,"column":31}},"5":{"start":{"line":18,"column":4},"end":{"line":18,"column":35}},"6":{"start":{"line":21,"column":4},"end":{"line":21,"column":27}}},"fnMap":{"0":{"name":"(anonymous_0)","decl":{"start":{"line":2,"column":2},"end":{"line":2,"column":3}},"loc":{"start":{"line":2,"column":32},"end":{"line":4,"column":3}},"line":2},"1":{"name":"(anonymous_1)","decl":{"start":{"line":5,"column":2},"end":{"line":5,"column":3}},"loc":{"start":{"line":5,"column":26},"end":{"line":7,"column":3}},"line":5},"2":{"name":"(anonymous_2)","decl":{"start":{"line":8,"column":2},"end":{"line":8,"column":3}},"loc":{"start":{"line":8,"column":26},"end":{"line":10,"column":3}},"line":8},"3":{"name":"(anonymous_3)","decl":{"start":{"line":11,"column":2},"end":{"line":11,"column":3}},"loc":{"start":{"line":11,"column":38},"end":{"line":13,"column":3}},"line":11},"4":{"name":"(anonymous_4)","decl":{"start":{"line":14,"column":2},"end":{"line":14,"column":3}},"loc":{"start":{"line":14,"column":34},"end":{"line":16,"column":3}},"line":14},"5":{"name":"(anonymous_5)","decl":{"start":{"line":17,"column":2},"end":{"line":17,"column":3}},"loc":{"start":{"line":17,"column":38},"end":{"line":19,"column":3}},"line":17},"6":{"name":"(anonymous_6)","decl":{"start":{"line":20,"column":2},"end":{"line":20,"column":3}},"loc":{"start":{"line":20,"column":30},"end":{"line":22,"column":3}},"line":20}},"branchMap":{},"s":{"0":0,"1":0,"2":0,"3":0,"4":0,"5":0,"6":0},"f":{"0":0,"1":0,"2":0,"3":0,"4":0,"5":0,"6":0},"b":{},"_coverageSchema":"43e27e138ebf9cfc5966b082cf9a028302ed4184","hash":"b2e5c0dfee2bbedf3ff758546861d5893c8980ff"}
}
