TN:
SF:/Users/admin/tc/tolu/app/src/App.vue
FNF:0
FNH:0
DA:7,1
DA:9,1
DA:17,1
LF:3
LH:3
BRF:0
BRH:0
end_of_record
TN:
SF:/Users/admin/tc/tolu/app/src/auth/auth.vue
FNF:0
FNH:0
DA:1,1
DA:11,1
LF:2
LH:2
BRF:0
BRH:0
end_of_record
TN:
SF:/Users/admin/tc/tolu/app/src/components/ChartGallery.vue
FNF:0
FNH:0
DA:139,1
DA:141,1
DA:142,1
DA:143,1
DA:144,1
DA:145,1
DA:146,1
DA:147,1
DA:148,1
DA:336,1
LF:10
LH:10
BRF:0
BRH:0
end_of_record
TN:
SF:/Users/admin/tc/tolu/app/src/components/Dialog.vue
FNF:0
FNH:0
DA:30,19
DA:32,19
DA:63,19
LF:3
LH:3
BRF:0
BRH:0
end_of_record
TN:
SF:/Users/admin/tc/tolu/app/src/components/Drawer.vue
FNF:0
FNH:0
DA:234,103
DA:236,103
DA:251,103
LF:3
LH:3
BRF:0
BRH:0
end_of_record
TN:
SF:/Users/admin/tc/tolu/app/src/components/HelloWorld.vue
FNF:0
FNH:0
DA:36,1
DA:51,1
LF:2
LH:2
BRF:0
BRH:0
end_of_record
TN:
SF:/Users/admin/tc/tolu/app/src/components/Snackbar.vue
FNF:0
FNH:0
DA:22,2
DA:24,2
DA:70,2
LF:3
LH:3
BRF:0
BRH:0
end_of_record
TN:
SF:/Users/admin/tc/tolu/app/src/components/Spinner.vue
FNF:0
FNH:0
DA:10,36
DA:66,36
LF:2
LH:2
BRF:0
BRH:0
end_of_record
TN:
SF:/Users/admin/tc/tolu/app/src/components/TextEditor.vue
FNF:0
FNH:0
DA:17,2
DA:62,2
LF:2
LH:2
BRF:0
BRH:0
end_of_record
TN:
SF:/Users/admin/tc/tolu/app/src/components/XmlSearchUtil.vue
FNF:0
FNH:0
DA:49,4
DA:51,4
DA:95,4
LF:3
LH:3
BRF:0
BRH:0
end_of_record
TN:
SF:/Users/admin/tc/tolu/app/src/components/accordion.vue
FNF:0
FNH:0
DA:26,5
DA:28,5
DA:60,5
LF:3
LH:3
BRF:0
BRH:0
end_of_record
TN:
SF:/Users/admin/tc/tolu/app/src/components/curate/CurateNavBar.vue
FNF:0
FNH:0
DA:28,9
DA:49,9
LF:2
LH:2
BRF:0
BRH:0
end_of_record
TN:
SF:/Users/admin/tc/tolu/app/src/components/curate/FileDrop.vue
FNF:0
FNH:0
DA:8,4
DA:47,4
LF:2
LH:2
BRF:0
BRH:0
end_of_record
TN:
SF:/Users/admin/tc/tolu/app/src/components/curate/FilePreview.vue
FNF:0
FNH:0
DA:17,4
DA:50,4
LF:2
LH:2
BRF:0
BRH:0
end_of_record
TN:
SF:/Users/admin/tc/tolu/app/src/components/explorer/Comment.vue
FNF:0
FNH:0
DA:37,0
DA:39,0
DA:40,0
DA:41,0
DA:152,0
LF:5
LH:0
BRF:0
BRH:0
end_of_record
TN:
SF:/Users/admin/tc/tolu/app/src/components/explorer/DataVoyager.vue
FNF:0
FNH:0
DA:8,1
DA:10,1
DA:14,1
DA:52,1
LF:4
LH:4
BRF:0
BRH:0
end_of_record
TN:
SF:/Users/admin/tc/tolu/app/src/components/explorer/Facet.vue
FNF:0
FNH:0
DA:28,0
DA:30,0
DA:66,0
LF:3
LH:0
BRF:0
BRH:0
end_of_record
TN:
SF:/Users/admin/tc/tolu/app/src/components/explorer/Header.vue
FNF:0
FNH:0
DA:68,103
DA:70,103
DA:71,103
DA:112,103
LF:4
LH:4
BRF:0
BRH:0
end_of_record
TN:
SF:/Users/admin/tc/tolu/app/src/components/explorer/InputComponent.vue
FNF:0
FNH:0
DA:160,3
DA:162,3
DA:389,3
LF:3
LH:3
BRF:0
BRH:0
end_of_record
TN:
SF:/Users/admin/tc/tolu/app/src/components/explorer/MultipleInputComponent.vue
FNF:0
FNH:0
DA:194,2
DA:196,2
DA:376,2
LF:3
LH:3
BRF:0
BRH:0
end_of_record
TN:
SF:/Users/admin/tc/tolu/app/src/components/explorer/Pagination.vue
FNF:0
FNH:0
DA:25,13
DA:132,13
LF:2
LH:2
BRF:0
BRH:0
end_of_record
TN:
SF:/Users/admin/tc/tolu/app/src/components/explorer/PlotlyView.vue
FNF:0
FNH:0
DA:3,1
DA:5,1
DA:72,1
LF:3
LH:3
BRF:0
BRH:0
end_of_record
TN:
SF:/Users/admin/tc/tolu/app/src/components/explorer/SearchHeader.vue
FNF:0
FNH:0
DA:68,4
DA:70,4
DA:71,4
DA:90,4
LF:4
LH:4
BRF:0
BRH:0
end_of_record
TN:
SF:/Users/admin/tc/tolu/app/src/components/explorer/SearchResultsTable.vue
FNF:0
FNH:0
DA:220,4
DA:222,4
DA:223,4
DA:224,4
DA:271,4
LF:5
LH:5
BRF:0
BRH:0
end_of_record
TN:
SF:/Users/admin/tc/tolu/app/src/components/explorer/TableComponent.vue
FNF:0
FNH:0
DA:30,2
DA:32,2
DA:104,2
LF:3
LH:3
BRF:0
BRH:0
end_of_record
TN:
SF:/Users/admin/tc/tolu/app/src/components/explorer/VegaLiteWrapper.vue
FNF:0
FNH:0
DA:13,0
DA:14,0
DA:15,0
DA:16,0
DA:17,0
DA:19,0
DA:21,0
DA:23,0
DA:34,0
DA:36,0
DA:41,0
DA:172,0
LF:12
LH:0
BRF:0
BRH:0
end_of_record
TN:
SF:/Users/admin/tc/tolu/app/src/components/explorer/XmlView.vue
FNF:0
FNH:0
DA:10,1
DA:12,1
DA:13,1
DA:14,1
DA:15,1
DA:27,1
LF:6
LH:6
BRF:0
BRH:0
end_of_record
TN:
SF:/Users/admin/tc/tolu/app/src/components/explorer/yasgui.vue
FNF:0
FNH:0
DA:4,2
DA:6,2
DA:29,2
LF:3
LH:3
BRF:0
BRH:0
end_of_record
TN:
SF:/Users/admin/tc/tolu/app/src/components/explorer/yasqe.vue
FNF:0
FNH:0
DA:4,2
DA:6,2
DA:69,2
LF:3
LH:3
BRF:0
BRH:0
end_of_record
TN:
SF:/Users/admin/tc/tolu/app/src/components/explorer/yasr.vue
FNF:0
FNH:0
DA:4,2
DA:6,2
DA:44,2
LF:3
LH:3
BRF:0
BRH:0
end_of_record
TN:
SF:/Users/admin/tc/tolu/app/src/components/explorer/dynamfit/ChartVisualizer.vue
FNF:0
FNH:0
DA:52,1
DA:54,1
DA:55,1
DA:56,1
DA:58,1
DA:94,1
LF:6
LH:6
BRF:0
BRH:0
end_of_record
TN:
SF:/Users/admin/tc/tolu/app/src/components/metamine/UnitCellImageGenerator.vue
FNF:0
FNH:0
DA:24,0
DA:48,0
LF:2
LH:0
BRF:0
BRH:0
end_of_record
TN:
SF:/Users/admin/tc/tolu/app/src/components/metamine/visualizationNU/DataInfo.vue
FNF:0
FNH:0
DA:46,5
DA:48,5
DA:57,5
LF:3
LH:3
BRF:0
BRH:0
end_of_record
TN:
SF:/Users/admin/tc/tolu/app/src/components/metamine/visualizationNU/DataSelector.vue
FNF:0
FNH:0
DA:135,5
DA:137,5
DA:138,5
DA:330,5
LF:4
LH:4
BRF:0
BRH:0
end_of_record
TN:
SF:/Users/admin/tc/tolu/app/src/components/metamine/visualizationNU/MaterialInformation.vue
FNF:0
FNH:0
DA:41,3
DA:43,3
DA:52,3
LF:3
LH:3
BRF:0
BRH:0
end_of_record
TN:
SF:/Users/admin/tc/tolu/app/src/components/metamine/visualizationNU/NeighborPanel.vue
FNF:0
FNH:0
DA:35,3
DA:36,3
DA:37,3
DA:39,3
DA:57,3
LF:5
LH:5
BRF:0
BRH:0
end_of_record
TN:
SF:/Users/admin/tc/tolu/app/src/components/metamine/visualizationNU/ParamSelector.vue
FNF:0
FNH:0
DA:56,2
DA:58,2
DA:98,2
LF:3
LH:3
BRF:0
BRH:0
end_of_record
TN:
SF:/Users/admin/tc/tolu/app/src/components/metamine/visualizationNU/RangeSelector.vue
FNF:0
FNH:0
DA:45,4
DA:46,4
DA:48,4
DA:143,4
LF:4
LH:4
BRF:0
BRH:0
end_of_record
TN:
SF:/Users/admin/tc/tolu/app/src/components/metamine/visualizationNU/SaveDataPanel.vue
FNF:0
FNH:0
DA:32,3
DA:33,3
DA:35,3
DA:57,3
LF:4
LH:4
BRF:0
BRH:0
end_of_record
TN:
SF:/Users/admin/tc/tolu/app/src/components/metamine/visualizationNU/StructureKnn.vue
FNF:0
FNH:0
DA:6,3
DA:8,3
DA:14,3
DA:15,3
DA:16,3
DA:163,3
LF:6
LH:6
BRF:0
BRH:0
end_of_record
TN:
SF:/Users/admin/tc/tolu/app/src/components/metamine/visualizationNU/VisualizationLayout.vue
FNF:0
FNH:0
DA:64,5
DA:66,5
DA:115,5
LF:3
LH:3
BRF:0
BRH:0
end_of_record
TN:
SF:/Users/admin/tc/tolu/app/src/components/metamine/visualizationNU/constants.js
FNF:0
FNH:0
DA:1,3
DA:22,3
DA:26,3
DA:30,3
LF:4
LH:4
BRF:0
BRH:0
end_of_record
TN:
SF:/Users/admin/tc/tolu/app/src/components/metamine/visualizationNU/histogram.vue
FN:18,expo
FNF:1
FNH:0
FNDA:0,expo
DA:6,1
DA:7,1
DA:8,1
DA:10,1
DA:11,1
DA:12,1
DA:13,1
DA:14,1
DA:15,1
DA:16,1
DA:21,1
DA:456,1
LF:12
LH:12
BRF:0
BRH:0
end_of_record
TN:
SF:/Users/admin/tc/tolu/app/src/components/metamine/visualizationNU/pairwise.vue
FN:24,expo
FNF:1
FNH:0
FNDA:0,expo
DA:6,2
DA:7,2
DA:8,2
DA:10,2
DA:11,2
DA:15,2
DA:17,2
DA:21,2
DA:22,2
DA:27,2
DA:594,2
LF:11
LH:11
BRDA:11,0,0,4
BRDA:11,0,1,2
BRDA:17,1,0,2
BRDA:17,1,1,0
BRF:4
BRH:3
end_of_record
TN:
SF:/Users/admin/tc/tolu/app/src/components/metamine/visualizationNU/poisson.vue
FNF:0
FNH:0
DA:6,4
DA:7,4
DA:9,4
DA:27,4
DA:32,4
DA:34,4
DA:109,4
LF:7
LH:7
BRF:0
BRH:0
end_of_record
TN:
SF:/Users/admin/tc/tolu/app/src/components/metamine/visualizationNU/scatter.vue
FN:32,expo
FN:37,isBrushed
FNF:2
FNH:0
FNDA:0,expo
FNDA:0,isBrushed
DA:6,1
DA:7,1
DA:8,1
DA:10,1
DA:11,1
DA:13,1
DA:20,1
DA:21,1
DA:23,1
DA:27,1
DA:29,1
DA:30,1
DA:43,1
DA:479,1
LF:14
LH:14
BRDA:20,0,0,1
BRDA:20,0,1,0
BRDA:23,1,0,1
BRDA:23,1,1,0
BRF:4
BRH:2
end_of_record
TN:
SF:/Users/admin/tc/tolu/app/src/components/metamine/visualizationNU/structure.vue
FNF:0
FNH:0
DA:6,4
DA:7,4
DA:9,4
DA:15,4
DA:16,4
DA:17,4
DA:172,4
LF:7
LH:7
BRF:0
BRH:0
end_of_record
TN:
SF:/Users/admin/tc/tolu/app/src/components/metamine/visualizationNU/umap.vue
FN:27,expo
FN:32,isBrushed
FNF:2
FNH:0
FNDA:0,expo
FNDA:0,isBrushed
DA:6,2
DA:7,2
DA:8,2
DA:9,2
DA:10,2
DA:11,2
DA:12,2
DA:13,2
DA:15,2
DA:22,2
DA:24,2
DA:25,2
DA:39,2
DA:475,2
LF:14
LH:14
BRF:0
BRH:0
end_of_record
TN:
SF:/Users/admin/tc/tolu/app/src/components/metamine/visualizationNU/youngs.vue
FNF:0
FNH:0
DA:6,4
DA:7,4
DA:9,4
DA:33,4
DA:37,4
DA:39,4
DA:114,4
LF:7
LH:7
BRF:0
BRH:0
end_of_record
TN:
SF:/Users/admin/tc/tolu/app/src/components/nanomine/DatasetViewer.vue
FNF:0
FNH:0
DA:99,1
DA:100,1
DA:101,1
DA:339,1
LF:4
LH:4
BRF:0
BRH:0
end_of_record
TN:
SF:/Users/admin/tc/tolu/app/src/components/nanomine/EditImage.vue
FNF:0
FNH:0
DA:76,1
DA:79,1
DA:238,1
LF:3
LH:3
BRF:0
BRH:0
end_of_record
TN:
SF:/Users/admin/tc/tolu/app/src/components/nanomine/HeroHeader.vue
FNF:0
FNH:0
DA:170,103
DA:172,103
DA:184,103
LF:3
LH:3
BRF:0
BRH:0
end_of_record
TN:
SF:/Users/admin/tc/tolu/app/src/components/nanomine/ImageUpload.vue
FNF:0
FNH:0
DA:183,1
DA:184,1
DA:617,1
LF:3
LH:3
BRF:0
BRH:0
end_of_record
TN:
SF:/Users/admin/tc/tolu/app/src/components/nanomine/LineChart.vue
FNF:0
FNH:0
DA:50,1
DA:52,1
DA:198,1
LF:3
LH:3
BRF:0
BRH:0
end_of_record
TN:
SF:/Users/admin/tc/tolu/app/src/components/nanomine/PageFooter.vue
FNF:0
FNH:0
DA:70,103
DA:74,103
LF:2
LH:2
BRF:0
BRH:0
end_of_record
TN:
SF:/Users/admin/tc/tolu/app/src/components/nanomine/PageHeader.vue
FNF:0
FNH:0
DA:60,104
DA:62,104
DA:76,104
LF:3
LH:3
BRF:0
BRH:0
end_of_record
TN:
SF:/Users/admin/tc/tolu/app/src/components/nanomine/ReferenceContainer.vue
FNF:0
FNH:0
DA:12,3
DA:46,3
LF:2
LH:2
BRF:0
BRH:0
end_of_record
TN:
SF:/Users/admin/tc/tolu/app/src/components/nanomine/SmilesCanvas.vue
FNF:0
FNH:0
DA:16,2
DA:17,2
DA:18,2
DA:166,2
LF:4
LH:4
BRF:0
BRH:0
end_of_record
TN:
SF:/Users/admin/tc/tolu/app/src/components/nanomine/ToolCard.vue
FNF:0
FNH:0
DA:21,4
DA:25,4
LF:2
LH:2
BRF:0
BRH:0
end_of_record
TN:
SF:/Users/admin/tc/tolu/app/src/components/ns/classes/ClassesList.vue
FNF:0
FNH:0
DA:65,2
DA:67,2
DA:68,2
DA:136,2
LF:4
LH:4
BRF:0
BRH:0
end_of_record
TN:
SF:/Users/admin/tc/tolu/app/src/components/ns/classes/NamespaceAccordion.vue
FNF:0
FNH:0
DA:44,2
DA:46,2
DA:120,2
LF:3
LH:3
BRF:0
BRH:0
end_of_record
TN:
SF:/Users/admin/tc/tolu/app/src/components/ns/home/OntologyDetails.vue
FNF:0
FNH:0
DA:27,1
DA:29,1
DA:46,1
LF:3
LH:3
BRF:0
BRH:0
end_of_record
TN:
SF:/Users/admin/tc/tolu/app/src/components/ns/home/OntologyMetrics.vue
FNF:0
FNH:0
DA:24,1
DA:26,1
DA:35,1
LF:3
LH:3
BRF:0
BRH:0
end_of_record
TN:
SF:/Users/admin/tc/tolu/app/src/components/ns/home/SearchComponent.vue
FNF:0
FNH:0
DA:69,1
DA:71,1
DA:120,1
LF:3
LH:3
BRF:0
BRH:0
end_of_record
TN:
SF:/Users/admin/tc/tolu/app/src/components/portal/Account.vue
FNF:0
FNH:0
DA:63,1
DA:65,1
DA:121,1
LF:3
LH:3
BRF:0
BRH:0
end_of_record
TN:
SF:/Users/admin/tc/tolu/app/src/components/portal/Contact.vue
FNF:0
FNH:0
DA:19,3
DA:21,3
DA:22,3
DA:50,3
LF:4
LH:4
BRF:0
BRH:0
end_of_record
TN:
SF:/Users/admin/tc/tolu/app/src/components/portal/ContactCard.vue
FNF:0
FNH:0
DA:92,3
DA:94,3
DA:95,3
DA:152,3
LF:4
LH:4
BRF:0
BRH:0
end_of_record
TN:
SF:/Users/admin/tc/tolu/app/src/components/portal/Header.vue
FNF:0
FNH:0
DA:43,103
DA:45,103
DA:56,103
LF:3
LH:3
BRF:0
BRH:0
end_of_record
TN:
SF:/Users/admin/tc/tolu/app/src/components/portal/ProfileHeader.vue
FNF:0
FNH:0
DA:24,103
DA:26,103
DA:44,103
LF:3
LH:3
BRF:0
BRH:0
end_of_record
TN:
SF:/Users/admin/tc/tolu/app/src/components/portal/SideNav.vue
FNF:0
FNH:0
DA:118,103
DA:203,103
LF:2
LH:2
BRF:0
BRH:0
end_of_record
TN:
SF:/Users/admin/tc/tolu/app/src/components/portal/UserSideBar.vue
FNF:0
FNH:0
DA:91,103
DA:93,103
DA:114,103
LF:3
LH:3
BRF:0
BRH:0
end_of_record
TN:
SF:/Users/admin/tc/tolu/app/src/mixins/deployVersion.js
FN:4,(anonymous_0)
FN:15,(anonymous_1)
FN:42,(anonymous_2)
FN:46,(anonymous_3)
FN:51,(anonymous_4)
FNF:5
FNH:0
FNDA:0,(anonymous_0)
FNDA:0,(anonymous_1)
FNDA:0,(anonymous_2)
FNDA:0,(anonymous_3)
FNDA:0,(anonymous_4)
DA:5,0
DA:17,0
DA:43,0
DA:44,0
DA:47,0
DA:52,0
DA:53,0
LF:7
LH:0
BRDA:52,0,0,0
BRDA:52,0,1,0
BRF:2
BRH:0
end_of_record
TN:
SF:/Users/admin/tc/tolu/app/src/mixins/explorerQueryParams.js
FN:3,(anonymous_0)
FN:8,(anonymous_1)
FN:16,(anonymous_2)
FN:22,(anonymous_3)
FN:35,(anonymous_4)
FN:39,(anonymous_5)
FN:43,(anonymous_6)
FN:48,(anonymous_7)
FNF:8
FNH:6
FNDA:6,(anonymous_0)
FNDA:1,(anonymous_1)
FNDA:7,(anonymous_2)
FNDA:9,(anonymous_3)
FNDA:0,(anonymous_4)
FNDA:7,(anonymous_5)
FNDA:0,(anonymous_6)
FNDA:5,(anonymous_7)
DA:4,6
DA:5,6
DA:9,1
DA:10,1
DA:11,1
DA:17,7
DA:18,7
DA:19,7
DA:20,7
DA:23,9
DA:24,9
DA:25,2
DA:28,2
DA:29,2
DA:30,2
DA:31,2
DA:33,9
DA:36,0
DA:37,0
DA:40,7
DA:41,7
DA:44,0
DA:45,0
DA:46,0
DA:49,5
DA:50,0
DA:51,5
DA:52,0
DA:54,5
LF:29
LH:22
BRDA:4,0,0,6
BRDA:4,0,1,0
BRDA:9,1,0,1
BRDA:9,1,1,0
BRDA:17,2,0,2
BRDA:17,2,1,5
BRDA:18,3,0,4
BRDA:18,3,1,3
BRDA:18,4,0,1
BRDA:18,4,1,3
BRDA:19,5,0,1
BRDA:19,5,1,6
BRDA:22,6,0,7
BRDA:23,7,0,9
BRDA:23,7,1,7
BRDA:24,8,0,2
BRDA:24,8,1,7
BRDA:28,9,0,1
BRDA:28,9,1,1
BRDA:29,10,0,1
BRDA:29,10,1,1
BRDA:30,11,0,0
BRDA:30,11,1,2
BRDA:40,12,0,6
BRDA:40,12,1,1
BRDA:40,13,0,7
BRDA:40,13,1,6
BRDA:49,14,0,0
BRDA:49,14,1,5
BRDA:49,15,0,5
BRDA:49,15,1,5
BRDA:49,15,2,5
BRDA:51,16,0,0
BRDA:51,16,1,5
BRDA:51,17,0,5
BRDA:51,17,1,5
BRF:36
BRH:31
end_of_record
TN:
SF:/Users/admin/tc/tolu/app/src/mixins/explorerSearch.js
FN:11,(anonymous_0)
FN:14,(anonymous_1)
FN:20,(anonymous_2)
FN:35,(anonymous_3)
FNF:4
FNH:1
FNDA:2,(anonymous_0)
FNDA:0,(anonymous_1)
FNDA:0,(anonymous_2)
FNDA:0,(anonymous_3)
DA:12,2
DA:16,0
DA:21,0
DA:37,0
DA:38,0
DA:40,0
DA:42,0
DA:43,0
DA:45,0
LF:9
LH:1
BRDA:37,0,0,0
BRDA:37,0,1,0
BRF:2
BRH:0
end_of_record
TN:
SF:/Users/admin/tc/tolu/app/src/mixins/optional-chaining-util.js
FN:4,(anonymous_0)
FNF:1
FNH:1
FNDA:228,(anonymous_0)
DA:5,228
DA:6,228
DA:7,2
LF:3
LH:3
BRF:0
BRH:0
end_of_record
TN:
SF:/Users/admin/tc/tolu/app/src/mixins/reduce.js
FN:2,(anonymous_0)
FN:9,(anonymous_1)
FN:12,(anonymous_2)
FN:17,(anonymous_3)
FNF:4
FNH:3
FNDA:47,(anonymous_0)
FNDA:48,(anonymous_1)
FNDA:267,(anonymous_2)
FNDA:0,(anonymous_3)
DA:3,47
DA:10,48
DA:11,48
DA:12,267
DA:13,48
DA:14,48
DA:18,0
DA:19,0
DA:20,0
DA:21,0
DA:22,0
DA:24,0
DA:26,0
DA:27,0
DA:28,0
DA:29,0
DA:31,0
DA:32,0
DA:33,0
DA:34,0
DA:37,0
DA:38,0
DA:39,0
DA:40,0
DA:41,0
DA:42,0
DA:44,0
DA:45,0
DA:46,0
DA:47,0
LF:30
LH:6
BRDA:9,0,0,8
BRDA:19,1,0,0
BRDA:19,1,1,0
BRDA:21,2,0,0
BRDA:21,2,1,0
BRDA:26,3,0,0
BRDA:26,3,1,0
BRDA:27,4,0,0
BRDA:27,4,1,0
BRDA:37,5,0,0
BRDA:37,5,1,0
BRDA:40,6,0,0
BRDA:40,6,1,0
BRF:13
BRH:1
end_of_record
TN:
SF:/Users/admin/tc/tolu/app/src/mixins/xmlOperation.js
FN:8,(anonymous_0)
FN:34,(anonymous_1)
FN:37,(anonymous_2)
FN:43,(anonymous_3)
FN:50,(anonymous_4)
FN:55,(anonymous_5)
FN:59,(anonymous_6)
FN:68,(anonymous_7)
FN:75,(anonymous_8)
FN:93,(anonymous_9)
FN:97,(anonymous_10)
FNF:11
FNH:0
FNDA:0,(anonymous_0)
FNDA:0,(anonymous_1)
FNDA:0,(anonymous_2)
FNDA:0,(anonymous_3)
FNDA:0,(anonymous_4)
FNDA:0,(anonymous_5)
FNDA:0,(anonymous_6)
FNDA:0,(anonymous_7)
FNDA:0,(anonymous_8)
FNDA:0,(anonymous_9)
FNDA:0,(anonymous_10)
DA:6,0
DA:9,0
DA:35,0
DA:38,0
DA:44,0
DA:47,0
DA:51,0
DA:52,0
DA:53,0
DA:56,0
DA:57,0
DA:60,0
DA:61,0
DA:65,0
DA:69,0
DA:76,0
DA:77,0
DA:94,0
DA:98,0
DA:99,0
DA:100,0
DA:101,0
DA:102,0
DA:104,0
LF:24
LH:0
BRDA:35,0,0,0
BRDA:35,0,1,0
BRDA:44,1,0,0
BRDA:44,1,1,0
BRDA:51,2,0,0
BRDA:51,2,1,0
BRDA:59,3,0,0
BRDA:60,4,0,0
BRDA:60,4,1,0
BRDA:60,5,0,0
BRDA:60,5,1,0
BRDA:69,6,0,0
BRDA:69,6,1,0
BRDA:85,7,0,0
BRDA:85,7,1,0
BRDA:94,8,0,0
BRDA:94,8,1,0
BRDA:94,9,0,0
BRDA:94,9,1,0
BRDA:98,10,0,0
BRDA:98,10,1,0
BRDA:101,11,0,0
BRDA:101,11,1,0
BRF:23
BRH:0
end_of_record
TN:
SF:/Users/admin/tc/tolu/app/src/modules/JobMgr.js
FN:5,JobMgr
FN:16,(anonymous_1)
FN:19,(anonymous_2)
FN:35,(anonymous_3)
FN:58,(anonymous_4)
FN:60,(anonymous_5)
FN:70,(anonymous_6)
FN:72,(anonymous_7)
FN:84,(anonymous_8)
FN:87,(anonymous_9)
FN:91,(anonymous_10)
FN:95,(anonymous_11)
FN:103,(anonymous_12)
FN:106,(anonymous_13)
FN:109,(anonymous_14)
FN:112,(anonymous_15)
FN:119,(anonymous_16)
FN:123,(anonymous_17)
FNF:18
FNH:0
FNDA:0,JobMgr
FNDA:0,(anonymous_1)
FNDA:0,(anonymous_2)
FNDA:0,(anonymous_3)
FNDA:0,(anonymous_4)
FNDA:0,(anonymous_5)
FNDA:0,(anonymous_6)
FNDA:0,(anonymous_7)
FNDA:0,(anonymous_8)
FNDA:0,(anonymous_9)
FNDA:0,(anonymous_10)
FNDA:0,(anonymous_11)
FNDA:0,(anonymous_12)
FNDA:0,(anonymous_13)
FNDA:0,(anonymous_14)
FNDA:0,(anonymous_15)
FNDA:0,(anonymous_16)
FNDA:0,(anonymous_17)
DA:6,0
DA:7,0
DA:8,0
DA:9,0
DA:10,0
DA:11,0
DA:12,0
DA:13,0
DA:15,2
DA:17,0
DA:20,0
DA:21,0
DA:22,0
DA:23,0
DA:24,0
DA:25,0
DA:28,0
DA:29,0
DA:30,0
DA:32,0
DA:37,0
DA:38,0
DA:41,0
DA:42,0
DA:43,0
DA:44,0
DA:45,0
DA:47,0
DA:48,0
DA:50,0
DA:52,0
DA:53,0
DA:59,0
DA:60,0
DA:62,0
DA:69,0
DA:72,0
DA:74,0
DA:75,0
DA:76,0
DA:77,0
DA:79,0
DA:85,0
DA:88,0
DA:92,0
DA:96,0
DA:99,0
DA:104,0
DA:107,0
DA:110,0
DA:113,0
DA:114,0
DA:115,0
DA:117,0
DA:120,0
DA:121,0
DA:124,0
LF:57
LH:1
BRDA:20,0,0,0
BRDA:20,0,1,0
BRDA:21,1,0,0
BRDA:21,1,1,0
BRDA:21,2,0,0
BRDA:21,2,1,0
BRDA:23,3,0,0
BRDA:23,3,1,0
BRDA:29,4,0,0
BRDA:29,4,1,0
BRDA:37,5,0,0
BRDA:37,5,1,0
BRDA:44,6,0,0
BRDA:44,6,1,0
BRDA:44,7,0,0
BRDA:44,7,1,0
BRDA:47,8,0,0
BRDA:47,8,1,0
BRDA:114,9,0,0
BRDA:114,9,1,0
BRDA:114,10,0,0
BRDA:114,10,1,0
BRF:22
BRH:0
end_of_record
TN:
SF:/Users/admin/tc/tolu/app/src/modules/PixelUnit.js
FN:8,(anonymous_0)
FN:37,(anonymous_1)
FN:41,(anonymous_2)
FN:45,(anonymous_3)
FN:49,(anonymous_4)
FN:58,(anonymous_5)
FN:69,(anonymous_6)
FN:100,(anonymous_7)
FN:103,(anonymous_8)
FN:108,(anonymous_9)
FN:111,(anonymous_10)
FN:116,(anonymous_11)
FN:130,(anonymous_12)
FN:142,(anonymous_13)
FN:199,(anonymous_14)
FN:217,(anonymous_15)
FN:225,(anonymous_16)
FN:242,(anonymous_17)
FN:251,(anonymous_18)
FN:258,(anonymous_19)
FN:273,(anonymous_20)
FN:291,(anonymous_21)
FN:301,(anonymous_22)
FN:311,(anonymous_23)
FN:322,(anonymous_24)
FN:335,(anonymous_25)
FN:346,(anonymous_26)
FN:359,(anonymous_27)
FN:370,(anonymous_28)
FNF:29
FNH:25
FNDA:1,(anonymous_0)
FNDA:68,(anonymous_1)
FNDA:68,(anonymous_2)
FNDA:0,(anonymous_3)
FNDA:2,(anonymous_4)
FNDA:16,(anonymous_5)
FNDA:2,(anonymous_6)
FNDA:1,(anonymous_7)
FNDA:8,(anonymous_8)
FNDA:1,(anonymous_9)
FNDA:8,(anonymous_10)
FNDA:1,(anonymous_11)
FNDA:0,(anonymous_12)
FNDA:0,(anonymous_13)
FNDA:21,(anonymous_14)
FNDA:651,(anonymous_15)
FNDA:315,(anonymous_16)
FNDA:2,(anonymous_17)
FNDA:0,(anonymous_18)
FNDA:1,(anonymous_19)
FNDA:1,(anonymous_20)
FNDA:8,(anonymous_21)
FNDA:8,(anonymous_22)
FNDA:3,(anonymous_23)
FNDA:3,(anonymous_24)
FNDA:3,(anonymous_25)
FNDA:3,(anonymous_26)
FNDA:3,(anonymous_27)
FNDA:3,(anonymous_28)
DA:12,1
DA:15,1
DA:17,1
DA:18,1
DA:19,1
DA:20,1
DA:21,1
DA:22,1
DA:23,1
DA:24,1
DA:25,1
DA:26,1
DA:27,1
DA:28,1
DA:29,1
DA:30,1
DA:31,0
DA:34,1
DA:38,68
DA:42,68
DA:46,0
DA:50,2
DA:51,2
DA:52,2
DA:53,2
DA:54,2
DA:55,2
DA:59,16
DA:60,16
DA:61,16
DA:62,16
DA:63,16
DA:64,16
DA:65,16
DA:66,16
DA:70,2
DA:71,2
DA:72,2
DA:73,2
DA:74,2
DA:75,2
DA:76,2
DA:77,2
DA:78,2
DA:80,2
DA:81,2
DA:83,2
DA:84,2
DA:86,2
DA:87,2
DA:89,2
DA:90,2
DA:92,2
DA:93,2
DA:95,2
DA:96,2
DA:97,2
DA:101,1
DA:102,1
DA:103,1
DA:104,8
DA:109,1
DA:110,1
DA:111,1
DA:112,8
DA:117,1
DA:118,1
DA:119,1
DA:120,10
DA:121,10
DA:122,10
DA:123,100
DA:126,1
DA:127,1
DA:131,0
DA:132,0
DA:133,0
DA:134,0
DA:135,0
DA:136,0
DA:139,0
DA:143,0
DA:145,0
DA:146,0
DA:147,0
DA:148,0
DA:151,0
DA:152,0
DA:155,0
DA:156,0
DA:157,0
DA:160,0
DA:161,0
DA:164,0
DA:181,0
DA:182,0
DA:183,0
DA:184,0
DA:185,0
DA:186,0
DA:187,0
DA:188,0
DA:189,0
DA:191,0
DA:192,0
DA:193,0
DA:200,21
DA:201,21
DA:202,21
DA:203,21
DA:204,315
DA:205,315
DA:208,0
DA:209,0
DA:210,0
DA:214,21
DA:218,651
DA:219,651
DA:220,3906
DA:222,651
DA:226,315
DA:227,315
DA:228,315
DA:229,315
DA:230,315
DA:231,315
DA:232,315
DA:233,1155
DA:234,1155
DA:235,315
DA:236,315
DA:237,315
DA:243,2
DA:244,2
DA:245,1
DA:247,1
DA:252,0
DA:253,0
DA:254,0
DA:255,0
DA:259,1
DA:260,1
DA:261,11
DA:262,11
DA:264,1
DA:265,11
DA:266,11
DA:268,1
DA:269,1
DA:270,1
DA:274,1
DA:275,1
DA:276,0
DA:277,0
DA:278,0
DA:279,0
DA:280,0
DA:281,0
DA:282,0
DA:283,0
DA:284,0
DA:288,1
DA:292,8
DA:293,8
DA:294,8
DA:295,8
DA:296,8
DA:297,8
DA:298,8
DA:302,8
DA:303,8
DA:304,8
DA:305,8
DA:306,8
DA:307,8
DA:308,8
DA:312,3
DA:313,3
DA:314,3
DA:315,3
DA:316,3
DA:317,0
DA:319,3
DA:323,3
DA:324,3
DA:325,3
DA:326,3
DA:327,3
DA:328,0
DA:330,48
DA:332,3
DA:336,3
DA:337,3
DA:338,3
DA:339,3
DA:340,3
DA:341,0
DA:343,3
DA:347,3
DA:348,3
DA:349,3
DA:350,3
DA:351,3
DA:352,0
DA:354,48
DA:356,3
DA:360,3
DA:361,3
DA:362,3
DA:363,3
DA:364,3
DA:365,0
DA:367,3
DA:371,3
DA:372,3
DA:373,3
DA:374,3
DA:375,3
DA:376,0
DA:378,3
LF:220
LH:164
BRDA:30,0,0,0
BRDA:30,0,1,1
BRDA:30,1,0,1
BRDA:30,1,1,0
BRDA:146,2,0,0
BRDA:146,2,1,0
BRDA:147,3,0,0
BRDA:147,3,1,0
BRDA:151,4,0,0
BRDA:151,4,1,0
BRDA:156,5,0,0
BRDA:156,5,1,0
BRDA:156,6,0,0
BRDA:156,6,1,0
BRDA:160,7,0,0
BRDA:160,7,1,0
BRDA:185,8,0,0
BRDA:185,8,1,0
BRDA:187,9,0,0
BRDA:187,9,1,0
BRDA:202,10,0,21
BRDA:202,10,1,0
BRDA:234,11,0,315
BRDA:234,11,1,840
BRDA:244,12,0,1
BRDA:244,12,1,1
BRDA:275,13,0,0
BRDA:275,13,1,1
BRDA:279,14,0,0
BRDA:279,14,1,0
BRDA:314,15,0,0
BRDA:314,15,1,3
BRDA:316,16,0,0
BRDA:316,16,1,3
BRDA:325,17,0,0
BRDA:325,17,1,3
BRDA:327,18,0,0
BRDA:327,18,1,3
BRDA:338,19,0,0
BRDA:338,19,1,3
BRDA:340,20,0,0
BRDA:340,20,1,3
BRDA:349,21,0,0
BRDA:349,21,1,3
BRDA:351,22,0,0
BRDA:351,22,1,3
BRDA:362,23,0,0
BRDA:362,23,1,3
BRDA:364,24,0,0
BRDA:364,24,1,3
BRDA:373,25,0,0
BRDA:373,25,1,3
BRDA:375,26,0,0
BRDA:375,26,1,3
BRF:54
BRH:20
end_of_record
TN:
SF:/Users/admin/tc/tolu/app/src/modules/common-namespaces.js
FNF:0
FNH:0
DA:3,1
DA:4,1
DA:5,1
DA:6,1
LF:4
LH:4
BRF:0
BRH:0
end_of_record
TN:
SF:/Users/admin/tc/tolu/app/src/modules/debounce.js
FN:1,debounce
FN:3,(anonymous_1)
FN:4,(anonymous_2)
FNF:3
FNH:1
FNDA:1,debounce
FNDA:0,(anonymous_1)
FNDA:0,(anonymous_2)
DA:3,1
DA:4,0
DA:5,0
DA:6,0
LF:4
LH:1
BRF:0
BRH:0
end_of_record
TN:
SF:/Users/admin/tc/tolu/app/src/modules/facet.js
FN:1,(anonymous_0)
FN:6,initDragElement
FN:19,(anonymous_2)
FN:29,dragMouseDown
FN:42,elementDrag
FN:58,closeDragElement
FN:64,getHeader
FN:75,initResizeElement
FN:102,initDrag
FN:119,doDrag
FN:124,stopDrag
FNF:11
FNH:0
FNDA:0,(anonymous_0)
FNDA:0,initDragElement
FNDA:0,(anonymous_2)
FNDA:0,dragMouseDown
FNDA:0,elementDrag
FNDA:0,closeDragElement
FNDA:0,getHeader
FNDA:0,initResizeElement
FNDA:0,initDrag
FNDA:0,doDrag
FNDA:0,stopDrag
DA:1,0
DA:2,0
DA:3,0
DA:7,0
DA:8,0
DA:9,0
DA:10,0
DA:11,0
DA:12,0
DA:13,0
DA:15,0
DA:16,0
DA:17,0
DA:19,0
DA:20,0
DA:23,0
DA:24,0
DA:25,0
DA:30,0
DA:31,0
DA:33,0
DA:35,0
DA:36,0
DA:37,0
DA:39,0
DA:43,0
DA:44,0
DA:47,0
DA:49,0
DA:50,0
DA:51,0
DA:52,0
DA:54,0
DA:55,0
DA:60,0
DA:61,0
DA:65,0
DA:67,0
DA:68,0
DA:71,0
DA:76,0
DA:77,0
DA:80,0
DA:81,0
DA:83,0
DA:84,0
DA:85,0
DA:86,0
DA:87,0
DA:89,0
DA:90,0
DA:91,0
DA:92,0
DA:93,0
DA:95,0
DA:96,0
DA:97,0
DA:98,0
DA:99,0
DA:103,0
DA:105,0
DA:106,0
DA:107,0
DA:111,0
DA:115,0
DA:116,0
DA:120,0
DA:121,0
DA:125,0
DA:126,0
LF:70
LH:0
BRDA:23,0,0,0
BRDA:23,0,1,0
BRDA:33,1,0,0
BRDA:33,1,1,0
BRDA:43,2,0,0
BRDA:43,2,1,0
BRDA:47,3,0,0
BRDA:47,3,1,0
BRDA:67,4,0,0
BRDA:67,4,1,0
BRF:10
BRH:0
end_of_record
TN:
SF:/Users/admin/tc/tolu/app/src/modules/file-list.js
FN:3,(anonymous_0)
FN:6,addFiles
FN:8,(anonymous_2)
FN:9,(anonymous_3)
FN:13,fileExists
FN:14,(anonymous_5)
FN:17,removeFile
FN:22,clearAllFiles
FN:26,modifyStatus
FN:34,(anonymous_9)
FNF:10
FNH:2
FNDA:4,(anonymous_0)
FNDA:0,addFiles
FNDA:0,(anonymous_2)
FNDA:0,(anonymous_3)
FNDA:0,fileExists
FNDA:0,(anonymous_5)
FNDA:0,removeFile
FNDA:0,clearAllFiles
FNDA:1,modifyStatus
FNDA:0,(anonymous_9)
DA:4,4
DA:7,0
DA:8,0
DA:9,0
DA:10,0
DA:14,0
DA:18,0
DA:19,0
DA:23,0
DA:27,1
DA:30,4
DA:35,0
DA:36,0
DA:37,0
DA:42,0
DA:44,0
DA:45,0
LF:17
LH:3
BRDA:19,0,0,0
BRDA:19,0,1,0
BRDA:36,1,0,0
BRDA:36,1,1,0
BRF:4
BRH:0
end_of_record
TN:
SF:/Users/admin/tc/tolu/app/src/modules/nav-routes.js
FNF:0
FNH:0
DA:1,103
LF:1
LH:1
BRF:0
BRH:0
end_of_record
TN:
SF:/Users/admin/tc/tolu/app/src/modules/sparql.js
FN:8,querySparql
FN:49,parseSparql
FN:57,(anonymous_2)
FN:68,queryAndParseSparql
FNF:4
FNH:0
FNDA:0,querySparql
FNDA:0,parseSparql
FNDA:0,(anonymous_2)
FNDA:0,queryAndParseSparql
DA:5,102
DA:15,0
DA:16,0
DA:17,0
DA:23,0
DA:24,0
DA:33,0
DA:34,0
DA:37,0
DA:38,0
DA:41,0
DA:43,0
DA:45,0
DA:46,0
DA:50,0
DA:52,0
DA:54,0
DA:55,0
DA:56,0
DA:57,0
DA:58,0
DA:59,0
DA:60,0
DA:62,0
DA:65,0
DA:69,0
LF:26
LH:1
BRDA:8,0,0,0
BRDA:9,1,0,0
BRDA:10,2,0,0
BRDA:11,3,0,0
BRDA:12,4,0,0
BRDA:13,5,0,0
BRDA:16,6,0,0
BRDA:16,6,1,0
BRDA:33,7,0,0
BRDA:33,7,1,0
BRDA:37,8,0,0
BRDA:37,8,1,0
BRDA:43,9,0,0
BRDA:43,9,1,0
BRDA:43,10,0,0
BRDA:43,10,1,0
BRDA:52,11,0,0
BRDA:52,11,1,0
BRDA:52,12,0,0
BRDA:52,12,1,0
BRDA:52,12,2,0
BRDA:59,13,0,0
BRDA:59,13,1,0
BRDA:59,14,0,0
BRDA:59,14,1,0
BRDA:68,15,0,0
BRF:26
BRH:0
end_of_record
TN:
SF:/Users/admin/tc/tolu/app/src/modules/vega-chart.js
FN:63,generateChartId
FN:66,(anonymous_1)
FN:73,buildChartLd
FN:85,(anonymous_3)
FN:86,(anonymous_4)
FN:91,matchValidXmlTitle
FN:98,buildXmlLd
FN:151,buildXsdLd
FN:187,getDefaultChart
FN:195,copyChart
FN:203,deleteChart
FN:204,(anonymous_11)
FN:207,(anonymous_12)
FN:212,saveChart
FN:223,saveXml
FN:299,publishXSD
FN:356,loadChart
FN:384,readChartSparqlRow
FN:386,(anonymous_18)
FN:398,buildSparqlSpec
FN:407,buildCsvSpec
FN:416,toChartId
FN:428,toChartUri
FN:438,shareableChartUri
FN:442,(anonymous_24)
FNF:25
FNH:1
FNDA:0,generateChartId
FNDA:0,(anonymous_1)
FNDA:0,buildChartLd
FNDA:0,(anonymous_3)
FNDA:0,(anonymous_4)
FNDA:0,matchValidXmlTitle
FNDA:0,buildXmlLd
FNDA:0,buildXsdLd
FNDA:103,getDefaultChart
FNDA:0,copyChart
FNDA:0,deleteChart
FNDA:0,(anonymous_11)
FNDA:0,(anonymous_12)
FNDA:0,saveChart
FNDA:0,saveXml
FNDA:0,publishXSD
FNDA:0,loadChart
FNDA:0,readChartSparqlRow
FNDA:0,(anonymous_18)
FNDA:0,buildSparqlSpec
FNDA:0,buildCsvSpec
FNDA:0,toChartId
FNDA:0,toChartUri
FNDA:0,shareableChartUri
FNDA:0,(anonymous_24)
DA:5,103
DA:22,103
DA:37,103
DA:47,103
DA:49,103
DA:50,103
DA:51,103
DA:53,103
DA:61,103
DA:64,0
DA:65,0
DA:66,0
DA:67,0
DA:70,0
DA:74,0
DA:75,0
DA:76,0
DA:84,0
DA:85,0
DA:87,0
DA:89,0
DA:92,0
DA:95,0
DA:99,0
DA:100,0
DA:101,0
DA:102,0
DA:103,0
DA:104,0
DA:105,0
DA:107,0
DA:152,0
DA:153,0
DA:154,0
DA:155,0
DA:188,103
DA:197,0
DA:198,0
DA:199,0
DA:200,0
DA:204,0
DA:205,0
DA:206,0
DA:207,0
DA:213,0
DA:214,0
DA:216,0
DA:219,0
DA:220,0
DA:225,0
DA:226,0
DA:235,0
DA:236,0
DA:237,0
DA:238,0
DA:239,0
DA:240,0
DA:242,0
DA:245,0
DA:249,0
DA:250,0
DA:252,0
DA:253,0
DA:262,0
DA:275,0
DA:281,0
DA:282,0
DA:286,0
DA:287,0
DA:293,0
DA:295,0
DA:300,0
DA:301,0
DA:309,0
DA:310,0
DA:312,0
DA:313,0
DA:326,0
DA:327,0
DA:332,0
DA:335,103
DA:358,0
DA:359,0
DA:363,0
DA:364,0
DA:366,0
DA:369,0
DA:370,0
DA:374,0
DA:375,0
DA:377,0
DA:378,0
DA:381,0
DA:385,0
DA:386,0
DA:387,0
DA:389,0
DA:390,0
DA:395,0
DA:399,0
DA:400,0
DA:402,0
DA:403,0
DA:404,0
DA:408,0
DA:409,0
DA:411,0
DA:412,0
DA:413,0
DA:417,0
DA:421,0
DA:423,0
DA:425,0
DA:429,0
DA:430,0
DA:435,0
DA:439,0
DA:442,103
LF:118
LH:12
BRDA:70,0,0,0
BRDA:70,0,1,0
BRDA:205,1,0,0
BRDA:205,1,1,0
BRDA:205,2,0,0
BRDA:205,2,1,0
BRDA:213,3,0,0
BRDA:213,3,1,0
BRDA:235,4,0,0
BRDA:235,4,1,0
BRDA:238,5,0,0
BRDA:238,5,1,0
BRDA:252,6,0,0
BRDA:252,6,1,0
BRDA:281,7,0,0
BRDA:281,7,1,0
BRDA:286,8,0,0
BRDA:286,8,1,0
BRDA:312,9,0,0
BRDA:312,9,1,0
BRDA:326,10,0,0
BRDA:326,10,1,0
BRDA:359,11,0,0
BRDA:359,11,1,0
BRDA:364,12,0,0
BRDA:364,12,1,0
BRDA:377,13,0,0
BRDA:377,13,1,0
BRDA:389,14,0,0
BRDA:389,14,1,0
BRDA:399,15,0,0
BRDA:399,15,1,0
BRDA:408,16,0,0
BRDA:408,16,1,0
BRDA:417,17,0,0
BRDA:417,17,1,0
BRDA:417,18,0,0
BRDA:417,18,1,0
BRDA:423,19,0,0
BRDA:423,19,1,0
BRDA:429,20,0,0
BRDA:429,20,1,0
BRF:42
BRH:0
end_of_record
TN:
SF:/Users/admin/tc/tolu/app/src/modules/whyis-dataset.js
FN:79,generateDatasetId
FN:90,buildDatasetLd
FN:104,(anonymous_2)
FN:105,(anonymous_3)
FN:118,isEmpty
FN:142,recursiveFieldSetter
FN:181,getDefaultDataset
FN:194,deleteResources
FN:195,(anonymous_8)
FN:198,(anonymous_9)
FN:204,saveDataset
FN:205,(anonymous_11)
FN:206,(anonymous_12)
FN:207,(anonymous_13)
FN:221,(anonymous_14)
FN:222,(anonymous_15)
FN:249,saveDatasetFiles
FN:253,(anonymous_17)
FN:269,deleteFile
FN:290,buildDistrLd
FN:292,(anonymous_20)
FN:317,buildDepictionLd
FN:330,loadDataset
FN:345,extractDataset
FN:352,(anonymous_24)
FN:357,(anonymous_25)
FN:365,(anonymous_26)
FN:369,(anonymous_27)
FN:383,parseFileName
FN:392,(anonymous_29)
FNF:30
FNH:1
FNDA:0,generateDatasetId
FNDA:0,buildDatasetLd
FNDA:0,(anonymous_2)
FNDA:0,(anonymous_3)
FNDA:0,isEmpty
FNDA:0,recursiveFieldSetter
FNDA:0,getDefaultDataset
FNDA:0,deleteResources
FNDA:0,(anonymous_8)
FNDA:0,(anonymous_9)
FNDA:0,saveDataset
FNDA:0,(anonymous_11)
FNDA:0,(anonymous_12)
FNDA:0,(anonymous_13)
FNDA:0,(anonymous_14)
FNDA:0,(anonymous_15)
FNDA:0,saveDatasetFiles
FNDA:0,(anonymous_17)
FNDA:0,deleteFile
FNDA:0,buildDistrLd
FNDA:0,(anonymous_20)
FNDA:0,buildDepictionLd
FNDA:0,loadDataset
FNDA:0,extractDataset
FNDA:0,(anonymous_24)
FNDA:0,(anonymous_25)
FNDA:0,(anonymous_26)
FNDA:0,(anonymous_27)
FNDA:22,parseFileName
FNDA:0,(anonymous_29)
DA:9,103
DA:38,103
DA:39,103
DA:40,103
DA:41,103
DA:42,103
DA:44,103
DA:76,103
DA:81,0
DA:82,0
DA:83,0
DA:85,0
DA:87,0
DA:91,0
DA:92,0
DA:93,0
DA:98,0
DA:99,0
DA:102,0
DA:104,0
DA:107,0
DA:109,0
DA:110,0
DA:111,0
DA:114,0
DA:120,0
DA:121,0
DA:122,0
DA:124,0
DA:125,0
DA:127,0
DA:129,0
DA:130,0
DA:131,0
DA:132,0
DA:134,0
DA:136,0
DA:138,0
DA:144,0
DA:145,0
DA:146,0
DA:147,0
DA:149,0
DA:151,0
DA:153,0
DA:156,0
DA:159,0
DA:164,0
DA:168,0
DA:173,0
DA:176,0
DA:182,0
DA:195,0
DA:196,0
DA:197,0
DA:198,0
DA:205,0
DA:206,0
DA:207,0
DA:210,0
DA:212,0
DA:213,0
DA:214,0
DA:215,0
DA:216,0
DA:218,0
DA:220,0
DA:221,0
DA:222,0
DA:226,0
DA:227,0
DA:228,0
DA:229,0
DA:230,0
DA:233,0
DA:234,0
DA:238,0
DA:239,0
DA:245,0
DA:250,0
DA:251,0
DA:252,0
DA:253,0
DA:254,0
DA:256,0
DA:264,0
DA:270,0
DA:271,0
DA:280,0
DA:281,0
DA:284,0
DA:286,0
DA:291,0
DA:292,0
DA:294,0
DA:295,0
DA:299,0
DA:300,0
DA:302,0
DA:314,0
DA:318,0
DA:326,0
DA:331,0
DA:332,0
DA:337,0
DA:338,0
DA:340,0
DA:347,0
DA:348,0
DA:349,0
DA:352,0
DA:353,0
DA:354,0
DA:355,0
DA:356,0
DA:357,0
DA:358,0
DA:363,0
DA:364,0
DA:365,0
DA:366,0
DA:368,0
DA:369,0
DA:370,0
DA:371,0
DA:374,0
DA:375,0
DA:379,0
DA:385,22
DA:387,22
DA:388,22
DA:389,22
DA:392,103
DA:393,0
LF:134
LH:13
BRDA:81,0,0,0
BRDA:81,0,1,0
BRDA:98,1,0,0
BRDA:98,1,1,0
BRDA:109,2,0,0
BRDA:109,2,1,0
BRDA:120,3,0,0
BRDA:120,3,1,0
BRDA:122,4,0,0
BRDA:122,4,1,0
BRDA:127,5,0,0
BRDA:127,5,1,0
BRDA:130,6,0,0
BRDA:130,6,1,0
BRDA:134,7,0,0
BRDA:134,7,1,0
BRDA:144,8,0,0
BRDA:144,8,1,0
BRDA:156,9,0,0
BRDA:156,9,1,0
BRDA:160,10,0,0
BRDA:160,10,1,0
BRDA:164,11,0,0
BRDA:164,11,1,0
BRDA:196,12,0,0
BRDA:196,12,1,0
BRDA:196,13,0,0
BRDA:196,13,1,0
BRDA:210,14,0,0
BRDA:210,14,1,0
BRDA:213,15,0,0
BRDA:213,15,1,0
BRDA:215,16,0,0
BRDA:215,16,1,0
BRDA:228,17,0,0
BRDA:228,17,1,0
BRDA:229,18,0,0
BRDA:229,18,1,0
BRDA:233,19,0,0
BRDA:233,19,1,0
BRDA:238,20,0,0
BRDA:238,20,1,0
BRDA:250,21,0,0
BRDA:250,21,1,0
BRDA:254,22,0,0
BRDA:254,22,1,0
BRDA:270,23,0,0
BRDA:270,23,1,0
BRDA:280,24,0,0
BRDA:280,24,1,0
BRDA:282,25,0,0
BRDA:282,25,1,0
BRDA:294,26,0,0
BRDA:294,26,1,0
BRDA:299,27,0,0
BRDA:299,27,1,0
BRDA:322,28,0,0
BRDA:322,28,1,0
BRDA:324,29,0,0
BRDA:324,29,1,0
BRDA:355,30,0,0
BRDA:355,30,1,0
BRDA:355,31,0,0
BRDA:355,31,1,0
BRDA:356,32,0,0
BRDA:356,32,1,0
BRDA:363,33,0,0
BRDA:363,33,1,0
BRDA:364,34,0,0
BRDA:364,34,1,0
BRDA:364,35,0,0
BRDA:364,35,1,0
BRDA:366,36,0,0
BRDA:366,36,1,0
BRDA:368,37,0,0
BRDA:368,37,1,0
BRDA:370,38,0,0
BRDA:370,38,1,0
BRDA:374,39,0,0
BRDA:374,39,1,0
BRDA:383,40,0,22
BRDA:387,41,0,0
BRDA:387,41,1,22
BRF:83
BRH:2
end_of_record
TN:
SF:/Users/admin/tc/tolu/app/src/modules/whyis-utils.js
FN:5,(anonymous_0)
FN:12,makeNanopubId
FN:19,listNanopubs
FN:26,(anonymous_3)
FN:49,getNanopubSkeleton
FNF:5
FNH:0
FNDA:0,(anonymous_0)
FNDA:0,makeNanopubId
FNDA:0,listNanopubs
FNDA:0,(anonymous_3)
FNDA:0,getNanopubSkeleton
DA:3,103
DA:5,103
DA:6,0
DA:16,0
DA:20,0
DA:23,0
DA:26,103
DA:28,0
DA:29,0
DA:30,0
DA:31,0
DA:33,0
DA:35,0
DA:40,0
DA:46,0
DA:51,0
DA:52,0
LF:17
LH:3
BRDA:28,0,0,0
BRDA:28,0,1,0
BRDA:30,1,0,0
BRDA:30,1,1,0
BRF:4
BRH:0
end_of_record
TN:
SF:/Users/admin/tc/tolu/app/src/modules/whyis-view.js
FN:4,getViewUrl
FN:12,loadJsonView
FNF:2
FNH:0
FNDA:0,getViewUrl
FNDA:0,loadJsonView
DA:1,0
DA:5,0
DA:6,0
DA:8,0
DA:13,0
DA:14,0
DA:15,0
DA:16,0
LF:8
LH:0
BRDA:4,0,0,0
BRDA:4,1,0,0
BRDA:5,2,0,0
BRDA:5,2,1,0
BRDA:6,3,0,0
BRDA:6,3,1,0
BRDA:12,4,0,0
BRDA:12,5,0,0
BRF:8
BRH:0
end_of_record
TN:
SF:/Users/admin/tc/tolu/app/src/modules/explorer/article/services/articleMetadata.js
FN:11,(anonymous_0)
FN:26,(anonymous_1)
FN:35,(anonymous_2)
FN:59,cleanPaperResponse
FN:64,(anonymous_4)
FN:69,(anonymous_5)
FN:77,articleSort
FN:88,articleFilter
FN:99,fetchSemanticScholarResponse
FNF:9
FNH:9
FNDA:7,(anonymous_0)
FNDA:21,(anonymous_1)
FNDA:10,(anonymous_2)
FNDA:10,cleanPaperResponse
FNDA:21,(anonymous_4)
FNDA:21,(anonymous_5)
FNDA:6,articleSort
FNDA:21,articleFilter
FNDA:21,fetchSemanticScholarResponse
DA:13,7
DA:14,7
DA:15,7
DA:17,7
DA:26,21
DA:29,7
DA:30,2
DA:34,5
DA:35,10
DA:40,5
DA:44,5
DA:49,5
DA:60,10
DA:61,4
DA:64,21
DA:67,6
DA:68,12
DA:69,21
DA:72,6
DA:78,6
DA:79,0
DA:80,6
DA:81,3
DA:83,3
DA:89,21
DA:100,21
DA:101,21
DA:102,21
DA:107,21
DA:108,21
DA:109,18
DA:113,18
DA:120,3
DA:122,3
DA:129,0
LF:35
LH:33
BRDA:29,0,0,2
BRDA:29,0,1,5
BRDA:29,1,0,7
BRDA:29,1,1,7
BRDA:34,2,0,5
BRDA:34,2,1,0
BRDA:60,3,0,4
BRDA:60,3,1,6
BRDA:60,4,0,10
BRDA:60,4,1,10
BRDA:68,5,0,12
BRDA:68,5,1,0
BRDA:78,6,0,0
BRDA:78,6,1,6
BRDA:80,7,0,3
BRDA:80,7,1,3
BRDA:89,8,0,21
BRDA:89,8,1,15
BRDA:89,8,2,15
BRDA:89,8,3,12
BRDA:100,9,0,21
BRDA:100,9,1,7
BRDA:120,10,0,3
BRDA:120,10,1,0
BRF:24
BRH:20
end_of_record
TN:
SF:/Users/admin/tc/tolu/app/src/modules/gql/apolloClient.js
FN:6,(anonymous_0)
FNF:1
FNH:1
FNDA:18,(anonymous_0)
DA:3,103
DA:4,103
DA:5,103
DA:6,103
DA:8,18
DA:9,18
DA:14,18
LF:7
LH:7
BRDA:8,0,0,18
BRDA:8,0,1,18
BRDA:11,1,0,0
BRDA:11,1,1,18
BRF:4
BRH:3
end_of_record
TN:
SF:/Users/admin/tc/tolu/app/src/modules/gql/comment-gql.js
FNF:0
FNH:0
DA:3,0
DA:27,0
DA:43,0
LF:3
LH:0
BRF:0
BRH:0
end_of_record
TN:
SF:/Users/admin/tc/tolu/app/src/modules/gql/contact-gql.js
FNF:0
FNH:0
DA:3,103
DA:17,103
DA:43,103
LF:3
LH:3
BRF:0
BRH:0
end_of_record
TN:
SF:/Users/admin/tc/tolu/app/src/modules/gql/dataset-gql.js
FNF:0
FNH:0
DA:3,103
DA:14,103
DA:42,103
DA:54,103
DA:77,103
LF:5
LH:5
BRF:0
BRH:0
end_of_record
TN:
SF:/Users/admin/tc/tolu/app/src/modules/gql/image-gql.js
FNF:0
FNH:0
DA:3,2
DA:31,2
DA:59,2
LF:3
LH:3
BRF:0
BRH:0
end_of_record
TN:
SF:/Users/admin/tc/tolu/app/src/modules/gql/material-gql.js
FNF:0
FNH:0
DA:3,103
DA:14,103
DA:31,103
DA:40,103
LF:4
LH:4
BRF:0
BRH:0
end_of_record
TN:
SF:/Users/admin/tc/tolu/app/src/modules/gql/metamaterial-gql.js
FNF:0
FNH:0
DA:3,1
LF:1
LH:1
BRF:0
BRH:0
end_of_record
TN:
SF:/Users/admin/tc/tolu/app/src/modules/gql/user-gql.js
FNF:0
FNH:0
DA:3,1
DA:25,1
DA:30,1
LF:3
LH:3
BRF:0
BRH:0
end_of_record
TN:
SF:/Users/admin/tc/tolu/app/src/modules/gql/xml-gql.js
FNF:0
FNH:0
DA:3,2
DA:23,2
LF:2
LH:2
BRF:0
BRH:0
end_of_record
TN:
SF:/Users/admin/tc/tolu/app/src/modules/metamine/metamaterial-vegalite.js
FN:560,createPatch
FNF:1
FNH:0
FNDA:0,createPatch
DA:1,1
DA:561,0
LF:2
LH:1
BRF:0
BRH:0
end_of_record
TN:
SF:/Users/admin/tc/tolu/app/src/modules/metamine/utils/organizeByName.js
FN:1,(anonymous_0)
FN:2,(anonymous_1)
FN:6,(anonymous_2)
FN:7,(anonymous_3)
FNF:4
FNH:4
FNDA:2,(anonymous_0)
FNDA:5,(anonymous_1)
FNDA:2,(anonymous_2)
FNDA:10,(anonymous_3)
DA:1,6
DA:2,5
DA:4,2
DA:6,2
DA:7,10
DA:8,2
DA:15,2
LF:7
LH:7
BRF:0
BRH:0
end_of_record
TN:
SF:/Users/admin/tc/tolu/app/src/modules/metamine/utils/processData.js
FN:4,(anonymous_0)
FNF:1
FNH:1
FNDA:5,(anonymous_0)
DA:2,104
DA:4,104
DA:5,5
DA:6,5
DA:7,5
DA:33,5
LF:6
LH:6
BRDA:28,0,0,5
BRDA:28,0,1,0
BRDA:29,1,0,5
BRDA:29,1,1,0
BRDA:30,2,0,5
BRDA:30,2,1,0
BRDA:31,3,0,5
BRDA:31,3,1,0
BRF:8
BRH:4
end_of_record
TN:
SF:/Users/admin/tc/tolu/app/src/modules/metamine/utils/sigFigs.js
FN:1,sigFigs
FNF:1
FNH:1
FNDA:94,sigFigs
DA:2,94
DA:3,60
DA:5,34
DA:6,0
DA:8,34
LF:5
LH:4
BRDA:2,0,0,60
BRDA:2,0,1,34
BRDA:5,1,0,0
BRDA:5,1,1,34
BRF:4
BRH:3
end_of_record
TN:
SF:/Users/admin/tc/tolu/app/src/modules/metamine/utils/standardScaler.js
FN:2,(anonymous_0)
FN:7,(anonymous_1)
FN:11,(anonymous_2)
FN:12,(anonymous_3)
FN:14,(anonymous_4)
FN:21,(anonymous_5)
FN:24,(anonymous_6)
FN:35,(anonymous_7)
FNF:8
FNH:8
FNDA:4,(anonymous_0)
FNDA:2,(anonymous_1)
FNDA:72,(anonymous_2)
FNDA:72,(anonymous_3)
FNDA:72,(anonymous_4)
FNDA:3,(anonymous_5)
FNDA:18,(anonymous_6)
FNDA:1,(anonymous_7)
DA:3,4
DA:4,4
DA:8,2
DA:10,2
DA:11,72
DA:12,72
DA:13,12
DA:14,72
DA:16,12
DA:17,12
DA:22,3
DA:24,3
DA:25,18
DA:26,18
DA:27,108
DA:29,18
DA:32,3
DA:36,1
DA:37,1
LF:19
LH:19
BRDA:27,0,0,36
BRDA:27,0,1,72
BRF:2
BRH:2
end_of_record
TN:
SF:/Users/admin/tc/tolu/app/src/modules/queries/sampleQueries.js
FN:9,(anonymous_0)
FN:22,(anonymous_1)
FN:36,(anonymous_2)
FN:46,(anonymous_3)
FN:79,(anonymous_4)
FN:107,(anonymous_5)
FN:114,(anonymous_6)
FN:126,(anonymous_7)
FN:139,(anonymous_8)
FN:149,(anonymous_9)
FN:155,(anonymous_10)
FNF:11
FNH:0
FNDA:0,(anonymous_0)
FNDA:0,(anonymous_1)
FNDA:0,(anonymous_2)
FNDA:0,(anonymous_3)
FNDA:0,(anonymous_4)
FNDA:0,(anonymous_5)
FNDA:0,(anonymous_6)
FNDA:0,(anonymous_7)
FNDA:0,(anonymous_8)
FNDA:0,(anonymous_9)
FNDA:0,(anonymous_10)
DA:1,103
DA:11,0
DA:24,0
DA:36,0
DA:48,0
DA:81,0
DA:107,0
DA:114,0
DA:126,0
DA:139,0
DA:149,0
DA:155,0
LF:12
LH:1
BRF:0
BRH:0
end_of_record
TN:
SF:/Users/admin/tc/tolu/app/src/pages/CountDown.vue
FNF:0
FNH:0
DA:51,1
DA:53,1
DA:119,1
LF:3
LH:3
BRF:0
BRH:0
end_of_record
TN:
SF:/Users/admin/tc/tolu/app/src/pages/Home.vue
FNF:0
FNH:0
DA:11,0
DA:12,0
DA:31,0
LF:3
LH:0
BRF:0
BRH:0
end_of_record
TN:
SF:/Users/admin/tc/tolu/app/src/pages/explorer/Base.vue
FNF:0
FNH:0
DA:11,103
DA:13,103
DA:14,103
DA:54,103
LF:4
LH:4
BRF:0
BRH:0
end_of_record
TN:
SF:/Users/admin/tc/tolu/app/src/pages/explorer/Curate.vue
FNF:0
FNH:0
DA:215,2
DA:219,2
LF:2
LH:2
BRF:0
BRH:0
end_of_record
TN:
SF:/Users/admin/tc/tolu/app/src/pages/explorer/FacetFilter.vue
FNF:0
FNH:0
DA:43,0
DA:45,0
DA:46,0
DA:70,0
LF:4
LH:0
BRF:0
BRH:0
end_of_record
TN:
SF:/Users/admin/tc/tolu/app/src/pages/explorer/Gallery.vue
FNF:0
FNH:0
DA:3,1
DA:5,1
DA:11,1
LF:3
LH:3
BRF:0
BRH:0
end_of_record
TN:
SF:/Users/admin/tc/tolu/app/src/pages/explorer/Home.vue
FNF:0
FNH:0
DA:95,3
DA:97,3
DA:98,3
DA:99,3
DA:125,3
LF:5
LH:5
BRF:0
BRH:0
end_of_record
TN:
SF:/Users/admin/tc/tolu/app/src/pages/explorer/Sparql.vue
FNF:0
FNH:0
DA:7,1
DA:9,1
DA:16,1
LF:3
LH:3
BRF:0
BRH:0
end_of_record
TN:
SF:/Users/admin/tc/tolu/app/src/pages/explorer/Tools.vue
FNF:0
FNH:0
DA:407,2
DA:409,2
DA:416,2
LF:3
LH:3
BRF:0
BRH:0
end_of_record
TN:
SF:/Users/admin/tc/tolu/app/src/pages/explorer/Visualization.vue
FNF:0
FNH:0
DA:57,1
DA:61,1
LF:2
LH:2
BRF:0
BRH:0
end_of_record
TN:
SF:/Users/admin/tc/tolu/app/src/pages/explorer/article/Article.vue
FNF:0
FNH:0
DA:1,3
DA:2,3
DA:91,3
LF:3
LH:3
BRF:0
BRH:0
end_of_record
TN:
SF:/Users/admin/tc/tolu/app/src/pages/explorer/article/article.js
FN:9,(anonymous_0)
FN:18,(anonymous_1)
FN:25,(anonymous_2)
FN:36,(anonymous_3)
FN:40,(anonymous_4)
FN:43,(anonymous_5)
FN:75,(anonymous_6)
FNF:7
FNH:0
FNDA:0,(anonymous_0)
FNDA:0,(anonymous_1)
FNDA:0,(anonymous_2)
FNDA:0,(anonymous_3)
FNDA:0,(anonymous_4)
FNDA:0,(anonymous_5)
FNDA:0,(anonymous_6)
DA:10,0
DA:19,0
DA:20,0
DA:22,0
DA:26,0
DA:27,0
DA:29,0
DA:37,0
DA:41,0
DA:44,0
DA:45,0
DA:46,0
DA:48,0
DA:49,0
DA:50,0
DA:51,0
DA:54,0
DA:61,0
DA:66,0
DA:77,0
DA:78,0
DA:80,0
DA:82,0
DA:83,0
DA:84,0
DA:85,0
DA:87,0
LF:27
LH:0
BRDA:19,0,0,0
BRDA:19,0,1,0
BRDA:26,1,0,0
BRDA:26,1,1,0
BRDA:48,2,0,0
BRDA:48,2,1,0
BRDA:77,3,0,0
BRDA:77,3,1,0
BRDA:82,4,0,0
BRDA:82,4,1,0
BRDA:84,5,0,0
BRDA:84,5,1,0
BRDA:85,6,0,0
BRDA:85,6,1,0
BRF:14
BRH:0
end_of_record
TN:
SF:/Users/admin/tc/tolu/app/src/pages/explorer/chart/datavoyager/DataVoyagerPage.vue
FNF:0
FNH:0
DA:1,0
DA:5,0
DA:6,0
DA:7,0
DA:8,0
DA:9,0
DA:10,0
DA:69,0
LF:8
LH:0
BRF:0
BRH:0
end_of_record
TN:
SF:/Users/admin/tc/tolu/app/src/pages/explorer/chart/datavoyager/data-voyager-page.js
FN:13,(anonymous_0)
FN:31,(anonymous_1)
FN:39,(anonymous_2)
FN:48,(anonymous_3)
FN:51,(anonymous_4)
FN:56,(anonymous_5)
FN:59,(anonymous_6)
FN:62,(anonymous_7)
FN:66,(anonymous_8)
FNF:9
FNH:0
FNDA:0,(anonymous_0)
FNDA:0,(anonymous_1)
FNDA:0,(anonymous_2)
FNDA:0,(anonymous_3)
FNDA:0,(anonymous_4)
FNDA:0,(anonymous_5)
FNDA:0,(anonymous_6)
FNDA:0,(anonymous_7)
FNDA:0,(anonymous_8)
DA:14,0
DA:33,0
DA:40,0
DA:41,0
DA:42,0
DA:44,0
DA:45,0
DA:46,0
DA:53,0
DA:57,0
DA:63,0
DA:67,0
LF:12
LH:0
BRDA:41,0,0,0
BRDA:41,0,1,0
BRF:2
BRH:0
end_of_record
TN:
SF:/Users/admin/tc/tolu/app/src/pages/explorer/chart/editor/Chart.vue
FNF:0
FNH:0
DA:124,0
DA:126,0
DA:127,0
DA:134,0
DA:135,0
DA:136,0
DA:137,0
DA:138,0
DA:288,0
LF:9
LH:0
BRF:0
BRH:0
end_of_record
TN:
SF:/Users/admin/tc/tolu/app/src/pages/explorer/chart/view/VegaView.vue
FNF:0
FNH:0
DA:1,0
DA:2,0
DA:3,0
DA:4,0
DA:5,0
DA:6,0
DA:7,0
DA:8,0
DA:9,0
DA:122,0
LF:10
LH:0
BRF:0
BRH:0
end_of_record
TN:
SF:/Users/admin/tc/tolu/app/src/pages/explorer/chart/view/vega-view-script.js
FN:21,(anonymous_0)
FN:40,(anonymous_1)
FN:57,(anonymous_2)
FN:60,(anonymous_3)
FN:63,(anonymous_4)
FN:71,(anonymous_5)
FN:84,(anonymous_6)
FN:87,(anonymous_7)
FN:90,(anonymous_8)
FN:102,(anonymous_9)
FN:110,(anonymous_10)
FN:115,(anonymous_11)
FN:118,(anonymous_12)
FNF:13
FNH:0
FNDA:0,(anonymous_0)
FNDA:0,(anonymous_1)
FNDA:0,(anonymous_2)
FNDA:0,(anonymous_3)
FNDA:0,(anonymous_4)
FNDA:0,(anonymous_5)
FNDA:0,(anonymous_6)
FNDA:0,(anonymous_7)
FNDA:0,(anonymous_8)
FNDA:0,(anonymous_9)
FNDA:0,(anonymous_10)
FNDA:0,(anonymous_11)
FNDA:0,(anonymous_12)
DA:22,0
DA:40,0
DA:58,0
DA:61,0
DA:64,0
DA:72,0
DA:73,0
DA:74,0
DA:75,0
DA:77,0
DA:79,0
DA:81,0
DA:85,0
DA:88,0
DA:91,0
DA:92,0
DA:93,0
DA:94,0
DA:98,0
DA:99,0
DA:100,0
DA:103,0
DA:108,0
DA:112,0
DA:116,0
DA:119,0
DA:120,0
LF:27
LH:0
BRDA:58,0,0,0
BRDA:58,0,1,0
BRDA:58,1,0,0
BRDA:58,1,1,0
BRDA:74,2,0,0
BRDA:74,2,1,0
BRDA:91,3,0,0
BRDA:91,3,1,0
BRF:8
BRH:0
end_of_record
TN:
SF:/Users/admin/tc/tolu/app/src/pages/explorer/curate/edit/Dataset.vue
FNF:0
FNH:0
DA:65,1
DA:67,1
DA:68,1
DA:69,1
DA:70,1
DA:71,1
DA:125,1
LF:7
LH:7
BRF:0
BRH:0
end_of_record
TN:
SF:/Users/admin/tc/tolu/app/src/pages/explorer/curate/edit/UserDatasets.vue
FNF:0
FNH:0
DA:118,1
DA:120,1
DA:121,1
DA:122,1
DA:123,1
DA:124,1
DA:125,1
DA:181,1
LF:8
LH:8
BRF:0
BRH:0
end_of_record
TN:
SF:/Users/admin/tc/tolu/app/src/pages/explorer/curate/form/CurationForm.vue
FNF:0
FNH:0
DA:325,1
DA:327,1
DA:328,1
DA:329,1
DA:330,1
DA:331,1
DA:332,1
DA:817,1
LF:8
LH:8
BRF:0
BRH:0
end_of_record
TN:
SF:/Users/admin/tc/tolu/app/src/pages/explorer/curate/sdd/SddForm.vue
FNF:0
FNH:0
DA:818,1
DA:819,1
DA:820,1
DA:821,1
DA:822,1
DA:823,1
DA:824,1
DA:825,1
DA:826,1
DA:833,1
DA:834,1
DA:835,1
DA:838,1
DA:858,1
DA:1246,1
LF:15
LH:15
BRF:0
BRH:0
end_of_record
TN:
SF:/Users/admin/tc/tolu/app/src/pages/explorer/curate/sdd/SddLinking.vue
FNF:0
FNH:0
DA:385,1
DA:387,1
DA:388,1
DA:389,1
DA:390,1
DA:391,1
DA:392,1
DA:393,1
DA:629,1
LF:9
LH:9
BRF:0
BRH:0
end_of_record
TN:
SF:/Users/admin/tc/tolu/app/src/pages/explorer/curate/spreadsheet/SpreadsheetBase.vue
FNF:0
FNH:0
DA:74,0
DA:76,0
DA:77,0
DA:97,0
LF:4
LH:0
BRF:0
BRH:0
end_of_record
TN:
SF:/Users/admin/tc/tolu/app/src/pages/explorer/curate/spreadsheet/SpreadsheetUpload.vue
FNF:0
FNH:0
DA:1,1
DA:2,1
DA:3,1
DA:4,1
DA:5,1
DA:6,1
DA:7,1
DA:8,1
DA:9,1
DA:10,1
DA:11,1
DA:14,1
DA:15,1
DA:216,1
LF:14
LH:14
BRF:0
BRH:0
end_of_record
TN:
SF:/Users/admin/tc/tolu/app/src/pages/explorer/curate/spreadsheet/SpreadsheetUploadBulk.vue
FNF:0
FNH:0
DA:311,1
DA:312,1
DA:313,1
DA:314,1
DA:315,1
DA:316,1
DA:317,1
DA:321,1
DA:322,1
DA:325,1
DA:454,1
LF:11
LH:11
BRF:0
BRH:0
end_of_record
TN:
SF:/Users/admin/tc/tolu/app/src/pages/explorer/curate/spreadsheet/spreadsheet-upload-script.js
FN:29,(anonymous_0)
FN:94,(anonymous_1)
FN:98,(anonymous_2)
FN:99,(anonymous_3)
FN:100,(anonymous_4)
FN:101,(anonymous_5)
FN:103,(anonymous_6)
FN:114,(anonymous_7)
FN:126,(anonymous_8)
FN:138,(anonymous_9)
FN:145,(anonymous_10)
FN:157,(anonymous_11)
FN:166,(anonymous_12)
FN:171,(anonymous_13)
FN:185,(anonymous_14)
FN:186,(anonymous_15)
FN:192,(anonymous_16)
FN:198,(anonymous_17)
FN:202,(anonymous_18)
FNF:19
FNH:0
FNDA:0,(anonymous_0)
FNDA:0,(anonymous_1)
FNDA:0,(anonymous_2)
FNDA:0,(anonymous_3)
FNDA:0,(anonymous_4)
FNDA:0,(anonymous_5)
FNDA:0,(anonymous_6)
FNDA:0,(anonymous_7)
FNDA:0,(anonymous_8)
FNDA:0,(anonymous_9)
FNDA:0,(anonymous_10)
FNDA:0,(anonymous_11)
FNDA:0,(anonymous_12)
FNDA:0,(anonymous_13)
FNDA:0,(anonymous_14)
FNDA:0,(anonymous_15)
FNDA:0,(anonymous_16)
FNDA:0,(anonymous_17)
FNDA:0,(anonymous_18)
DA:14,0
DA:15,0
DA:30,0
DA:95,0
DA:99,0
DA:100,0
DA:101,0
DA:104,0
DA:105,0
DA:106,0
DA:108,0
DA:109,0
DA:112,0
DA:115,0
DA:116,0
DA:117,0
DA:118,0
DA:119,0
DA:120,0
DA:121,0
DA:122,0
DA:124,0
DA:127,0
DA:128,0
DA:129,0
DA:130,0
DA:131,0
DA:132,0
DA:133,0
DA:134,0
DA:136,0
DA:139,0
DA:140,0
DA:141,0
DA:142,0
DA:146,0
DA:147,0
DA:148,0
DA:149,0
DA:151,0
DA:152,0
DA:158,0
DA:164,0
DA:167,0
DA:168,0
DA:169,0
DA:170,0
DA:171,0
DA:172,0
DA:173,0
DA:181,0
DA:183,0
DA:184,0
DA:185,0
DA:186,0
DA:187,0
DA:189,0
DA:190,0
DA:192,0
DA:193,0
DA:195,0
DA:196,0
DA:199,0
DA:200,0
DA:203,0
LF:65
LH:0
BRDA:104,0,0,0
BRDA:104,0,1,0
BRDA:120,1,0,0
BRDA:120,1,1,0
BRDA:131,2,0,0
BRDA:131,2,1,0
BRDA:141,3,0,0
BRDA:141,3,1,0
BRDA:153,4,0,0
BRDA:153,4,1,0
BRDA:157,5,0,0
BRDA:184,6,0,0
BRDA:184,6,1,0
BRDA:192,7,0,0
BRDA:192,7,1,0
BRDA:193,8,0,0
BRDA:193,8,1,0
BRDA:195,9,0,0
BRDA:195,9,1,0
BRDA:199,10,0,0
BRDA:199,10,1,0
BRF:21
BRH:0
end_of_record
TN:
SF:/Users/admin/tc/tolu/app/src/pages/explorer/curate/validlist/XlsList.vue
FNF:0
FNH:0
DA:107,1
DA:109,1
DA:110,1
DA:221,1
LF:4
LH:4
BRF:0
BRH:0
end_of_record
TN:
SF:/Users/admin/tc/tolu/app/src/pages/explorer/curate/xml/xmlUpload.vue
FNF:0
FNH:0
DA:106,0
DA:107,0
DA:108,0
DA:109,0
DA:110,0
DA:111,0
DA:112,0
DA:114,0
DA:190,0
LF:9
LH:0
BRF:0
BRH:0
end_of_record
TN:
SF:/Users/admin/tc/tolu/app/src/pages/explorer/dataset/Dataset.vue
FNF:0
FNH:0
DA:308,1
DA:310,1
DA:311,1
DA:312,1
DA:313,1
DA:314,1
DA:475,1
LF:7
LH:7
BRF:0
BRH:0
end_of_record
TN:
SF:/Users/admin/tc/tolu/app/src/pages/explorer/dataset/DatasetGallery.vue
FNF:0
FNH:0
DA:184,1
DA:186,1
DA:187,1
DA:188,1
DA:189,1
DA:190,1
DA:191,1
DA:192,1
DA:309,1
LF:9
LH:9
BRF:0
BRH:0
end_of_record
TN:
SF:/Users/admin/tc/tolu/app/src/pages/explorer/image/Image.vue
FNF:0
FNH:0
DA:115,1
DA:117,1
DA:118,1
DA:119,1
DA:120,1
DA:121,1
DA:279,1
LF:7
LH:7
BRF:0
BRH:0
end_of_record
TN:
SF:/Users/admin/tc/tolu/app/src/pages/explorer/image/ImageDetailView.vue
FNF:0
FNH:0
DA:136,1
DA:138,1
DA:139,1
DA:140,1
DA:218,1
LF:5
LH:5
BRF:0
BRH:0
end_of_record
TN:
SF:/Users/admin/tc/tolu/app/src/pages/explorer/parameterized-query/parameterized-query-page.vue
FNF:0
FNH:0
DA:125,1
DA:126,1
DA:127,1
DA:128,1
DA:133,1
DA:134,1
DA:135,1
DA:136,1
DA:137,1
DA:333,1
LF:10
LH:10
BRF:0
BRH:0
end_of_record
TN:
SF:/Users/admin/tc/tolu/app/src/pages/explorer/parameterized-query/sparql-templates.js
FN:18,loadSparqlTemplates
FN:28,(anonymous_1)
FN:34,(anonymous_2)
FN:35,(anonymous_3)
FN:37,(anonymous_4)
FN:58,literalValue
FN:62,getSingletonObject
FN:70,getSingletonLiteral
FN:75,buildTemplate
FN:87,buildTemplateReplacements
FN:90,(anonymous_10)
FN:100,buildTemplateParams
FN:103,(anonymous_12)
FN:110,buildParamOpts
FN:113,(anonymous_14)
FN:118,(anonymous_15)
FN:122,getOptValue
FN:147,parseDisplayText
FN:148,(anonymous_18)
FNF:19
FNH:19
FNDA:1,loadSparqlTemplates
FNDA:2068,(anonymous_1)
FNDA:16,(anonymous_2)
FNDA:16,(anonymous_3)
FNDA:15,(anonymous_4)
FNDA:1351,literalValue
FNDA:1969,getSingletonObject
FNDA:1498,getSingletonLiteral
FNDA:16,buildTemplate
FNDA:16,buildTemplateReplacements
FNDA:6,(anonymous_10)
FNDA:16,buildTemplateParams
FNDA:35,(anonymous_12)
FNDA:35,buildParamOpts
FNDA:471,(anonymous_14)
FNDA:436,(anonymous_15)
FNDA:471,getOptValue
FNDA:16,parseDisplayText
FNDA:86,(anonymous_18)
DA:10,1
DA:11,1
DA:13,1
DA:14,1
DA:16,1
DA:24,1
DA:25,1
DA:26,16
DA:27,16
DA:28,16
DA:29,2068
DA:30,2052
DA:33,16
DA:34,16
DA:35,16
DA:37,15
DA:38,1
DA:44,1
DA:52,1
DA:59,1351
DA:63,1969
DA:64,1969
DA:65,480
DA:67,1489
DA:71,1498
DA:72,1498
DA:76,16
DA:77,16
DA:88,16
DA:91,6
DA:101,16
DA:103,35
DA:111,35
DA:113,471
DA:118,436
DA:123,471
DA:126,471
DA:127,471
DA:128,471
DA:129,324
DA:133,147
DA:134,138
DA:139,471
DA:143,1
DA:145,1
DA:148,16
DA:150,86
DA:151,86
DA:152,35
DA:157,51
DA:162,86
LF:51
LH:51
BRDA:29,0,0,2052
BRDA:29,0,1,16
BRDA:37,1,0,15
BRDA:37,1,1,0
BRDA:62,2,0,0
BRDA:64,3,0,480
BRDA:64,3,1,1489
BRDA:64,4,0,1969
BRDA:64,4,1,942
BRDA:70,5,0,1027
BRDA:72,6,0,1498
BRDA:72,6,1,1351
BRDA:118,7,0,436
BRDA:118,7,1,0
BRDA:128,8,0,324
BRDA:128,8,1,147
BRDA:133,9,0,138
BRDA:133,9,1,9
BRDA:151,10,0,35
BRDA:151,10,1,51
BRF:20
BRH:17
end_of_record
TN:
SF:/Users/admin/tc/tolu/app/src/pages/explorer/parameterized-query/templates/index.js
FNF:0
FNH:0
LF:0
LH:0
BRF:0
BRH:0
end_of_record
TN:
SF:/Users/admin/tc/tolu/app/src/pages/explorer/sample/Sample.vue
FNF:0
FNH:0
DA:1,0
DA:2,0
DA:3,0
DA:189,0
LF:4
LH:0
BRF:0
BRH:0
end_of_record
TN:
SF:/Users/admin/tc/tolu/app/src/pages/explorer/sample/sample.js
FN:10,(anonymous_0)
FN:23,(anonymous_1)
FN:26,(anonymous_2)
FN:33,(anonymous_3)
FN:37,(anonymous_4)
FN:40,(anonymous_5)
FN:48,(anonymous_6)
FN:54,(anonymous_7)
FN:59,(anonymous_8)
FN:66,(anonymous_9)
FN:68,(anonymous_10)
FN:69,(anonymous_11)
FN:89,(anonymous_12)
FN:93,(anonymous_13)
FN:111,(anonymous_14)
FN:116,(anonymous_15)
FN:122,(anonymous_16)
FN:126,(anonymous_17)
FN:131,(anonymous_18)
FN:142,(anonymous_19)
FN:143,(anonymous_20)
FN:167,(anonymous_21)
FN:172,(anonymous_22)
FN:175,(anonymous_23)
FN:178,(anonymous_24)
FN:186,(anonymous_25)
FNF:26
FNH:0
FNDA:0,(anonymous_0)
FNDA:0,(anonymous_1)
FNDA:0,(anonymous_2)
FNDA:0,(anonymous_3)
FNDA:0,(anonymous_4)
FNDA:0,(anonymous_5)
FNDA:0,(anonymous_6)
FNDA:0,(anonymous_7)
FNDA:0,(anonymous_8)
FNDA:0,(anonymous_9)
FNDA:0,(anonymous_10)
FNDA:0,(anonymous_11)
FNDA:0,(anonymous_12)
FNDA:0,(anonymous_13)
FNDA:0,(anonymous_14)
FNDA:0,(anonymous_15)
FNDA:0,(anonymous_16)
FNDA:0,(anonymous_17)
FNDA:0,(anonymous_18)
FNDA:0,(anonymous_19)
FNDA:0,(anonymous_20)
FNDA:0,(anonymous_21)
FNDA:0,(anonymous_22)
FNDA:0,(anonymous_23)
FNDA:0,(anonymous_24)
FNDA:0,(anonymous_25)
DA:11,0
DA:24,0
DA:27,0
DA:28,0
DA:29,0
DA:30,0
DA:31,0
DA:34,0
DA:35,0
DA:36,0
DA:37,0
DA:38,0
DA:41,0
DA:42,0
DA:43,0
DA:44,0
DA:45,0
DA:46,0
DA:49,0
DA:50,0
DA:51,0
DA:52,0
DA:53,0
DA:55,0
DA:56,0
DA:57,0
DA:60,0
DA:66,0
DA:67,0
DA:68,0
DA:70,0
DA:71,0
DA:72,0
DA:74,0
DA:79,0
DA:85,0
DA:87,0
DA:90,0
DA:91,0
DA:92,0
DA:93,0
DA:94,0
DA:95,0
DA:96,0
DA:98,0
DA:103,0
DA:109,0
DA:112,0
DA:113,0
DA:114,0
DA:115,0
DA:117,0
DA:120,0
DA:123,0
DA:124,0
DA:125,0
DA:126,0
DA:127,0
DA:129,0
DA:132,0
DA:133,0
DA:143,0
DA:144,0
DA:145,0
DA:146,0
DA:156,0
DA:157,0
DA:158,0
DA:160,0
DA:161,0
DA:162,0
DA:163,0
DA:164,0
DA:165,0
DA:167,0
DA:173,0
DA:176,0
DA:179,0
DA:187,0
LF:79
LH:0
BRDA:27,0,0,0
BRDA:27,0,1,0
BRDA:29,1,0,0
BRDA:29,1,1,0
BRDA:29,2,0,0
BRDA:29,2,1,0
BRDA:34,3,0,0
BRDA:34,3,1,0
BRDA:36,4,0,0
BRDA:36,4,1,0
BRDA:36,5,0,0
BRDA:36,5,1,0
BRDA:41,6,0,0
BRDA:41,6,1,0
BRDA:43,7,0,0
BRDA:43,7,1,0
BRDA:43,8,0,0
BRDA:43,8,1,0
BRDA:49,9,0,0
BRDA:49,9,1,0
BRDA:51,10,0,0
BRDA:51,10,1,0
BRDA:51,11,0,0
BRDA:51,11,1,0
BRDA:71,12,0,0
BRDA:71,12,1,0
BRDA:72,13,0,0
BRDA:72,13,1,0
BRDA:74,14,0,0
BRDA:74,14,1,0
BRDA:90,15,0,0
BRDA:90,15,1,0
BRDA:92,16,0,0
BRDA:92,16,1,0
BRDA:92,17,0,0
BRDA:92,17,1,0
BRDA:95,18,0,0
BRDA:95,18,1,0
BRDA:96,19,0,0
BRDA:96,19,1,0
BRDA:98,20,0,0
BRDA:98,20,1,0
BRDA:112,21,0,0
BRDA:112,21,1,0
BRDA:114,22,0,0
BRDA:114,22,1,0
BRDA:114,23,0,0
BRDA:114,23,1,0
BRDA:123,24,0,0
BRDA:123,24,1,0
BRDA:125,25,0,0
BRDA:125,25,1,0
BRDA:125,26,0,0
BRDA:125,26,1,0
BRDA:144,27,0,0
BRDA:144,27,1,0
BRDA:173,28,0,0
BRDA:173,28,1,0
BRDA:176,29,0,0
BRDA:176,29,1,0
BRDA:179,30,0,0
BRDA:179,30,1,0
BRF:62
BRH:0
end_of_record
TN:
SF:/Users/admin/tc/tolu/app/src/pages/explorer/tools/dynamfit/DynamFit.vue
FNF:0
FNH:0
DA:29,0
DA:31,0
DA:32,0
DA:40,0
LF:4
LH:0
BRF:0
BRH:0
end_of_record
TN:
SF:/Users/admin/tc/tolu/app/src/pages/explorer/xml/Xml.vue
FNF:0
FNH:0
DA:208,1
DA:210,1
DA:211,1
DA:212,1
DA:213,1
DA:214,1
DA:215,1
DA:416,1
LF:8
LH:8
BRF:0
BRH:0
end_of_record
TN:
SF:/Users/admin/tc/tolu/app/src/pages/explorer/xml/XmlLoader.vue
FNF:0
FNH:0
DA:152,0
DA:154,0
DA:155,0
DA:156,0
DA:157,0
DA:158,0
DA:159,0
DA:160,0
DA:161,0
DA:162,0
DA:163,0
DA:271,0
LF:12
LH:0
BRF:0
BRH:0
end_of_record
TN:
SF:/Users/admin/tc/tolu/app/src/pages/explorer/xml/YamlLoader.vue
FNF:0
FNH:0
DA:110,0
DA:112,0
DA:113,0
DA:114,0
DA:115,0
DA:116,0
DA:117,0
DA:118,0
DA:119,0
DA:120,0
DA:209,0
LF:11
LH:0
BRF:0
BRH:0
end_of_record
TN:
SF:/Users/admin/tc/tolu/app/src/pages/metamine/Base.vue
FNF:0
FNH:0
DA:122,103
DA:124,103
DA:125,103
DA:147,103
LF:4
LH:4
BRF:0
BRH:0
end_of_record
TN:
SF:/Users/admin/tc/tolu/app/src/pages/metamine/Home.vue
FNF:0
FNH:0
DA:166,1
DA:168,1
DA:214,1
LF:3
LH:3
BRF:0
BRH:0
end_of_record
TN:
SF:/Users/admin/tc/tolu/app/src/pages/metamine/PixelUnit/PixelUnit.js
FN:5,(anonymous_0)
FN:59,(anonymous_1)
FN:65,(anonymous_2)
FN:71,(anonymous_3)
FN:72,(anonymous_4)
FN:88,(anonymous_5)
FN:93,(anonymous_6)
FN:96,(anonymous_7)
FN:104,(anonymous_8)
FN:111,(anonymous_9)
FN:118,(anonymous_10)
FN:123,(anonymous_11)
FN:128,(anonymous_12)
FN:132,(anonymous_13)
FN:135,(anonymous_14)
FN:138,(anonymous_15)
FN:142,(anonymous_16)
FN:147,(anonymous_17)
FNF:18
FNH:0
FNDA:0,(anonymous_0)
FNDA:0,(anonymous_1)
FNDA:0,(anonymous_2)
FNDA:0,(anonymous_3)
FNDA:0,(anonymous_4)
FNDA:0,(anonymous_5)
FNDA:0,(anonymous_6)
FNDA:0,(anonymous_7)
FNDA:0,(anonymous_8)
FNDA:0,(anonymous_9)
FNDA:0,(anonymous_10)
FNDA:0,(anonymous_11)
FNDA:0,(anonymous_12)
FNDA:0,(anonymous_13)
FNDA:0,(anonymous_14)
FNDA:0,(anonymous_15)
FNDA:0,(anonymous_16)
FNDA:0,(anonymous_17)
DA:5,0
DA:60,0
DA:61,0
DA:62,0
DA:63,0
DA:65,0
DA:66,0
DA:67,0
DA:68,0
DA:70,0
DA:71,0
DA:73,0
DA:85,0
DA:86,0
DA:89,0
DA:94,0
DA:97,0
DA:98,0
DA:99,0
DA:100,0
DA:101,0
DA:102,0
DA:105,0
DA:106,0
DA:107,0
DA:109,0
DA:112,0
DA:113,0
DA:114,0
DA:115,0
DA:116,0
DA:119,0
DA:120,0
DA:121,0
DA:122,0
DA:123,0
DA:124,0
DA:125,0
DA:129,0
DA:130,0
DA:133,0
DA:136,0
DA:139,0
DA:140,0
DA:143,0
DA:144,0
DA:148,0
LF:47
LH:0
BRDA:106,0,0,0
BRDA:106,0,1,0
BRDA:106,1,0,0
BRDA:106,1,1,0
BRDA:106,1,2,0
BRF:5
BRH:0
end_of_record
TN:
SF:/Users/admin/tc/tolu/app/src/pages/metamine/PixelUnit/PixelUnit.vue
FNF:0
FNH:0
DA:1,1
DA:153,1
LF:2
LH:2
BRF:0
BRH:0
end_of_record
TN:
SF:/Users/admin/tc/tolu/app/src/pages/metamine/visualization/MetamaterialPlot.vue
FNF:0
FNH:0
DA:1,1
DA:2,1
DA:3,1
DA:4,1
DA:5,1
DA:102,1
LF:6
LH:6
BRF:0
BRH:0
end_of_record
TN:
SF:/Users/admin/tc/tolu/app/src/pages/metamine/visualization/metamaterial-plot.js
FN:12,(anonymous_0)
FN:39,(anonymous_1)
FN:40,(anonymous_2)
FN:42,(anonymous_3)
FN:43,(anonymous_4)
FN:47,(anonymous_5)
FN:51,(anonymous_6)
FN:57,(anonymous_7)
FN:60,(anonymous_8)
FN:70,(anonymous_9)
FN:73,(anonymous_10)
FN:78,(anonymous_11)
FN:81,(anonymous_12)
FN:88,(anonymous_13)
FN:94,(anonymous_14)
FNF:15
FNH:0
FNDA:0,(anonymous_0)
FNDA:0,(anonymous_1)
FNDA:0,(anonymous_2)
FNDA:0,(anonymous_3)
FNDA:0,(anonymous_4)
FNDA:0,(anonymous_5)
FNDA:0,(anonymous_6)
FNDA:0,(anonymous_7)
FNDA:0,(anonymous_8)
FNDA:0,(anonymous_9)
FNDA:0,(anonymous_10)
FNDA:0,(anonymous_11)
FNDA:0,(anonymous_12)
FNDA:0,(anonymous_13)
FNDA:0,(anonymous_14)
DA:12,0
DA:40,0
DA:43,0
DA:48,0
DA:52,0
DA:53,0
DA:54,0
DA:58,0
DA:59,0
DA:60,0
DA:62,0
DA:64,0
DA:71,0
DA:72,0
DA:73,0
DA:79,0
DA:82,0
DA:89,0
DA:95,0
DA:96,0
DA:97,0
LF:21
LH:0
BRDA:95,0,0,0
BRDA:95,0,1,0
BRF:2
BRH:0
end_of_record
TN:
SF:/Users/admin/tc/tolu/app/src/pages/metamine/visualizationNU/HistogramPlot.vue
FNF:0
FNH:0
DA:35,1
DA:37,1
DA:38,1
DA:39,1
DA:40,1
DA:41,1
DA:42,1
DA:43,1
DA:82,1
LF:9
LH:9
BRF:0
BRH:0
end_of_record
TN:
SF:/Users/admin/tc/tolu/app/src/pages/metamine/visualizationNU/PairwisePlot.vue
FNF:0
FNH:0
DA:43,1
DA:45,1
DA:46,1
DA:47,1
DA:48,1
DA:49,1
DA:50,1
DA:51,1
DA:52,1
DA:53,1
DA:54,1
DA:99,1
LF:12
LH:12
BRF:0
BRH:0
end_of_record
TN:
SF:/Users/admin/tc/tolu/app/src/pages/metamine/visualizationNU/ScatterPlot.vue
FNF:0
FNH:0
DA:68,1
DA:70,1
DA:71,1
DA:72,1
DA:73,1
DA:74,1
DA:75,1
DA:76,1
DA:77,1
DA:78,1
DA:79,1
DA:80,1
DA:81,1
DA:82,1
DA:152,1
LF:15
LH:15
BRF:0
BRH:0
end_of_record
TN:
SF:/Users/admin/tc/tolu/app/src/pages/metamine/visualizationNU/UmapPlot.vue
FNF:0
FNH:0
DA:70,1
DA:72,1
DA:73,1
DA:74,1
DA:75,1
DA:76,1
DA:77,1
DA:78,1
DA:79,1
DA:80,1
DA:81,1
DA:82,1
DA:83,1
DA:161,1
LF:14
LH:14
BRF:0
BRH:0
end_of_record
TN:
SF:/Users/admin/tc/tolu/app/src/pages/nanomine/Base.vue
FNF:0
FNH:0
DA:16,103
DA:18,103
DA:19,103
DA:20,103
DA:21,103
DA:41,103
LF:6
LH:6
BRF:0
BRH:0
end_of_record
TN:
SF:/Users/admin/tc/tolu/app/src/pages/nanomine/Home/Home.vue
FNF:0
FNH:0
DA:164,100
DA:166,100
DA:216,100
LF:3
LH:3
BRF:0
BRH:0
end_of_record
TN:
SF:/Users/admin/tc/tolu/app/src/pages/nanomine/conferences/CSSI2023.vue
FNF:0
FNH:0
DA:47,1
DA:49,1
DA:164,1
LF:3
LH:3
BRF:0
BRH:0
end_of_record
TN:
SF:/Users/admin/tc/tolu/app/src/pages/nanomine/conferences/DOEPoster2024.vue
FNF:0
FNH:0
DA:51,0
DA:61,0
LF:2
LH:0
BRF:0
BRH:0
end_of_record
TN:
SF:/Users/admin/tc/tolu/app/src/pages/nanomine/conferences/MRS2022.vue
FNF:0
FNH:0
DA:32,1
DA:39,1
LF:2
LH:2
BRF:0
BRH:0
end_of_record
TN:
SF:/Users/admin/tc/tolu/app/src/pages/nanomine/contactus/ContactUs.vue
FNF:0
FNH:0
DA:1,1
DA:2,1
DA:207,1
LF:3
LH:3
BRF:0
BRH:0
end_of_record
TN:
SF:/Users/admin/tc/tolu/app/src/pages/nanomine/contactus/contactus.js
FN:9,(anonymous_0)
FN:28,(anonymous_1)
FN:35,(anonymous_2)
FN:59,(anonymous_3)
FN:65,(anonymous_4)
FN:73,(anonymous_5)
FN:99,(anonymous_6)
FN:104,(anonymous_7)
FN:121,(anonymous_8)
FN:125,(anonymous_9)
FN:131,(anonymous_10)
FN:134,(anonymous_11)
FN:162,(anonymous_12)
FN:168,(anonymous_13)
FN:182,(anonymous_14)
FN:185,(anonymous_15)
FN:195,(anonymous_16)
FN:201,(anonymous_17)
FNF:18
FNH:0
FNDA:0,(anonymous_0)
FNDA:0,(anonymous_1)
FNDA:0,(anonymous_2)
FNDA:0,(anonymous_3)
FNDA:0,(anonymous_4)
FNDA:0,(anonymous_5)
FNDA:0,(anonymous_6)
FNDA:0,(anonymous_7)
FNDA:0,(anonymous_8)
FNDA:0,(anonymous_9)
FNDA:0,(anonymous_10)
FNDA:0,(anonymous_11)
FNDA:0,(anonymous_12)
FNDA:0,(anonymous_13)
FNDA:0,(anonymous_14)
FNDA:0,(anonymous_15)
FNDA:0,(anonymous_16)
FNDA:0,(anonymous_17)
DA:10,0
DA:29,0
DA:30,0
DA:31,0
DA:36,0
DA:37,0
DA:39,0
DA:41,0
DA:43,0
DA:44,0
DA:45,0
DA:49,0
DA:50,0
DA:51,0
DA:54,0
DA:57,0
DA:59,0
DA:62,0
DA:66,0
DA:67,0
DA:74,0
DA:75,0
DA:76,0
DA:78,0
DA:79,0
DA:80,0
DA:81,0
DA:84,0
DA:85,0
DA:88,0
DA:89,0
DA:91,0
DA:92,0
DA:95,0
DA:96,0
DA:101,0
DA:102,0
DA:105,0
DA:106,0
DA:117,0
DA:118,0
DA:119,0
DA:122,0
DA:123,0
DA:126,0
DA:127,0
DA:128,0
DA:129,0
DA:132,0
DA:135,0
DA:136,0
DA:137,0
DA:139,0
DA:140,0
DA:147,0
DA:148,0
DA:149,0
DA:151,0
DA:156,0
DA:158,0
DA:162,0
DA:169,0
DA:170,0
DA:172,0
DA:176,0
DA:177,0
DA:178,0
DA:180,0
DA:182,0
DA:186,0
DA:196,0
DA:197,0
DA:202,0
LF:73
LH:0
BRDA:31,0,0,0
BRDA:31,0,1,0
BRDA:41,1,0,0
BRDA:41,1,1,0
BRDA:44,2,0,0
BRDA:44,2,1,0
BRDA:49,3,0,0
BRDA:49,3,1,0
BRDA:58,4,0,0
BRDA:58,4,1,0
BRDA:66,5,0,0
BRDA:66,5,1,0
BRDA:69,6,0,0
BRDA:69,6,1,0
BRDA:75,7,0,0
BRDA:75,7,1,0
BRDA:78,8,0,0
BRDA:78,8,1,0
BRDA:80,9,0,0
BRDA:80,9,1,0
BRDA:84,10,0,0
BRDA:84,10,1,0
BRDA:88,11,0,0
BRDA:88,11,1,0
BRDA:88,12,0,0
BRDA:88,12,1,0
BRDA:91,13,0,0
BRDA:91,13,1,0
BRDA:95,14,0,0
BRDA:95,14,1,0
BRDA:105,15,0,0
BRDA:105,15,1,0
BRDA:118,16,0,0
BRDA:118,16,1,0
BRDA:136,17,0,0
BRDA:136,17,1,0
BRDA:148,18,0,0
BRDA:148,18,1,0
BRDA:161,19,0,0
BRDA:161,19,1,0
BRDA:170,20,0,0
BRDA:170,20,1,0
BRDA:176,21,0,0
BRDA:176,21,1,0
BRDA:176,22,0,0
BRDA:176,22,1,0
BRDA:196,23,0,0
BRDA:196,23,1,0
BRDA:196,24,0,0
BRDA:196,24,1,0
BRDA:196,24,2,0
BRF:51
BRH:0
end_of_record
TN:
SF:/Users/admin/tc/tolu/app/src/pages/nanomine/csvPlotter/CsvPlotter.vue
FNF:0
FNH:0
DA:1,0
DA:3,0
DA:4,0
DA:145,0
LF:4
LH:0
BRF:0
BRH:0
end_of_record
TN:
SF:/Users/admin/tc/tolu/app/src/pages/nanomine/csvPlotter/csvPlotter.js
FN:7,(anonymous_0)
FN:37,(anonymous_1)
FN:52,(anonymous_2)
FN:60,(anonymous_3)
FN:65,(anonymous_4)
FN:68,(anonymous_5)
FN:77,(anonymous_6)
FN:83,(anonymous_7)
FN:92,(anonymous_8)
FN:125,(anonymous_9)
FN:142,(anonymous_10)
FNF:11
FNH:0
FNDA:0,(anonymous_0)
FNDA:0,(anonymous_1)
FNDA:0,(anonymous_2)
FNDA:0,(anonymous_3)
FNDA:0,(anonymous_4)
FNDA:0,(anonymous_5)
FNDA:0,(anonymous_6)
FNDA:0,(anonymous_7)
FNDA:0,(anonymous_8)
FNDA:0,(anonymous_9)
FNDA:0,(anonymous_10)
DA:16,0
DA:38,0
DA:39,0
DA:40,0
DA:41,0
DA:42,0
DA:43,0
DA:48,0
DA:49,0
DA:50,0
DA:53,0
DA:54,0
DA:55,0
DA:56,0
DA:57,0
DA:59,0
DA:60,0
DA:61,0
DA:62,0
DA:66,0
DA:69,0
DA:70,0
DA:78,0
DA:84,0
DA:85,0
DA:86,0
DA:87,0
DA:94,0
DA:95,0
DA:96,0
DA:97,0
DA:98,0
DA:99,0
DA:100,0
DA:101,0
DA:102,0
DA:107,0
DA:108,0
DA:109,0
DA:126,0
DA:127,0
DA:128,0
DA:129,0
DA:130,0
DA:131,0
DA:133,0
DA:134,0
DA:143,0
LF:48
LH:0
BRDA:126,0,0,0
BRDA:126,0,1,0
BRF:2
BRH:0
end_of_record
TN:
SF:/Users/admin/tc/tolu/app/src/pages/nanomine/howTo/HowTo.vue
FNF:0
FNH:0
DA:54,1
LF:1
LH:1
BRF:0
BRH:0
end_of_record
TN:
SF:/Users/admin/tc/tolu/app/src/pages/nanomine/howTo/howto.js
FN:3,(anonymous_0)
FN:7,(anonymous_1)
FN:10,(anonymous_2)
FN:16,(anonymous_3)
FN:25,(anonymous_4)
FN:39,(anonymous_5)
FN:42,(anonymous_6)
FN:51,(anonymous_7)
FNF:8
FNH:0
FNDA:0,(anonymous_0)
FNDA:0,(anonymous_1)
FNDA:0,(anonymous_2)
FNDA:0,(anonymous_3)
FNDA:0,(anonymous_4)
FNDA:0,(anonymous_5)
FNDA:0,(anonymous_6)
FNDA:0,(anonymous_7)
DA:3,0
DA:8,0
DA:11,0
DA:12,0
DA:13,0
DA:14,0
DA:16,0
DA:17,0
DA:19,0
DA:20,0
DA:21,0
DA:26,0
DA:27,0
DA:28,0
DA:30,0
DA:31,0
DA:32,0
DA:33,0
DA:34,0
DA:35,0
DA:36,0
DA:40,0
DA:41,0
DA:42,0
DA:43,0
DA:44,0
DA:45,0
DA:46,0
DA:47,0
DA:49,0
DA:52,0
LF:31
LH:0
BRDA:13,0,0,0
BRDA:13,0,1,0
BRDA:17,1,0,0
BRDA:17,1,1,0
BRDA:26,2,0,0
BRDA:26,2,1,0
BRF:6
BRH:0
end_of_record
TN:
SF:/Users/admin/tc/tolu/app/src/pages/nanomine/researchnews/News.vue
FNF:0
FNH:0
DA:11,2
LF:1
LH:1
BRF:0
BRH:0
end_of_record
TN:
SF:/Users/admin/tc/tolu/app/src/pages/nanomine/researchnews/news.js
FN:4,(anonymous_0)
FN:8,(anonymous_1)
FNF:2
FNH:0
FNDA:0,(anonymous_0)
FNDA:0,(anonymous_1)
DA:5,0
DA:9,0
LF:2
LH:0
BRF:0
BRH:0
end_of_record
TN:
SF:/Users/admin/tc/tolu/app/src/pages/nanomine/teams/Teams.vue
FNF:0
FNH:0
DA:6,1
LF:1
LH:1
BRF:0
BRH:0
end_of_record
TN:
SF:/Users/admin/tc/tolu/app/src/pages/nanomine/teams/teams.js
FN:3,(anonymous_0)
FNF:1
FNH:0
FNDA:0,(anonymous_0)
DA:4,0
LF:1
LH:0
BRF:0
BRH:0
end_of_record
TN:
SF:/Users/admin/tc/tolu/app/src/pages/nanomine/toolSets/BinarizationTools.vue
FNF:0
FNH:0
DA:27,0
DA:29,0
DA:30,0
DA:31,0
DA:46,0
LF:5
LH:0
BRF:0
BRH:0
end_of_record
TN:
SF:/Users/admin/tc/tolu/app/src/pages/nanomine/toolSets/CharacterizationTools.vue
FNF:0
FNH:0
DA:32,0
DA:34,0
DA:35,0
DA:36,0
DA:37,0
DA:54,0
LF:6
LH:0
BRF:0
BRH:0
end_of_record
TN:
SF:/Users/admin/tc/tolu/app/src/pages/nanomine/toolSets/MCRTools.vue
FNF:0
FNH:0
DA:39,0
DA:41,0
DA:42,0
DA:43,0
DA:44,0
DA:45,0
DA:63,0
LF:7
LH:0
BRF:0
BRH:0
end_of_record
TN:
SF:/Users/admin/tc/tolu/app/src/pages/nanomine/toolSets/ModuleTools.vue
FNF:0
FNH:0
DA:26,0
DA:28,0
DA:29,0
DA:30,0
DA:46,0
LF:5
LH:0
BRF:0
BRH:0
end_of_record
TN:
SF:/Users/admin/tc/tolu/app/src/pages/nanomine/toolSets/ReconstructionTools.vue
FNF:0
FNH:0
DA:33,0
DA:35,0
DA:36,0
DA:37,0
DA:38,0
DA:39,0
DA:56,0
LF:7
LH:0
BRF:0
BRH:0
end_of_record
TN:
SF:/Users/admin/tc/tolu/app/src/pages/nanomine/toolSets/SimulationTools.vue
FNF:0
FNH:0
DA:25,0
DA:27,0
DA:28,0
DA:42,0
LF:4
LH:0
BRF:0
BRH:0
end_of_record
TN:
SF:/Users/admin/tc/tolu/app/src/pages/nanomine/toolSets/ToolSetTemplate.vue
FNF:0
FNH:0
DA:23,1
DA:25,1
DA:57,1
LF:3
LH:3
BRF:0
BRH:0
end_of_record
TN:
SF:/Users/admin/tc/tolu/app/src/pages/nanomine/tools/CorrelationCharacterize.vue
FNF:0
FNH:0
DA:48,0
DA:50,0
DA:85,0
LF:3
LH:0
BRF:0
BRH:0
end_of_record
TN:
SF:/Users/admin/tc/tolu/app/src/pages/nanomine/tools/CorrelationReconstruct.vue
FNF:0
FNH:0
DA:61,0
DA:63,0
DA:103,0
LF:3
LH:0
BRF:0
BRH:0
end_of_record
TN:
SF:/Users/admin/tc/tolu/app/src/pages/nanomine/tools/DescriptorCharacterize.vue
FNF:0
FNH:0
DA:56,0
DA:58,0
DA:86,0
LF:3
LH:0
BRF:0
BRH:0
end_of_record
TN:
SF:/Users/admin/tc/tolu/app/src/pages/nanomine/tools/DescriptorReconstruct.vue
FNF:0
FNH:0
DA:63,0
DA:65,0
DA:93,0
LF:3
LH:0
BRF:0
BRH:0
end_of_record
TN:
SF:/Users/admin/tc/tolu/app/src/pages/nanomine/tools/IntelligentCharacterize.vue
FNF:0
FNH:0
DA:74,0
DA:76,0
DA:77,0
DA:105,0
LF:4
LH:0
BRF:0
BRH:0
end_of_record
TN:
SF:/Users/admin/tc/tolu/app/src/pages/nanomine/tools/NiblackBinarization.vue
FNF:0
FNH:0
DA:58,0
DA:60,0
DA:103,0
LF:3
LH:0
BRF:0
BRH:0
end_of_record
TN:
SF:/Users/admin/tc/tolu/app/src/pages/nanomine/tools/OtsuBinarization.vue
FNF:0
FNH:0
DA:48,0
DA:50,0
DA:78,0
LF:3
LH:0
BRF:0
BRH:0
end_of_record
TN:
SF:/Users/admin/tc/tolu/app/src/pages/nanomine/tools/Polymerizer.vue
FNF:0
FNH:0
DA:27,0
DA:29,0
DA:42,0
LF:3
LH:0
BRF:0
BRH:0
end_of_record
TN:
SF:/Users/admin/tc/tolu/app/src/pages/nanomine/tools/SDFCharacterize.vue
FNF:0
FNH:0
DA:55,0
DA:57,0
DA:86,0
LF:3
LH:0
BRF:0
BRH:0
end_of_record
TN:
SF:/Users/admin/tc/tolu/app/src/pages/nanomine/tools/SDFReconstruct.vue
FNF:0
FNH:0
DA:59,0
DA:61,0
DA:97,0
LF:3
LH:0
BRF:0
BRH:0
end_of_record
TN:
SF:/Users/admin/tc/tolu/app/src/pages/nanomine/tools/TransferLearning.vue
FNF:0
FNH:0
DA:25,0
DA:27,0
DA:47,0
LF:3
LH:0
BRF:0
BRH:0
end_of_record
TN:
SF:/Users/admin/tc/tolu/app/src/pages/nanomine/tools/MCRToolTemplate/MCRToolTemplate.js
FN:42,(anonymous_0)
FN:46,(anonymous_1)
FN:51,(anonymous_2)
FN:56,(anonymous_3)
FN:65,(anonymous_4)
FN:71,(anonymous_5)
FN:93,(anonymous_6)
FN:102,(anonymous_7)
FN:112,(anonymous_8)
FN:123,(anonymous_9)
FN:133,(anonymous_10)
FN:148,(anonymous_11)
FN:155,(anonymous_12)
FN:160,getBase64
FN:161,(anonymous_14)
FN:162,(anonymous_15)
FN:190,(anonymous_16)
FN:201,(anonymous_17)
FN:209,(anonymous_18)
FN:213,(anonymous_19)
FN:217,(anonymous_20)
FN:221,(anonymous_21)
FN:225,(anonymous_22)
FN:264,(anonymous_23)
FN:272,(anonymous_24)
FN:283,(anonymous_25)
FN:294,(anonymous_26)
FN:304,(anonymous_27)
FNF:28
FNH:0
FNDA:0,(anonymous_0)
FNDA:0,(anonymous_1)
FNDA:0,(anonymous_2)
FNDA:0,(anonymous_3)
FNDA:0,(anonymous_4)
FNDA:0,(anonymous_5)
FNDA:0,(anonymous_6)
FNDA:0,(anonymous_7)
FNDA:0,(anonymous_8)
FNDA:0,(anonymous_9)
FNDA:0,(anonymous_10)
FNDA:0,(anonymous_11)
FNDA:0,(anonymous_12)
FNDA:0,getBase64
FNDA:0,(anonymous_14)
FNDA:0,(anonymous_15)
FNDA:0,(anonymous_16)
FNDA:0,(anonymous_17)
FNDA:0,(anonymous_18)
FNDA:0,(anonymous_19)
FNDA:0,(anonymous_20)
FNDA:0,(anonymous_21)
FNDA:0,(anonymous_22)
FNDA:0,(anonymous_23)
FNDA:0,(anonymous_24)
FNDA:0,(anonymous_25)
FNDA:0,(anonymous_26)
FNDA:0,(anonymous_27)
DA:42,0
DA:47,0
DA:48,0
DA:49,0
DA:50,0
DA:52,0
DA:53,0
DA:54,0
DA:57,0
DA:62,0
DA:66,0
DA:67,0
DA:72,0
DA:94,0
DA:95,0
DA:103,0
DA:104,0
DA:113,0
DA:114,0
DA:124,0
DA:125,0
DA:131,0
DA:135,0
DA:136,0
DA:139,0
DA:142,0
DA:149,0
DA:156,0
DA:157,0
DA:158,0
DA:161,0
DA:162,0
DA:163,0
DA:164,0
DA:165,0
DA:166,0
DA:172,0
DA:173,0
DA:174,0
DA:175,0
DA:176,0
DA:178,0
DA:180,0
DA:188,0
DA:191,0
DA:192,0
DA:193,0
DA:194,0
DA:195,0
DA:196,0
DA:197,0
DA:198,0
DA:202,0
DA:203,0
DA:205,0
DA:210,0
DA:214,0
DA:218,0
DA:222,0
DA:226,0
DA:228,0
DA:229,0
DA:234,0
DA:235,0
DA:238,0
DA:239,0
DA:241,0
DA:245,0
DA:246,0
DA:247,0
DA:248,0
DA:249,0
DA:253,0
DA:256,0
DA:257,0
DA:259,0
DA:261,0
DA:263,0
DA:265,0
DA:266,0
DA:267,0
DA:268,0
DA:269,0
DA:270,0
DA:273,0
DA:278,0
DA:284,0
DA:285,0
DA:286,0
DA:287,0
DA:289,0
DA:291,0
DA:295,0
DA:296,0
DA:297,0
DA:298,0
DA:300,0
DA:305,0
LF:98
LH:0
BRDA:66,0,0,0
BRDA:66,0,1,0
BRDA:66,1,0,0
BRDA:66,1,1,0
BRDA:94,2,0,0
BRDA:94,2,1,0
BRDA:113,3,0,0
BRDA:113,3,1,0
BRDA:113,4,0,0
BRDA:113,4,1,0
BRDA:124,5,0,0
BRDA:124,5,1,0
BRDA:135,6,0,0
BRDA:135,6,1,0
BRDA:202,7,0,0
BRDA:202,7,1,0
BRDA:228,8,0,0
BRDA:228,8,1,0
BRDA:246,9,0,0
BRDA:246,9,1,0
BRDA:248,10,0,0
BRDA:248,10,1,0
BRDA:256,11,0,0
BRDA:256,11,1,0
BRDA:286,12,0,0
BRDA:286,12,1,0
BRDA:295,13,0,0
BRDA:295,13,1,0
BRDA:297,14,0,0
BRDA:297,14,1,0
BRDA:297,15,0,0
BRDA:297,15,1,0
BRF:32
BRH:0
end_of_record
TN:
SF:/Users/admin/tc/tolu/app/src/pages/nanomine/tools/MCRToolTemplate/MCRToolTemplate.vue
FNF:0
FNH:0
DA:1,1
DA:2,1
DA:3,1
DA:4,1
DA:5,1
DA:6,1
DA:8,1
DA:9,1
DA:10,1
DA:308,1
LF:10
LH:10
BRF:0
BRH:0
end_of_record
TN:
SF:/Users/admin/tc/tolu/app/src/pages/nanomine/tools/chemProps/ChemProps.vue
FNF:0
FNH:0
DA:1,1
DA:2,1
DA:3,1
DA:197,1
LF:4
LH:4
BRF:0
BRH:0
end_of_record
TN:
SF:/Users/admin/tc/tolu/app/src/pages/nanomine/tools/chemProps/chemProps.js
FN:11,(anonymous_0)
FN:42,(anonymous_1)
FN:48,(anonymous_2)
FN:62,(anonymous_3)
FN:70,(anonymous_4)
FN:79,(anonymous_5)
FN:89,(anonymous_6)
FN:93,(anonymous_7)
FN:96,(anonymous_8)
FN:101,(anonymous_9)
FN:108,(anonymous_10)
FN:183,(anonymous_11)
FN:186,(anonymous_12)
FN:189,(anonymous_13)
FNF:14
FNH:0
FNDA:0,(anonymous_0)
FNDA:0,(anonymous_1)
FNDA:0,(anonymous_2)
FNDA:0,(anonymous_3)
FNDA:0,(anonymous_4)
FNDA:0,(anonymous_5)
FNDA:0,(anonymous_6)
FNDA:0,(anonymous_7)
FNDA:0,(anonymous_8)
FNDA:0,(anonymous_9)
FNDA:0,(anonymous_10)
FNDA:0,(anonymous_11)
FNDA:0,(anonymous_12)
FNDA:0,(anonymous_13)
DA:12,0
DA:43,0
DA:44,0
DA:49,0
DA:50,0
DA:63,0
DA:71,0
DA:72,0
DA:77,0
DA:80,0
DA:81,0
DA:82,0
DA:87,0
DA:89,0
DA:94,0
DA:95,0
DA:96,0
DA:97,0
DA:102,0
DA:103,0
DA:104,0
DA:105,0
DA:109,0
DA:110,0
DA:113,0
DA:116,0
DA:119,0
DA:120,0
DA:123,0
DA:124,0
DA:127,0
DA:130,0
DA:131,0
DA:132,0
DA:140,0
DA:149,0
DA:150,0
DA:151,0
DA:152,0
DA:155,0
DA:156,0
DA:157,0
DA:158,0
DA:161,0
DA:162,0
DA:166,0
DA:169,0
DA:170,0
DA:171,0
DA:176,0
DA:179,0
DA:180,0
DA:184,0
DA:187,0
DA:190,0
DA:194,0
LF:56
LH:0
BRDA:43,0,0,0
BRDA:43,0,1,0
BRDA:49,1,0,0
BRDA:49,1,1,0
BRDA:63,2,0,0
BRDA:63,2,1,0
BRDA:71,3,0,0
BRDA:71,3,1,0
BRDA:95,4,0,0
BRDA:95,4,1,0
BRDA:104,5,0,0
BRDA:104,5,1,0
BRDA:110,6,0,0
BRDA:110,6,1,0
BRDA:113,7,0,0
BRDA:113,7,1,0
BRDA:116,8,0,0
BRDA:116,8,1,0
BRDA:119,9,0,0
BRDA:119,9,1,0
BRDA:123,10,0,0
BRDA:123,10,1,0
BRDA:123,11,0,0
BRDA:123,11,1,0
BRDA:124,12,0,0
BRDA:124,12,1,0
BRDA:150,13,0,0
BRDA:150,13,1,0
BRDA:150,14,0,0
BRDA:150,14,1,0
BRDA:151,15,0,0
BRDA:151,15,1,0
BRDA:157,16,0,0
BRDA:157,16,1,0
BRDA:161,17,0,0
BRDA:161,17,1,0
BRDA:170,18,0,0
BRDA:170,18,1,0
BRDA:187,19,0,0
BRDA:187,19,1,0
BRF:40
BRH:0
end_of_record
TN:
SF:/Users/admin/tc/tolu/app/src/pages/nanomine/tools/dynamfitResult/DynamfitResult.vue
FNF:0
FNH:0
DA:1,1
DA:2,1
DA:83,1
LF:3
LH:3
BRF:0
BRH:0
end_of_record
TN:
SF:/Users/admin/tc/tolu/app/src/pages/nanomine/tools/dynamfitResult/dynamfitResult.js
FN:9,(anonymous_0)
FN:23,(anonymous_1)
FN:27,(anonymous_2)
FN:30,(anonymous_3)
FN:33,(anonymous_4)
FN:36,(anonymous_5)
FN:39,(anonymous_6)
FN:42,(anonymous_7)
FN:45,(anonymous_8)
FN:48,(anonymous_9)
FN:77,(anonymous_10)
FNF:11
FNH:0
FNDA:0,(anonymous_0)
FNDA:0,(anonymous_1)
FNDA:0,(anonymous_2)
FNDA:0,(anonymous_3)
FNDA:0,(anonymous_4)
FNDA:0,(anonymous_5)
FNDA:0,(anonymous_6)
FNDA:0,(anonymous_7)
FNDA:0,(anonymous_8)
FNDA:0,(anonymous_9)
FNDA:0,(anonymous_10)
DA:10,0
DA:24,0
DA:34,0
DA:37,0
DA:40,0
DA:43,0
DA:46,0
DA:49,0
DA:50,0
DA:52,0
DA:53,0
DA:55,0
DA:56,0
DA:57,0
DA:58,0
DA:61,0
DA:62,0
DA:64,0
DA:65,0
DA:66,0
DA:67,0
DA:69,0
DA:70,0
DA:71,0
DA:72,0
DA:73,0
DA:74,0
DA:78,0
LF:28
LH:0
BRF:0
BRH:0
end_of_record
TN:
SF:/Users/admin/tc/tolu/app/src/pages/nanomine/tools/dynamfitTool/Dynamfit.vue
FNF:0
FNH:0
DA:1,1
DA:2,1
DA:3,1
DA:4,1
DA:191,1
LF:5
LH:5
BRF:0
BRH:0
end_of_record
TN:
SF:/Users/admin/tc/tolu/app/src/pages/nanomine/tools/dynamfitTool/dynamfit.js
FN:18,(anonymous_0)
FN:32,(anonymous_1)
FN:33,(anonymous_2)
FN:40,(anonymous_3)
FN:50,(anonymous_4)
FN:53,(anonymous_5)
FN:56,(anonymous_6)
FN:59,(anonymous_7)
FN:65,(anonymous_8)
FN:75,(anonymous_9)
FN:85,(anonymous_10)
FN:131,(anonymous_11)
FN:140,(anonymous_12)
FN:150,(anonymous_13)
FN:158,(anonymous_14)
FN:168,(anonymous_15)
FN:178,(anonymous_16)
FNF:17
FNH:0
FNDA:0,(anonymous_0)
FNDA:0,(anonymous_1)
FNDA:0,(anonymous_2)
FNDA:0,(anonymous_3)
FNDA:0,(anonymous_4)
FNDA:0,(anonymous_5)
FNDA:0,(anonymous_6)
FNDA:0,(anonymous_7)
FNDA:0,(anonymous_8)
FNDA:0,(anonymous_9)
FNDA:0,(anonymous_10)
FNDA:0,(anonymous_11)
FNDA:0,(anonymous_12)
FNDA:0,(anonymous_13)
FNDA:0,(anonymous_14)
FNDA:0,(anonymous_15)
FNDA:0,(anonymous_16)
DA:19,0
DA:32,0
DA:33,0
DA:42,0
DA:43,0
DA:51,0
DA:54,0
DA:57,0
DA:60,0
DA:61,0
DA:62,0
DA:63,0
DA:66,0
DA:67,0
DA:68,0
DA:69,0
DA:70,0
DA:71,0
DA:72,0
DA:73,0
DA:74,0
DA:75,0
DA:76,0
DA:77,0
DA:78,0
DA:79,0
DA:82,0
DA:86,0
DA:87,0
DA:88,0
DA:90,0
DA:92,0
DA:94,0
DA:95,0
DA:99,0
DA:101,0
DA:102,0
DA:106,0
DA:108,0
DA:109,0
DA:113,0
DA:115,0
DA:116,0
DA:117,0
DA:119,0
DA:120,0
DA:121,0
DA:122,0
DA:129,0
DA:130,0
DA:132,0
DA:133,0
DA:134,0
DA:141,0
DA:146,0
DA:151,0
DA:152,0
DA:153,0
DA:155,0
DA:159,0
DA:164,0
DA:169,0
DA:170,0
DA:171,0
DA:173,0
DA:174,0
DA:179,0
DA:180,0
LF:68
LH:0
BRDA:42,0,0,0
BRDA:42,0,1,0
BRDA:42,1,0,0
BRDA:42,1,1,0
BRDA:70,2,0,0
BRDA:70,2,1,0
BRDA:86,3,0,0
BRDA:86,3,1,0
BRDA:87,4,0,0
BRDA:87,4,1,0
BRDA:94,5,0,0
BRDA:94,5,1,0
BRDA:101,6,0,0
BRDA:101,6,1,0
BRDA:108,7,0,0
BRDA:108,7,1,0
BRDA:115,8,0,0
BRDA:115,8,1,0
BRDA:152,9,0,0
BRDA:152,9,1,0
BRDA:169,10,0,0
BRDA:169,10,1,0
BRDA:179,11,0,0
BRDA:179,11,1,0
BRF:24
BRH:0
end_of_record
TN:
SF:/Users/admin/tc/tolu/app/src/pages/nanomine/xmlUploader/XmlUploader.vue
FNF:0
FNH:0
DA:1,0
DA:2,0
DA:3,0
DA:4,0
DA:5,0
DA:6,0
DA:161,0
LF:7
LH:0
BRF:0
BRH:0
end_of_record
TN:
SF:/Users/admin/tc/tolu/app/src/pages/nanomine/xmlUploader/xmlUploader.js
FN:15,(anonymous_0)
FN:33,(anonymous_1)
FN:34,(anonymous_2)
FN:42,(anonymous_3)
FN:49,(anonymous_4)
FN:52,(anonymous_5)
FN:55,(anonymous_6)
FN:58,(anonymous_7)
FN:61,(anonymous_8)
FN:64,(anonymous_9)
FN:67,(anonymous_10)
FN:73,(anonymous_11)
FN:77,(anonymous_12)
FN:87,(anonymous_13)
FN:97,(anonymous_14)
FN:110,(anonymous_15)
FN:118,(anonymous_16)
FN:121,(anonymous_17)
FN:133,(anonymous_18)
FN:136,(anonymous_19)
FN:141,(anonymous_20)
FN:149,(anonymous_21)
FN:158,(anonymous_22)
FNF:23
FNH:0
FNDA:0,(anonymous_0)
FNDA:0,(anonymous_1)
FNDA:0,(anonymous_2)
FNDA:0,(anonymous_3)
FNDA:0,(anonymous_4)
FNDA:0,(anonymous_5)
FNDA:0,(anonymous_6)
FNDA:0,(anonymous_7)
FNDA:0,(anonymous_8)
FNDA:0,(anonymous_9)
FNDA:0,(anonymous_10)
FNDA:0,(anonymous_11)
FNDA:0,(anonymous_12)
FNDA:0,(anonymous_13)
FNDA:0,(anonymous_14)
FNDA:0,(anonymous_15)
FNDA:0,(anonymous_16)
FNDA:0,(anonymous_17)
FNDA:0,(anonymous_18)
FNDA:0,(anonymous_19)
FNDA:0,(anonymous_20)
FNDA:0,(anonymous_21)
FNDA:0,(anonymous_22)
DA:15,0
DA:33,0
DA:34,0
DA:44,0
DA:45,0
DA:50,0
DA:53,0
DA:56,0
DA:59,0
DA:62,0
DA:65,0
DA:68,0
DA:69,0
DA:70,0
DA:71,0
DA:74,0
DA:75,0
DA:78,0
DA:79,0
DA:80,0
DA:81,0
DA:82,0
DA:83,0
DA:84,0
DA:85,0
DA:86,0
DA:87,0
DA:88,0
DA:89,0
DA:90,0
DA:91,0
DA:94,0
DA:98,0
DA:99,0
DA:100,0
DA:101,0
DA:102,0
DA:103,0
DA:104,0
DA:105,0
DA:106,0
DA:108,0
DA:109,0
DA:110,0
DA:111,0
DA:112,0
DA:113,0
DA:119,0
DA:122,0
DA:123,0
DA:125,0
DA:126,0
DA:128,0
DA:129,0
DA:130,0
DA:131,0
DA:132,0
DA:133,0
DA:134,0
DA:136,0
DA:137,0
DA:138,0
DA:139,0
DA:142,0
DA:143,0
DA:150,0
DA:155,0
DA:159,0
LF:68
LH:0
BRDA:44,0,0,0
BRDA:44,0,1,0
BRDA:82,1,0,0
BRDA:82,1,1,0
BRDA:103,2,0,0
BRDA:103,2,1,0
BRDA:105,3,0,0
BRDA:105,3,1,0
BRDA:122,4,0,0
BRDA:122,4,1,0
BRDA:153,5,0,0
BRDA:153,5,1,0
BRF:12
BRH:0
end_of_record
TN:
SF:/Users/admin/tc/tolu/app/src/pages/ns/Base.vue
FNF:0
FNH:0
DA:29,1
DA:31,1
DA:32,1
DA:33,1
DA:34,1
DA:35,1
DA:111,1
LF:7
LH:7
BRF:0
BRH:0
end_of_record
TN:
SF:/Users/admin/tc/tolu/app/src/pages/ns/Classes.vue
FNF:0
FNH:0
DA:81,1
DA:83,1
DA:84,1
DA:119,1
LF:4
LH:4
BRF:0
BRH:0
end_of_record
TN:
SF:/Users/admin/tc/tolu/app/src/pages/ns/Home.vue
FNF:0
FNH:0
DA:35,1
DA:37,1
DA:38,1
DA:39,1
DA:75,1
LF:5
LH:5
BRF:0
BRH:0
end_of_record
TN:
SF:/Users/admin/tc/tolu/app/src/pages/ns/Properties.vue
FNF:0
FNH:0
DA:10,0
DA:19,0
LF:2
LH:0
BRF:0
BRH:0
end_of_record
TN:
SF:/Users/admin/tc/tolu/app/src/pages/ns/Submissions.vue
FNF:0
FNH:0
DA:27,0
DA:29,0
DA:65,0
LF:3
LH:0
BRF:0
BRH:0
end_of_record
TN:
SF:/Users/admin/tc/tolu/app/src/pages/ns/Visualize.vue
FNF:0
FNH:0
DA:96,1
DA:98,1
DA:99,1
DA:100,1
DA:101,1
DA:103,1
DA:366,1
LF:7
LH:7
BRF:0
BRH:0
end_of_record
TN:
SF:/Users/admin/tc/tolu/app/src/pages/ns/cytoscape.js
FNF:0
FNH:0
DA:1,1
DA:49,1
DA:62,1
LF:3
LH:3
BRF:0
BRH:0
end_of_record
TN:
SF:/Users/admin/tc/tolu/app/src/pages/portal/Base.vue
FNF:0
FNH:0
DA:66,103
DA:68,103
DA:69,103
DA:70,103
DA:71,103
DA:72,103
DA:73,103
DA:100,103
LF:8
LH:8
BRF:0
BRH:0
end_of_record
TN:
SF:/Users/admin/tc/tolu/app/src/pages/portal/Deploy.vue
FNF:0
FNH:0
DA:36,1
DA:38,1
DA:39,1
DA:40,1
DA:153,1
LF:5
LH:5
BRF:0
BRH:0
end_of_record
TN:
SF:/Users/admin/tc/tolu/app/src/pages/portal/Home.vue
FNF:0
FNH:0
DA:4,0
DA:6,0
DA:12,0
LF:3
LH:0
BRF:0
BRH:0
end_of_record
TN:
SF:/Users/admin/tc/tolu/app/src/pages/portal/ManageUsers.vue
FNF:0
FNH:0
DA:118,1
DA:120,1
DA:121,1
DA:122,1
DA:123,1
DA:124,1
DA:125,1
DA:308,1
LF:8
LH:8
BRF:0
BRH:0
end_of_record
TN:
SF:/Users/admin/tc/tolu/app/src/pages/portal/chart/FavoriteChart.vue
FNF:0
FNH:0
DA:3,0
DA:5,0
DA:6,0
DA:17,0
LF:4
LH:0
BRF:0
BRH:0
end_of_record
TN:
SF:/Users/admin/tc/tolu/app/src/pages/portal/chart/ManageChart.vue
FNF:0
FNH:0
DA:19,1
DA:21,1
DA:36,1
LF:3
LH:3
BRF:0
BRH:0
end_of_record
TN:
SF:/Users/admin/tc/tolu/app/src/pages/portal/curation/ManageCuration.vue
FNF:0
FNH:0
DA:104,1
DA:106,1
DA:107,1
DA:108,1
DA:109,1
DA:235,1
LF:6
LH:6
BRF:0
BRH:0
end_of_record
TN:
SF:/Users/admin/tc/tolu/app/src/pages/portal/curation/ViewCuration.vue
FNF:0
FNH:0
DA:76,1
DA:78,1
DA:79,1
DA:140,1
LF:4
LH:4
BRF:0
BRH:0
end_of_record
TN:
SF:/Users/admin/tc/tolu/app/src/pages/portal/curation/ViewSchema.vue
FNF:0
FNH:0
DA:86,1
DA:88,1
DA:105,1
LF:3
LH:3
BRF:0
BRH:0
end_of_record
TN:
SF:/Users/admin/tc/tolu/app/src/pages/portal/curation/xsd/Base.vue
FNF:0
FNH:0
DA:11,103
DA:13,103
DA:14,103
DA:31,103
LF:4
LH:4
BRF:0
BRH:0
end_of_record
TN:
SF:/Users/admin/tc/tolu/app/src/pages/portal/curation/xsd/XsdViewer.vue
FNF:0
FNH:0
DA:52,1
DA:54,1
DA:55,1
DA:56,1
DA:57,1
DA:58,1
DA:59,1
DA:95,1
LF:8
LH:8
BRF:0
BRH:0
end_of_record
TN:
SF:/Users/admin/tc/tolu/app/src/pages/portal/deploy/GeneralDeployment.vue
FNF:0
FNH:0
DA:122,0
DA:124,0
DA:125,0
DA:126,0
DA:141,0
LF:5
LH:0
BRF:0
BRH:0
end_of_record
TN:
SF:/Users/admin/tc/tolu/app/src/pages/portal/deploy/OntologyDeployment.vue
FNF:0
FNH:0
DA:88,0
DA:90,0
DA:91,0
DA:92,0
DA:107,0
LF:5
LH:0
BRF:0
BRH:0
end_of_record
TN:
SF:/Users/admin/tc/tolu/app/src/pages/portal/enquiries/ContactInquiry.vue
FNF:0
FNH:0
DA:49,1
DA:51,1
DA:52,1
DA:53,1
DA:54,1
DA:55,1
DA:56,1
DA:57,1
DA:111,1
LF:9
LH:9
BRF:0
BRH:0
end_of_record
TN:
SF:/Users/admin/tc/tolu/app/src/pages/portal/enquiries/ResolveInquiry.vue
FNF:0
FNH:0
DA:31,1
DA:33,1
DA:34,1
DA:35,1
DA:36,1
DA:37,1
DA:85,1
LF:7
LH:7
BRF:0
BRH:0
end_of_record
TN:
SF:/Users/admin/tc/tolu/app/src/pages/portal/user/Home.vue
FNF:0
FNH:0
DA:6,0
DA:8,0
DA:14,0
LF:3
LH:0
BRF:0
BRH:0
end_of_record
TN:
SF:/Users/admin/tc/tolu/app/src/pages/portal/user/curation/ApprovedCuration.vue
FNF:0
FNH:0
DA:76,0
DA:78,0
DA:89,0
LF:3
LH:0
BRF:0
BRH:0
end_of_record
TN:
SF:/Users/admin/tc/tolu/app/src/pages/portal/user/curation/UnapprovedCuration.vue
FNF:0
FNH:0
DA:73,0
DA:75,0
DA:86,0
LF:3
LH:0
BRF:0
BRH:0
end_of_record
TN:
SF:/Users/admin/tc/tolu/app/src/store/index.js
FNF:0
FNH:0
DA:13,103
LF:1
LH:1
BRF:0
BRH:0
end_of_record
TN:
SF:/Users/admin/tc/tolu/app/src/store/modules/auth/actions.js
FN:5,(anonymous_0)
FN:12,(anonymous_1)
FN:19,(anonymous_2)
FN:48,(anonymous_3)
FN:80,(anonymous_4)
FN:100,(anonymous_5)
FN:120,(anonymous_6)
FN:136,(anonymous_7)
FN:163,(anonymous_8)
FN:168,(anonymous_9)
FNF:10
FNH:0
FNDA:0,(anonymous_0)
FNDA:0,(anonymous_1)
FNDA:0,(anonymous_2)
FNDA:0,(anonymous_3)
FNDA:0,(anonymous_4)
FNDA:0,(anonymous_5)
FNDA:0,(anonymous_6)
FNDA:0,(anonymous_7)
FNDA:0,(anonymous_8)
FNDA:0,(anonymous_9)
DA:6,0
DA:13,0
DA:20,0
DA:21,0
DA:23,0
DA:24,0
DA:27,0
DA:36,0
DA:38,0
DA:39,0
DA:42,0
DA:45,0
DA:49,0
DA:51,0
DA:53,0
DA:62,0
DA:63,0
DA:64,0
DA:65,0
DA:66,0
DA:67,0
DA:68,0
DA:69,0
DA:71,0
DA:72,0
DA:73,0
DA:74,0
DA:75,0
DA:76,0
DA:77,0
DA:78,0
DA:80,0
DA:81,0
DA:85,0
DA:101,0
DA:102,0
DA:103,0
DA:104,0
DA:105,0
DA:106,0
DA:107,0
DA:111,0
DA:113,0
DA:115,0
DA:116,0
DA:117,0
DA:120,0
DA:121,0
DA:124,0
DA:125,0
DA:137,0
DA:138,0
DA:139,0
DA:140,0
DA:141,0
DA:142,0
DA:143,0
DA:145,0
DA:147,0
DA:156,0
DA:157,0
DA:158,0
DA:159,0
DA:164,0
DA:165,0
DA:169,0
LF:66
LH:0
BRDA:23,0,0,0
BRDA:23,0,1,0
BRDA:38,1,0,0
BRDA:38,1,1,0
BRDA:40,2,0,0
BRDA:40,2,1,0
BRDA:49,3,0,0
BRDA:49,3,1,0
BRDA:62,4,0,0
BRDA:62,4,1,0
BRDA:63,5,0,0
BRDA:63,5,1,0
BRDA:64,6,0,0
BRDA:64,6,1,0
BRDA:65,7,0,0
BRDA:65,7,1,0
BRDA:66,8,0,0
BRDA:66,8,1,0
BRDA:67,9,0,0
[...]
FNF:8
FNH:0
FNDA:0,(anonymous_0)
FNDA:0,(anonymous_1)
FNDA:0,(anonymous_2)
FNDA:0,(anonymous_3)
FNDA:0,(anonymous_4)
FNDA:0,(anonymous_5)
FNDA:0,(anonymous_6)
FNDA:0,(anonymous_7)
DA:3,0
DA:6,0
DA:9,0
DA:12,0
DA:15,0
DA:18,0
DA:21,0
DA:24,0
LF:8
LH:0
BRF:0
BRH:0
end_of_record
TN:
SF:/Users/admin/tc/tolu/app/src/store/modules/explorer/results/actions.js
FN:2,(anonymous_0)
FN:16,(anonymous_1)
FN:71,(anonymous_2)
FN:77,(anonymous_3)
FN:82,(anonymous_4)
FN:113,(anonymous_5)
FN:119,(anonymous_6)
FN:131,(anonymous_7)
FN:156,(anonymous_8)
FN:162,(anonymous_9)
FN:174,(anonymous_10)
FN:177,(anonymous_11)
FN:179,(anonymous_12)
FN:192,(anonymous_13)
FN:209,(anonymous_14)
FN:211,(anonymous_15)
FNF:16
FNH:0
FNDA:0,(anonymous_0)
FNDA:0,(anonymous_1)
FNDA:0,(anonymous_2)
FNDA:0,(anonymous_3)
FNDA:0,(anonymous_4)
FNDA:0,(anonymous_5)
FNDA:0,(anonymous_6)
FNDA:0,(anonymous_7)
FNDA:0,(anonymous_8)
FNDA:0,(anonymous_9)
FNDA:0,(anonymous_10)
FNDA:0,(anonymous_11)
FNDA:0,(anonymous_12)
FNDA:0,(anonymous_13)
FNDA:0,(anonymous_14)
FNDA:0,(anonymous_15)
DA:3,0
DA:4,0
DA:8,0
DA:9,0
DA:11,0
DA:12,0
DA:13,0
DA:17,0
DA:18,0
DA:43,0
DA:50,0
DA:51,0
DA:52,0
DA:53,0
DA:54,0
DA:57,0
DA:59,0
DA:60,0
DA:61,0
DA:62,0
DA:63,0
DA:67,0
DA:69,0
DA:71,0
DA:73,0
DA:78,0
DA:79,0
DA:80,0
DA:82,0
DA:83,0
DA:88,0
DA:89,0
DA:92,0
DA:95,0
DA:96,0
DA:98,0
DA:99,0
DA:100,0
DA:102,0
DA:103,0
DA:104,0
DA:106,0
DA:111,0
DA:113,0
DA:115,0
DA:120,0
DA:122,0
DA:123,0
DA:125,0
DA:128,0
DA:129,0
DA:131,0
DA:132,0
DA:137,0
DA:138,0
DA:139,0
DA:140,0
DA:143,0
DA:144,0
DA:147,0
DA:148,0
DA:149,0
DA:151,0
DA:154,0
DA:156,0
DA:158,0
DA:163,0
DA:168,0
DA:169,0
DA:171,0
DA:175,0
DA:176,0
DA:177,0
DA:179,0
DA:182,0
DA:183,0
DA:185,0
DA:188,0
DA:189,0
DA:190,0
DA:191,0
DA:192,0
DA:195,0
DA:196,0
DA:197,0
DA:198,0
DA:199,0
DA:200,0
DA:210,0
DA:211,0
DA:212,0
DA:214,0
LF:92
LH:0
BRDA:8,0,0,0
BRDA:8,0,1,0
BRDA:52,1,0,0
BRDA:52,1,1,0
BRDA:52,2,0,0
BRDA:52,2,1,0
BRDA:53,3,0,0
BRDA:53,3,1,0
BRDA:61,4,0,0
BRDA:61,4,1,0
BRDA:62,5,0,0
BRDA:62,5,1,0
BRDA:65,6,0,0
BRDA:65,6,1,0
BRDA:88,7,0,0
BRDA:88,7,1,0
BRDA:88,8,0,0
BRDA:88,8,1,0
BRDA:89,9,0,0
BRDA:89,9,1,0
BRDA:96,10,0,0
BRDA:96,10,1,0
BRDA:102,11,0,0
BRDA:102,11,1,0
BRDA:103,12,0,0
BRDA:103,12,1,0
BRDA:122,13,0,0
BRDA:122,13,1,0
BRDA:137,14,0,0
BRDA:137,14,1,0
BRDA:137,15,0,0
BRDA:137,15,1,0
BRDA:139,16,0,0
BRDA:139,16,1,0
BRDA:143,17,0,0
BRDA:143,17,1,0
BRDA:148,18,0,0
BRDA:148,18,1,0
BRDA:168,19,0,0
BRDA:168,19,1,0
BRDA:175,20,0,0
BRDA:175,20,1,0
BRDA:179,21,0,0
BRDA:179,21,1,0
BRDA:182,22,0,0
BRDA:182,22,1,0
BRDA:188,23,0,0
BRDA:188,23,1,0
BRDA:189,24,0,0
BRDA:189,24,1,0
BRDA:190,25,0,0
BRDA:190,25,1,0
BRDA:195,26,0,0
BRDA:195,26,1,0
BRDA:196,27,0,0
BRDA:196,27,1,0
BRDA:197,28,0,0
BRDA:197,28,1,0
BRDA:198,29,0,0
BRDA:198,29,1,0
BRDA:210,30,0,0
BRDA:210,30,1,0
BRDA:214,31,0,0
BRDA:214,31,1,0
BRF:64
BRH:0
end_of_record
TN:
SF:/Users/admin/tc/tolu/app/src/store/modules/explorer/results/getters.js
FN:3,(anonymous_0)
FN:6,(anonymous_1)
FN:9,(anonymous_2)
FN:12,(anonymous_3)
FN:15,(anonymous_4)
FN:18,(anonymous_5)
FN:21,(anonymous_6)
FN:24,(anonymous_7)
FN:27,(anonymous_8)
FNF:9
FNH:8
FNDA:2,(anonymous_0)
FNDA:2,(anonymous_1)
FNDA:2,(anonymous_2)
FNDA:2,(anonymous_3)
FNDA:2,(anonymous_4)
FNDA:0,(anonymous_5)
FNDA:1,(anonymous_6)
FNDA:3,(anonymous_7)
FNDA:1,(anonymous_8)
DA:4,2
DA:7,2
DA:10,2
DA:13,2
DA:16,2
DA:19,0
DA:22,1
DA:25,3
DA:28,1
LF:9
LH:8
BRF:0
BRH:0
end_of_record
TN:
SF:/Users/admin/tc/tolu/app/src/store/modules/explorer/results/index.js
FN:7,(anonymous_0)
FNF:1
FNH:1
FNDA:103,(anonymous_0)
DA:8,103
LF:1
LH:1
BRF:0
BRH:0
end_of_record
TN:
SF:/Users/admin/tc/tolu/app/src/store/modules/explorer/results/mutations.js
FN:3,(anonymous_0)
FN:6,(anonymous_1)
FN:9,(anonymous_2)
FN:12,(anonymous_3)
FN:15,(anonymous_4)
FN:18,(anonymous_5)
FN:21,(anonymous_6)
FN:24,(anonymous_7)
FN:27,(anonymous_8)
FNF:9
FNH:6
FNDA:1,(anonymous_0)
FNDA:1,(anonymous_1)
FNDA:1,(anonymous_2)
FNDA:1,(anonymous_3)
FNDA:1,(anonymous_4)
FNDA:0,(anonymous_5)
FNDA:0,(anonymous_6)
FNDA:6,(anonymous_7)
FNDA:0,(anonymous_8)
DA:4,1
DA:7,1
DA:10,1
DA:13,1
DA:16,1
DA:19,0
DA:22,0
DA:25,6
DA:28,0
LF:9
LH:6
BRF:0
BRH:0
end_of_record
TN:
SF:/Users/admin/tc/tolu/app/src/store/modules/explorer/sddDatasets/actions.js
FN:2,(anonymous_0)
FN:33,(anonymous_1)
FN:35,(anonymous_2)
FN:57,(anonymous_3)
FN:61,(anonymous_4)
FNF:5
FNH:0
FNDA:0,(anonymous_0)
FNDA:0,(anonymous_1)
FNDA:0,(anonymous_2)
FNDA:0,(anonymous_3)
FNDA:0,(anonymous_4)
DA:3,0
DA:4,0
DA:5,0
DA:10,0
DA:11,0
DA:14,0
DA:15,0
DA:18,0
DA:21,0
DA:22,0
DA:25,0
DA:26,0
DA:27,0
DA:29,0
DA:30,0
DA:33,0
DA:36,0
DA:37,0
DA:38,0
DA:39,0
DA:43,0
DA:44,0
DA:47,0
DA:49,0
DA:50,0
DA:53,0
DA:54,0
DA:55,0
DA:56,0
DA:57,0
DA:59,0
DA:61,0
DA:63,0
LF:33
LH:0
BRDA:2,0,0,0
BRDA:2,1,0,0
BRDA:3,2,0,0
BRDA:3,2,1,0
BRDA:4,3,0,0
BRDA:4,3,1,0
BRDA:4,4,0,0
BRDA:4,4,1,0
BRDA:4,4,2,0
BRDA:14,5,0,0
BRDA:14,5,1,0
BRDA:14,6,0,0
BRDA:14,6,1,0
BRDA:16,7,0,0
BRDA:16,7,1,0
BRDA:21,8,0,0
BRDA:21,8,1,0
BRDA:29,9,0,0
BRDA:29,9,1,0
BRDA:35,10,0,0
BRDA:36,11,0,0
BRDA:36,11,1,0
BRDA:43,12,0,0
BRDA:43,12,1,0
BRDA:43,13,0,0
BRDA:43,13,1,0
BRDA:45,14,0,0
BRDA:45,14,1,0
BRDA:49,15,0,0
BRDA:49,15,1,0
BRDA:54,16,0,0
BRDA:54,16,1,0
BRF:32
BRH:0
end_of_record
TN:
SF:/Users/admin/tc/tolu/app/src/store/modules/explorer/sddDatasets/getters.js
FN:2,(anonymous_0)
FN:5,(anonymous_1)
FN:8,(anonymous_2)
FN:11,(anonymous_3)
FN:14,(anonymous_4)
FN:17,(anonymous_5)
FNF:6
FNH:5
FNDA:2,(anonymous_0)
FNDA:1,(anonymous_1)
FNDA:1,(anonymous_2)
FNDA:1,(anonymous_3)
FNDA:1,(anonymous_4)
FNDA:0,(anonymous_5)
DA:3,2
DA:6,1
DA:9,1
DA:12,1
DA:15,1
DA:18,0
LF:6
LH:5
BRDA:6,0,0,1
BRDA:6,0,1,0
BRF:2
BRH:1
end_of_record
TN:
SF:/Users/admin/tc/tolu/app/src/store/modules/explorer/sddDatasets/index.js
FN:7,(anonymous_0)
FNF:1
FNH:1
FNDA:103,(anonymous_0)
DA:8,103
LF:1
LH:1
BRF:0
BRH:0
end_of_record
TN:
SF:/Users/admin/tc/tolu/app/src/store/modules/explorer/sddDatasets/mutations.js
FN:2,(anonymous_0)
FN:5,(anonymous_1)
FN:8,(anonymous_2)
FN:11,(anonymous_3)
FNF:4
FNH:3
FNDA:1,(anonymous_0)
FNDA:1,(anonymous_1)
FNDA:1,(anonymous_2)
FNDA:0,(anonymous_3)
DA:3,1
DA:6,1
DA:9,1
DA:12,0
LF:4
LH:3
BRF:0
BRH:0
end_of_record
TN:
SF:/Users/admin/tc/tolu/app/src/store/modules/metamineNU/actions.js
FN:3,(anonymous_0)
FN:23,(anonymous_1)
FN:27,(anonymous_2)
FN:28,(anonymous_3)
FN:40,(anonymous_4)
FN:47,(anonymous_5)
FN:52,(anonymous_6)
FN:60,(anonymous_7)
FN:64,(anonymous_8)
FN:67,(anonymous_9)
FN:78,(anonymous_10)
FN:94,(anonymous_11)
FNF:12
FNH:9
FNDA:1,(anonymous_0)
FNDA:1,(anonymous_1)
FNDA:1,(anonymous_2)
FNDA:0,(anonymous_3)
FNDA:2,(anonymous_4)
FNDA:2,(anonymous_5)
FNDA:1,(anonymous_6)
FNDA:4,(anonymous_7)
FNDA:4,(anonymous_8)
FNDA:8,(anonymous_9)
FNDA:0,(anonymous_10)
FNDA:0,(anonymous_11)
DA:4,1
DA:5,1
DA:6,1
DA:7,1
DA:8,1
DA:9,1
DA:11,1
DA:13,1
DA:14,1
DA:15,1
DA:16,1
DA:18,1
DA:19,1
DA:23,1
DA:24,1
DA:27,1
DA:29,0
DA:35,0
DA:38,1
DA:40,1
DA:41,2
DA:42,2
DA:43,2
DA:47,2
DA:49,2
DA:51,1
DA:53,1
DA:54,2
DA:56,2
DA:57,2
DA:58,2
DA:59,2
DA:60,2
DA:61,4
DA:64,2
DA:65,4
DA:66,4
DA:67,8
DA:71,2
DA:72,2
DA:79,0
DA:82,1
DA:83,1
DA:84,1
DA:85,1
DA:86,1
DA:87,1
DA:88,1
DA:90,0
DA:94,0
LF:50
LH:45
BRDA:11,0,0,1
BRDA:11,0,1,0
BRDA:11,1,0,1
BRDA:11,1,1,1
BRDA:11,1,2,0
BRDA:35,2,0,0
BRDA:35,2,1,0
BRDA:38,3,0,1
BRDA:38,3,1,0
BRDA:56,4,0,2
BRDA:56,4,1,0
BRDA:67,5,0,4
BRDA:67,5,1,4
BRDA:79,6,0,0
BRDA:79,6,1,0
BRDA:93,7,0,0
BRDA:93,7,1,0
BRF:17
BRH:7
end_of_record
TN:
SF:/Users/admin/tc/tolu/app/src/store/modules/metamineNU/index.js
FN:26,(anonymous_0)
FN:27,(anonymous_1)
FN:28,(anonymous_2)
FN:29,(anonymous_3)
FN:30,(anonymous_4)
FN:31,(anonymous_5)
FN:32,(anonymous_6)
FN:33,(anonymous_7)
FNF:8
FNH:5
FNDA:1,(anonymous_0)
FNDA:1,(anonymous_1)
FNDA:0,(anonymous_2)
FNDA:0,(anonymous_3)
FNDA:2,(anonymous_4)
FNDA:1,(anonymous_5)
FNDA:5,(anonymous_6)
FNDA:0,(anonymous_7)
DA:26,1
DA:27,1
DA:28,0
DA:29,0
DA:30,2
DA:31,1
DA:32,5
DA:33,0
LF:8
LH:5
BRF:0
BRH:0
end_of_record
TN:
SF:/Users/admin/tc/tolu/app/src/store/modules/metamineNU/mutations.js
FN:2,(anonymous_0)
FN:5,(anonymous_1)
FN:8,(anonymous_2)
FN:11,(anonymous_3)
FN:14,(anonymous_4)
FN:17,(anonymous_5)
FN:20,(anonymous_6)
FN:23,(anonymous_7)
FN:26,(anonymous_8)
FN:29,(anonymous_9)
FN:32,(anonymous_10)
FN:35,(anonymous_11)
FN:38,(anonymous_12)
FN:41,(anonymous_13)
FN:44,(anonymous_14)
FN:47,(anonymous_15)
FN:50,(anonymous_16)
FNF:17
FNH:11
FNDA:3,(anonymous_0)
FNDA:5,(anonymous_1)
FNDA:1,(anonymous_2)
FNDA:4,(anonymous_3)
FNDA:4,(anonymous_4)
FNDA:0,(anonymous_5)
FNDA:3,(anonymous_6)
FNDA:6,(anonymous_7)
FNDA:6,(anonymous_8)
FNDA:0,(anonymous_9)
FNDA:0,(anonymous_10)
FNDA:1,(anonymous_11)
FNDA:0,(anonymous_12)
FNDA:0,(anonymous_13)
FNDA:1,(anonymous_14)
FNDA:7,(anonymous_15)
FNDA:0,(anonymous_16)
DA:3,3
DA:6,5
DA:9,1
DA:12,4
DA:15,4
DA:18,0
DA:21,3
DA:24,6
DA:27,6
DA:30,0
DA:33,0
DA:36,1
DA:39,0
DA:42,0
DA:45,1
DA:48,7
DA:51,0
LF:17
LH:11
BRF:0
BRH:0
end_of_record
TN:
SF:/Users/admin/tc/tolu/app/src/store/modules/misc/actions.js
FN:2,(anonymous_0)
FN:38,(anonymous_1)
FN:69,(anonymous_2)
FN:92,(anonymous_3)
FN:95,(anonymous_4)
FN:100,(anonymous_5)
FN:111,(anonymous_6)
FN:118,(anonymous_7)
FN:142,(anonymous_8)
FN:150,(anonymous_9)
FNF:10
FNH:0
FNDA:0,(anonymous_0)
FNDA:0,(anonymous_1)
FNDA:0,(anonymous_2)
FNDA:0,(anonymous_3)
FNDA:0,(anonymous_4)
FNDA:0,(anonymous_5)
FNDA:0,(anonymous_6)
FNDA:0,(anonymous_7)
FNDA:0,(anonymous_8)
FNDA:0,(anonymous_9)
DA:6,0
DA:7,0
DA:8,0
DA:9,0
DA:10,0
DA:11,0
DA:14,0
DA:15,0
DA:16,0
DA:17,0
DA:20,0
DA:28,0
DA:29,0
DA:30,0
DA:31,0
DA:32,0
DA:34,0
DA:36,0
DA:42,0
DA:44,0
DA:45,0
DA:47,0
DA:48,0
DA:50,0
DA:51,0
DA:55,0
DA:57,0
DA:58,0
DA:60,0
DA:61,0
DA:63,0
DA:66,0
DA:73,0
DA:75,0
DA:79,0
DA:80,0
DA:81,0
DA:85,0
DA:89,0
DA:90,0
DA:92,0
DA:93,0
DA:95,0
DA:96,0
DA:97,0
DA:100,0
DA:101,0
DA:102,0
DA:103,0
DA:107,0
DA:111,0
DA:112,0
DA:113,0
DA:114,0
DA:115,0
DA:116,0
DA:118,0
DA:119,0
DA:120,0
DA:126,0
DA:130,0
DA:131,0
DA:132,0
DA:136,0
DA:138,0
DA:142,0
DA:143,0
DA:144,0
DA:151,0
DA:152,0
DA:153,0
DA:154,0
DA:155,0
DA:156,0
DA:158,0
LF:75
LH:0
BRDA:4,0,0,0
BRDA:4,1,0,0
BRDA:4,2,0,0
BRDA:6,3,0,0
BRDA:6,3,1,0
BRDA:11,4,0,0
BRDA:11,4,1,0
BRDA:16,5,0,0
BRDA:16,5,1,0
BRDA:34,6,0,0
BRDA:34,6,1,0
BRDA:40,7,0,0
BRDA:40,8,0,0
BRDA:40,9,0,0
BRDA:42,10,0,0
BRDA:42,10,1,0
BRDA:42,11,0,0
BRDA:42,11,1,0
BRDA:44,12,0,0
BRDA:44,12,1,0
BRDA:55,13,0,0
BRDA:55,13,1,0
BRDA:57,14,0,0
BRDA:57,14,1,0
BRDA:58,15,0,0
BRDA:58,15,1,0
BRDA:63,16,0,0
BRDA:63,16,1,0
BRDA:71,17,0,0
BRDA:71,18,0,0
BRDA:71,19,0,0
BRDA:71,20,0,0
BRDA:73,21,0,0
BRDA:73,21,1,0
BRDA:85,22,0,0
BRDA:85,22,1,0
BRDA:85,22,2,0
BRDA:85,22,3,0
BRDA:102,23,0,0
BRDA:102,23,1,0
BRDA:120,24,0,0
BRDA:120,24,1,0
BRDA:121,25,0,0
BRDA:121,25,1,0
BRDA:121,25,2,0
BRDA:121,25,3,0
BRDA:128,26,0,0
BRDA:128,26,1,0
BRDA:130,27,0,0
BRDA:130,27,1,0
BRDA:132,28,0,0
BRDA:132,28,1,0
BRDA:133,29,0,0
BRDA:133,29,1,0
BRDA:152,30,0,0
BRDA:152,30,1,0
BRF:56
BRH:0
end_of_record
TN:
SF:/Users/admin/tc/tolu/app/src/store/modules/misc/getters.js
FN:2,(anonymous_0)
FN:5,(anonymous_1)
FN:8,(anonymous_2)
FN:11,(anonymous_3)
FN:14,(anonymous_4)
FNF:5
FNH:3
FNDA:4,(anonymous_0)
FNDA:0,(anonymous_1)
FNDA:22,(anonymous_2)
FNDA:5,(anonymous_3)
FNDA:0,(anonymous_4)
DA:3,4
DA:6,0
DA:9,22
DA:12,5
DA:15,0
LF:5
LH:3
BRF:0
BRH:0
end_of_record
TN:
SF:/Users/admin/tc/tolu/app/src/store/modules/misc/index.js
FN:7,(anonymous_0)
FNF:1
FNH:1
FNDA:103,(anonymous_0)
DA:8,103
LF:1
LH:1
BRF:0
BRH:0
end_of_record
TN:
SF:/Users/admin/tc/tolu/app/src/store/modules/misc/mutations.js
FN:2,(anonymous_0)
FN:5,(anonymous_1)
FN:8,(anonymous_2)
FN:19,(anonymous_3)
FN:27,(anonymous_4)
FN:30,(anonymous_5)
FNF:6
FNH:4
FNDA:37,(anonymous_0)
FNDA:12,(anonymous_1)
FNDA:34,(anonymous_2)
FNDA:3,(anonymous_3)
FNDA:0,(anonymous_4)
FNDA:0,(anonymous_5)
DA:3,37
DA:6,12
DA:12,34
DA:20,3
DA:28,0
DA:31,0
LF:6
LH:4
BRDA:10,0,0,5
BRDA:10,1,0,32
BRDA:10,2,0,34
BRDA:31,3,0,0
BRDA:31,3,1,0
BRF:5
BRH:3
end_of_record
TN:
SF:/Users/admin/tc/tolu/app/src/store/modules/nanomine/index.js
FNF:0
FNH:0
LF:0
LH:0
BRF:0
BRH:0
end_of_record
TN:
SF:/Users/admin/tc/tolu/app/src/store/modules/nanomine/howto/getters.js
FN:2,(anonymous_0)
FNF:1
FNH:1
FNDA:1,(anonymous_0)
DA:3,1
LF:1
LH:1
BRF:0
BRH:0
end_of_record
TN:
SF:/Users/admin/tc/tolu/app/src/store/modules/nanomine/howto/index.js
FN:4,(anonymous_0)
FNF:1
FNH:1
FNDA:103,(anonymous_0)
DA:5,103
LF:1
LH:1
BRF:0
BRH:0
end_of_record
TN:
SF:/Users/admin/tc/tolu/app/src/store/modules/nanomine/referenceContainer/getters.js
FN:2,(anonymous_0)
FN:2,(anonymous_1)
FNF:2
FNH:2
FNDA:1,(anonymous_0)
FNDA:2,(anonymous_1)
DA:2,1
DA:3,2
LF:2
LH:2
BRF:0
BRH:0
end_of_record
TN:
SF:/Users/admin/tc/tolu/app/src/store/modules/nanomine/referenceContainer/index.js
FN:4,(anonymous_0)
FNF:1
FNH:1
FNDA:103,(anonymous_0)
DA:5,103
LF:1
LH:1
BRF:0
BRH:0
end_of_record
TN:
SF:/Users/admin/tc/tolu/app/src/store/modules/ns/actions.js
FN:2,(anonymous_0)
FN:40,(anonymous_1)
FN:48,(anonymous_2)
FN:60,(anonymous_3)
FNF:4
FNH:2
FNDA:0,(anonymous_0)
FNDA:0,(anonymous_1)
FNDA:9,(anonymous_2)
FNDA:3,(anonymous_3)
DA:6,0
DA:7,0
DA:8,0
DA:9,0
DA:11,0
DA:17,0
DA:18,0
DA:20,0
DA:26,0
DA:27,0
DA:31,0
DA:32,0
DA:33,0
DA:34,0
DA:35,0
DA:36,0
DA:38,0
DA:40,0
DA:42,0
DA:44,0
DA:52,9
DA:53,9
DA:55,1
DA:56,1
DA:58,1
DA:60,1
DA:61,3
DA:62,3
DA:63,3
DA:65,3
DA:66,4
DA:67,4
DA:74,4
DA:75,0
DA:76,0
DA:79,4
DA:80,1
DA:85,4
DA:86,2
DA:87,2
DA:88,0
DA:89,2
DA:90,0
DA:96,3
DA:99,1
DA:101,1
DA:103,1
DA:104,1
LF:48
LH:24
BRDA:4,0,0,0
BRDA:4,1,0,0
BRDA:11,2,0,0
BRDA:11,2,1,0
BRDA:12,3,0,0
BRDA:12,3,1,0
BRDA:12,3,2,0
BRDA:12,3,3,0
BRDA:26,4,0,0
BRDA:26,4,1,0
BRDA:28,5,0,0
BRDA:28,5,1,0
BRDA:39,6,0,0
BRDA:39,6,1,0
BRDA:50,7,0,0
BRDA:50,8,0,0
BRDA:50,9,0,0
BRDA:53,10,0,8
BRDA:53,10,1,1
BRDA:58,11,0,0
BRDA:58,11,1,1
BRDA:60,12,0,0
BRDA:74,13,0,0
BRDA:74,13,1,4
BRDA:75,14,0,0
BRDA:75,14,1,0
BRDA:79,15,0,1
BRDA:79,15,1,3
BRDA:85,16,0,2
BRDA:85,16,1,2
BRDA:85,17,0,4
BRDA:85,17,1,4
BRDA:87,18,0,0
BRDA:87,18,1,2
BRDA:87,19,0,2
BRDA:87,19,1,0
BRDA:89,20,0,0
BRDA:89,20,1,2
BRDA:89,21,0,2
BRDA:89,21,1,2
BRDA:96,22,0,0
BRDA:96,22,1,3
BRDA:101,23,0,1
BRDA:101,23,1,0
BRDA:101,23,2,1
BRDA:101,23,3,1
BRF:46
BRH:19
end_of_record
TN:
SF:/Users/admin/tc/tolu/app/src/store/modules/ns/getters.js
FN:2,(anonymous_0)
FN:5,(anonymous_1)
FN:8,(anonymous_2)
FN:11,(anonymous_3)
FN:14,(anonymous_4)
FN:17,(anonymous_5)
FN:20,(anonymous_6)
FN:23,(anonymous_7)
FN:31,(anonymous_8)
FN:34,(anonymous_9)
FNF:10
FNH:3
FNDA:0,(anonymous_0)
FNDA:0,(anonymous_1)
FNDA:0,(anonymous_2)
FNDA:4,(anonymous_3)
FNDA:0,(anonymous_4)
FNDA:1,(anonymous_5)
FNDA:2,(anonymous_6)
FNDA:0,(anonymous_7)
FNDA:0,(anonymous_8)
FNDA:0,(anonymous_9)
DA:3,0
DA:6,0
DA:9,0
DA:12,4
DA:15,0
DA:18,1
DA:21,2
DA:24,0
DA:25,0
DA:26,0
DA:27,0
DA:29,0
DA:32,0
DA:35,0
LF:14
LH:3
BRDA:26,0,0,0
BRDA:26,0,1,0
BRF:2
BRH:0
end_of_record
TN:
SF:/Users/admin/tc/tolu/app/src/store/modules/ns/index.js
FN:7,(anonymous_0)
FNF:1
FNH:1
FNDA:103,(anonymous_0)
DA:8,103
LF:1
LH:1
BRF:0
BRH:0
end_of_record
TN:
SF:/Users/admin/tc/tolu/app/src/store/modules/ns/mutations.js
FN:2,(anonymous_0)
FN:5,(anonymous_1)
FN:8,(anonymous_2)
FN:11,(anonymous_3)
FN:14,(anonymous_4)
FN:17,(anonymous_5)
FN:20,(anonymous_6)
FN:23,(anonymous_7)
FN:26,(anonymous_8)
FN:29,(anonymous_9)
FN:36,(anonymous_10)
FN:40,(anonymous_11)
FNF:12
FNH:4
FNDA:0,(anonymous_0)
FNDA:0,(anonymous_1)
FNDA:0,(anonymous_2)
FNDA:4,(anonymous_3)
FNDA:0,(anonymous_4)
FNDA:0,(anonymous_5)
FNDA:0,(anonymous_6)
FNDA:0,(anonymous_7)
FNDA:0,(anonymous_8)
FNDA:1,(anonymous_9)
FNDA:9,(anonymous_10)
FNDA:2,(anonymous_11)
DA:3,0
DA:6,0
DA:9,0
DA:12,4
DA:15,0
DA:18,0
DA:21,0
DA:24,0
DA:27,0
DA:30,1
DA:31,1
DA:33,0
DA:37,9
DA:38,9
DA:41,2
LF:15
LH:6
BRDA:30,0,0,1
BRDA:30,0,1,0
BRF:2
BRH:1
end_of_record
TN:
SF:/Users/admin/tc/tolu/app/src/store/modules/portal/actions.js
FN:16,handleError
FN:24,(anonymous_1)
FN:38,(anonymous_2)
FN:48,(anonymous_3)
FN:79,(anonymous_4)
FN:87,(anonymous_5)
FN:108,(anonymous_6)
FN:125,(anonymous_7)
FN:158,(anonymous_8)
FN:199,(anonymous_9)
FN:206,(anonymous_10)
FN:246,(anonymous_11)
FNF:12
FNH:3
FNDA:0,handleError
FNDA:0,(anonymous_1)
FNDA:0,(anonymous_2)
FNDA:0,(anonymous_3)
FNDA:0,(anonymous_4)
FNDA:0,(anonymous_5)
FNDA:0,(anonymous_6)
FNDA:2,(anonymous_7)
FNDA:1,(anonymous_8)
FNDA:0,(anonymous_9)
FNDA:1,(anonymous_10)
FNDA:0,(anonymous_11)
DA:4,103
DA:17,0
DA:18,0
DA:20,0
DA:25,0
DA:26,0
DA:32,0
DA:33,0
DA:34,0
DA:38,0
DA:42,0
DA:44,0
DA:45,0
DA:49,0
DA:50,0
DA:53,0
DA:54,0
DA:57,0
DA:59,0
DA:60,0
DA:69,0
DA:70,0
DA:71,0
DA:74,0
DA:75,0
DA:76,0
DA:79,0
DA:82,0
DA:83,0
DA:88,0
DA:89,0
DA:90,0
DA:96,0
DA:101,0
DA:102,0
DA:104,0
DA:105,0
DA:107,0
DA:108,0
DA:110,0
DA:111,0
DA:113,0
DA:114,0
DA:115,0
DA:116,0
DA:120,0
DA:121,0
DA:126,2
DA:127,2
DA:128,2
DA:134,2
DA:135,2
DA:144,0
DA:145,0
DA:147,0
DA:159,1
DA:160,1
DA:168,1
DA:169,1
DA:176,1
DA:177,0
DA:186,0
DA:187,0
DA:188,0
DA:189,0
DA:190,0
DA:191,0
DA:192,0
DA:193,0
DA:195,1
DA:199,0
DA:207,1
DA:208,1
DA:209,1
DA:210,1
DA:219,0
DA:227,0
DA:228,0
DA:229,0
DA:230,0
DA:231,0
DA:232,0
DA:242,0
DA:246,0
LF:84
LH:16
BRDA:17,0,0,0
BRDA:17,0,1,0
BRDA:32,1,0,0
BRDA:32,1,1,0
BRDA:32,2,0,0
BRDA:32,2,1,0
BRDA:32,2,2,0
BRDA:69,3,0,0
BRDA:69,3,1,0
BRDA:69,4,0,0
BRDA:69,4,1,0
BRDA:69,4,2,0
BRDA:70,5,0,0
BRDA:70,5,1,0
BRDA:75,6,0,0
BRDA:75,6,1,0
BRDA:96,7,0,0
BRDA:96,7,1,0
BRDA:97,8,0,0
BRDA:97,8,1,0
BRDA:97,8,2,0
BRDA:101,9,0,0
BRDA:101,9,1,0
BRDA:107,10,0,0
BRDA:107,10,1,0
BRDA:107,11,0,0
BRDA:107,11,1,0
BRDA:113,12,0,0
BRDA:113,12,1,0
BRDA:115,13,0,0
BRDA:115,13,1,0
BRDA:134,14,0,2
BRDA:134,14,1,0
BRDA:134,15,0,2
BRDA:134,15,1,2
BRDA:138,16,0,2
BRDA:138,16,1,2
BRDA:150,17,0,0
BRDA:150,17,1,0
BRDA:176,18,0,0
BRDA:176,18,1,0
BRDA:209,19,0,1
BRDA:209,19,1,0
BRDA:231,20,0,0
BRDA:231,20,1,0
BRF:45
BRH:6
end_of_record
TN:
SF:/Users/admin/tc/tolu/app/src/store/modules/portal/getters.js
FN:2,(anonymous_0)
FN:5,(anonymous_1)
FN:8,(anonymous_2)
FN:11,(anonymous_3)
FN:14,(anonymous_4)
FN:17,(anonymous_5)
FN:20,(anonymous_6)
FN:23,(anonymous_7)
FN:26,(anonymous_8)
FNF:9
FNH:1
FNDA:0,(anonymous_0)
FNDA:0,(anonymous_1)
FNDA:0,(anonymous_2)
FNDA:0,(anonymous_3)
FNDA:0,(anonymous_4)
FNDA:0,(anonymous_5)
FNDA:0,(anonymous_6)
FNDA:0,(anonymous_7)
FNDA:1,(anonymous_8)
DA:3,0
DA:6,0
DA:9,0
DA:12,0
DA:15,0
DA:18,0
DA:21,0
DA:24,0
DA:27,1
LF:9
LH:1
BRF:0
BRH:0
end_of_record
TN:
SF:/Users/admin/tc/tolu/app/src/store/modules/portal/index.js
FN:7,(anonymous_0)
FNF:1
FNH:1
FNDA:103,(anonymous_0)
DA:8,103
LF:1
LH:1
BRF:0
BRH:0
end_of_record
TN:
SF:/Users/admin/tc/tolu/app/src/store/modules/portal/mutations.js
FN:2,(anonymous_0)
FN:5,(anonymous_1)
FN:8,(anonymous_2)
FN:11,(anonymous_3)
FN:14,(anonymous_4)
FN:17,(anonymous_5)
FN:20,(anonymous_6)
FN:24,(anonymous_7)
FNF:8
FNH:0
FNDA:0,(anonymous_0)
FNDA:0,(anonymous_1)
FNDA:0,(anonymous_2)
FNDA:0,(anonymous_3)
FNDA:0,(anonymous_4)
FNDA:0,(anonymous_5)
FNDA:0,(anonymous_6)
FNDA:0,(anonymous_7)
DA:3,0
DA:6,0
DA:9,0
DA:12,0
DA:15,0
DA:18,0
DA:21,0
DA:22,0
DA:25,0
LF:9
LH:0
BRF:0
BRH:0
end_of_record
TN:
SF:/Users/admin/tc/tolu/app/src/store/modules/vega/actions.js
FN:4,(anonymous_0)
FN:7,(anonymous_1)
FN:11,(anonymous_2)
FNF:3
FNH:0
FNDA:0,(anonymous_0)
FNDA:0,(anonymous_1)
FNDA:0,(anonymous_2)
DA:5,0
DA:8,0
DA:9,0
DA:12,0
DA:13,0
DA:14,0
DA:15,0
DA:16,0
DA:17,0
DA:18,0
LF:10
LH:0
BRF:0
BRH:0
end_of_record
TN:
SF:/Users/admin/tc/tolu/app/src/store/modules/vega/getters.js
FN:2,(anonymous_0)
FNF:1
FNH:0
FNDA:0,(anonymous_0)
DA:3,0
LF:1
LH:0
BRF:0
BRH:0
end_of_record
TN:
SF:/Users/admin/tc/tolu/app/src/store/modules/vega/index.js
FN:8,(anonymous_0)
FNF:1
FNH:1
FNDA:103,(anonymous_0)
DA:9,103
LF:1
LH:1
BRF:0
BRH:0
end_of_record
TN:
SF:/Users/admin/tc/tolu/app/src/store/modules/vega/mutations.js
FN:2,(anonymous_0)
FN:5,(anonymous_1)
FN:8,(anonymous_2)
FN:11,(anonymous_3)
FN:14,(anonymous_4)
FN:17,(anonymous_5)
FN:20,(anonymous_6)
FNF:7
FNH:0
FNDA:0,(anonymous_0)
FNDA:0,(anonymous_1)
FNDA:0,(anonymous_2)
FNDA:0,(anonymous_3)
FNDA:0,(anonymous_4)
FNDA:0,(anonymous_5)
FNDA:0,(anonymous_6)
DA:3,0
DA:6,0
DA:9,0
DA:12,0
DA:15,0
DA:18,0
DA:21,0
LF:7
LH:0
BRF:0
BRH:0
end_of_record
